INFO:root:Page:1,Total=437
INFO:root:MI5605 - Descricao antiga:Terreno com área de 6.000m². 
2017-12-05
INFO:root:Response: {u'status': 200, u'message': u'Ok', u'Codigo': u'MI5605'}
INFO:root:

------------------------------------------------------------------------

INFO:root:MI1224 - Descricao antiga:CASA no bairro Jardim Isabel em Porto Alegre com 03 dormitórios, sendo 01 suíte, living 02 ambientes, lareira, lavabo, cozinha integrada e sacada com churrasqueira. Sótão com banheiro, terraço com vista para o rio e churrasqueira. Pátio com piscina e garagem fechada para 02 carros. Condomínio com espaço gourmet. EXCELENTE ACABAMENTO. AGENDE SUA VISITA. 
2017-12-05
INFO:root:Response: {u'status': 200, u'message': u'Ok', u'Codigo': u'MI1224'}
INFO:root:

------------------------------------------------------------------------

INFO:root:MI5167 - Descricao antiga:ÓTIMO terreno plano para vender , medindo 10 x30 em uma excelente localização. 

Oportunidade unica.  
2017-12-05
INFO:root:Response: {u'status': 200, u'message': u'Ok', u'Codigo': u'MI5167'}
INFO:root:

------------------------------------------------------------------------

INFO:root:TR5810 - Descricao antiga:EXCEPCIONAL apartamento SEMI-MOBILIADO
de 3 Dormitórios (1 suíte com closet/hidro) dormitórios amplos, andar inteiro (213m²), linda vista panorâmica, ampla copa, cozinha, dependência de empregada, banheiro auxiliar, lavabo, estar íntimo com sacada e lareira, amplo living 3 ambientes, sacada frontal com piscina, espera para ar central, ótima orientação solar,  gás central, elevador codificado, portaria 12hs realizada pelo Zelador, garagem para dois carros lado a lado.  Ficam todos os móveis fixos. 

Vale a pena conferir!
Agende sua visita conosco! 
2017-12-05
