00017243 - Descricao antiga:                                               
 
 
 
 
 
 
 
 
 
 
 
 
 
 
 
 
 
 
 
  2017-11-23 
2017-11-23 
2017-11-23 
2017-11-23    
2017-11-23
--------------------------------------------------------------------------
00017218 - Descricao antiga:                                               
 
 
 
 
 
 
 
 
 
 
  2017-11-23 
2017-11-23 
2017-11-23    
2017-11-23
--------------------------------------------------------------------------
00004547 - Descricao antiga:dkdkajk afjdakfjad rqeprqew vwvvsdkdvl.                                                                                                 
 
 
 
 
 
 
  2017-11-23 
2017-11-23    
2017-11-23
--------------------------------------------------------------------------
00009624 - Descricao antiga:                                        
 
 
 
 
  2017-11-23 
2017-11-23  
2017-11-23
--------------------------------------------------------------------------
24607001 - Descricao antiga:dkdkajk afjdakfjad rqeprqew vwvvsdkdvl.                                                                                              
 
 
 
 2017-11-23 
2017-11-23  
2017-11-23
--------------------------------------------------------------------------
00017203 - Descricao antiga:                                       
 
 
 
 2017-11-23 
2017-11-23  
2017-11-23
--------------------------------------------------------------------------
00017200 - Descricao antiga:                                      
 
 
 
 2017-11-23 
2017-11-23  
2017-11-23
--------------------------------------------------------------------------
00017566 - Descricao antiga:                                    
 
 
 2017-11-23 
2017-11-23  
2017-11-23
--------------------------------------------------------------------------
00016882 - Descricao antiga:                                   
 
 
 2017-11-23 
2017-11-23  
2017-11-23
--------------------------------------------------------------------------
00010360 - Descricao antiga:                                  
 
 
 2017-11-23 
2017-11-23  
2017-11-23
--------------------------------------------------------------------------
00016928 - Descricao antiga:                                  
 
 
 2017-11-23 
2017-11-23  
2017-11-23
--------------------------------------------------------------------------
00017533 - Descricao antiga:                                  
 
  
2017-11-23  
2017-11-23
--------------------------------------------------------------------------
25006001 - Descricao antiga:                                 
 
  
2017-11-23  
2017-11-23
--------------------------------------------------------------------------
00017289 - Descricao antiga:                                 
 
  
2017-11-23  
2017-11-23
--------------------------------------------------------------------------
00009902 - Descricao antiga:                                
 
  
2017-11-23  
2017-11-23
--------------------------------------------------------------------------
00010472 - Descricao antiga:                                
 
  
2017-11-23  
2017-11-23
--------------------------------------------------------------------------
00017040 - Descricao antiga:                             
 
  
2017-11-23  
2017-11-23
--------------------------------------------------------------------------
71098001 - Descricao antiga:dkdkajk afjdakfjad rqeprqew vwvvsdkdvl.                                                                                    
 
  
2017-11-23  
2017-11-23
--------------------------------------------------------------------------
00010217 - Descricao antiga:                            
 
  
2017-11-23  
2017-11-23
--------------------------------------------------------------------------
00016788 - Descricao antiga:                           
 
  
2017-11-23  
2017-11-23
--------------------------------------------------------------------------
04939016 - Descricao antiga:                          
 
  
2017-11-23  
2017-11-23
--------------------------------------------------------------------------
00016961 - Descricao antiga:                          
 
   
2017-11-23
--------------------------------------------------------------------------
00010087 - Descricao antiga:                          
 
  
2017-11-23
--------------------------------------------------------------------------
04939013 - Descricao antiga:                         
 
  
2017-11-23
--------------------------------------------------------------------------
00016869 - Descricao antiga:                        
 
  
2017-11-23
--------------------------------------------------------------------------
00016868 - Descricao antiga:                       
 
  
2017-11-23
--------------------------------------------------------------------------
00016922 - Descricao antiga:                       
 
  
2017-11-23
--------------------------------------------------------------------------
00016786 - Descricao antiga:                       
 
  
2017-11-23
--------------------------------------------------------------------------
25028006 - Descricao antiga:                       
 
  
2017-11-23
--------------------------------------------------------------------------
00016560 - Descricao antiga:                     
 
  
2017-11-23
--------------------------------------------------------------------------
00009694 - Descricao antiga:                   
 
  
2017-11-23
--------------------------------------------------------------------------
94765001 - Descricao antiga:dkdkajk afjdakfjad rqeprqew vwvvsdkdvl.                                                                              
 
  
2017-11-23
--------------------------------------------------------------------------
00017278 - Descricao antiga:                  
  
2017-11-23
--------------------------------------------------------------------------
00009735 - Descricao antiga:                  
  
2017-11-23
--------------------------------------------------------------------------
00009164 - Descricao antiga:dkdkajk afjdakfjad rqeprqew vwvvsdkdvl.                                                                             
2017-11-23
--------------------------------------------------------------------------
00016758 - Descricao antiga:                  
2017-11-23
--------------------------------------------------------------------------
