MI8913 - Descricao antiga:TERRENO plano de esquina no Bairro Ipanema com área total de 360m² com dimensão de 12 x 30.
--------------------------------------------------------------------------
CS31000879 - Descricao antiga:OTIMO APTO -TODO REFORMADO INCLUSIVE ELÉTRICA E HIDRAULICA - 4 DORMITÓRIOS - 01 SUITE - GABINETE - LIVING  2 AMB  - BANH SOCIAL E AUXILIAR - COZINHA  - AREA DE SERV - C/ PISO FRIO.
Ultimo piso
Existem garagens e estacionamentos na redondeza para alugar.

--------------------------------------------------------------------------
MF16619 - Descricao antiga:CONJUNTO EM EMPREENDIMENTO COMERCIAL COM EXCELENTE LOCALIZAÇÃO.  VISTA PANORÂMICA, CENTRAL DE SERVIÇOS PAY-PER-USE. PRÉDIO FUNCIONAL ÚNICO EM PORTO ALEGRE A COMBINAR ESPAÇOS RESIDENCIAIS, COMERCIAIS E CORPORATIVOS.
      - PARA FACILITAR SUA COMPRA, AVALIAMOS SEU IMÓVEL E ESTUDAMOS JUNTO AO PROPRIETÁRIO A POSSIBILIDADE DE ENTRAR COMO PARTE DO PAGAMENTO, BEM COMO, INDICAMOS ALTERNATIVAS DE FINANCIAMENTO QUE PODEM CHEGAR ATÉ 90% DO VALOR TOTAL DO IMÓVEL A SER ADQUIRIDO, CONSULTE-NOS.
--------------------------------------------------------------------------
LP57 - Descricao antiga:Sítio próximo ao Terra Ville, 2,1 hectares, com casa de aproximadamente 170m², mato de eucalipto e pomar.
Aceita apartamento de até 50% valor ou carro. 

--------------------------------------------------------------------------
CS500713 - Descricao antiga:Apartamento de 3 dormitórios junto a UFRGS - Porto Alegre - Centro,  Living 2 ambientes, com sacada p/Leste em comum com dormitório, de frente, dependência completa, banh social.
Prédio em excelente conservação, dois elevadores, escadas amplas, caldeira a lenha e gaz, zeladoria e portaria 24 horas.
Localização: A melhor de Porto Alegre. É só entrar e morar!
--------------------------------------------------------------------------
MI8919 - Descricao antiga:ÓTIMA casa com 1 suíte, lavanderia, living, hall, garagem para 2 carros, rampa para cadeirante, canil. Agende sua visita.
--------------------------------------------------------------------------
CS31000724 - Descricao antiga: Apartamento na rua Aurelio Bitencourt. Rio Branco Porto Alegre com 5 dorm , 226 m², sendo 1 suite e quatro vagas separadas. 
Edifício com segurança, portaria 24 horas, 2 elevadores.
--------------------------------------------------------------------------
CS21003732 - Descricao antiga:CASA 3 DORMITÓRIOS, SUITE, ÁGUA QUENTE, AREA DE SERVICO, BANHEIRO SOCIAL, COZINHA, DEPENDENCIA EMPREG. C/ WC, FACHADA EM TIJOLO A VISTA, GABINETE, IMÓVEL OCUPADO, JARDIM, LAREIRA, PATIO, SALA DE JANTAR, CHURRASQUEIRA, SALAO DE FESTAS, ÁREA ÚTIL 320m2  TETO COM LAJE, PODE CONSTRUIR MAIS UM PISO.
--------------------------------------------------------------------------
GS1470 - Descricao antiga:TERRENO 150m² x 265m²
Projeto de Centro Logistico aprovado.
--------------------------------------------------------------------------
IK30779 - Descricao antiga:TERRENO DE ESQUINA, 370MQ. CONDOMÍNIO ENTRE AS PRAIAS MARINA E ARPOADOR, A 400M DO MAR. COMPLETA INFRA ESTRUTURA, PISCINAS ADULTO E INFANTIL, PISCINA TÉRMICA, SALÃO DE FESTAS COM CHURRASQUEIRA, SALA DE ESTAR COM LAREIRA, PLAYGROUND, CANCHA DE FUTEBOL, QUADRA DE TENIS, GINÁSIO COBERTO, SALA DE FITNNES, SEGURANÇA COMPLETA. ESTUDA PROPOSTAS.

--------------------------------------------------------------------------
CS500065 - Descricao antiga:CASA no CONDOMÍNIO TERRA MATER, próximo a PUC, com4 dormitórios, 4 vagas de garage,  móveis sob medida,  4 suites,    closet em 3 dorm,    living c/ 4 ambientes,    c/lareira,   churrasqueira no imóvel,   hall,    lavabo,    gabinete,    estar íntimo,    sala de jantar,   1 banheiro social,    copa/cozinha,    dorm. empregada,    despensa,    wc auxiliar,   área serviço, água quente,    ar condicionado central instalado,   4  ar parede instalado,    - 376 m2 de área privativa   - 376 m2  de área total   - Usado 
Condomínio  com Portaria 24 Horas, segurança,  Jardim,  Gradil,  piscina,  playground,  salão de festas,  salão de jogos,  quadra de esportes,  churrasqueira,  quiosque,    - Imediações: Ipiranga  - construção em: 2008 
--------------------------------------------------------------------------
CS31000719 - Descricao antiga:Apartamento próximo a Padre Cacique, e Parque Marinha do Brasil, no bairro Menino Deus,  Porto Alegre, 3 dormitórios, (1suíte), com área de 102m², living 2 ambientes, dependência completa.
Condomínio com portaria 24 horas, piscina, salão de festas, fitness.
Estacionamento para mensalistas em frente. 

--------------------------------------------------------------------------
CS31001033 - Descricao antiga:Excelente terreno próxmo do Estádio Olímpico.
--------------------------------------------------------------------------
CS31001220 - Descricao antiga:Terreno de esquina, com forma poligonal, com faces aproximadas de 70 x 74 x 14 x 39 x 40 metros, sendo a área de 3953,94 mq. Nesta área existem duas edificações importantes, sendo uma escola e uma residencia.
--------------------------------------------------------------------------
CS31000215 - Descricao antiga:Bela Casa, 4 dorms,1  suite, living 3 amb, lavabo, lareira, churr, copa coz, 4 vagas, amplo patio, lavand, localização privelegiada.
--------------------------------------------------------------------------
CS31000040 - Descricao antiga:EXCELENTE COBERTURA,  AMPLA, SUPER CLARA E AREJADA, TERRAÇO DE 80,00m² MARAVILHOSO. 
LOCALIZAÇÃO MARAVILHOSA.
--------------------------------------------------------------------------
CS31000126 - Descricao antiga:Espetacular apartamento na rua Bage. Andar inteiro com living em porcelanato para vários ambientes, lavabo sacadão aberto, churrasqueira e lareira, gabinete copa cozinha dependência completa, 3 suítes sendo a suite principal  com closet e lareira. Pronto para morar 4 vagas.
--------------------------------------------------------------------------
FE1512 - Descricao antiga:OTIMO TERRENO COM 3.825M² NO BAIRRO CAVALHADAS EM PORTO ALEGRE, ESCELENTE PARA CONSTRUTORA. BEM LOCALIZADO.
--------------------------------------------------------------------------
CS21003617 - Descricao antiga:ótima casa de 4 dormitótios, hall de entrada, living amplo com lareira, sala de jantar com terraço, cozinha e banheiros com armários,sendo 3 banheiros, lavanderia, lindo e espaçoso jardim com frutíferas, churrasqueira, depósito, 1 vaga coberta e mais um amplo estacionamento até 6 carros!
ônibus e lotação Menino Deus quase em frente!
Aceita dação até 80%!
--------------------------------------------------------------------------
CS31000759 - Descricao antiga:excelente terreno proximo à Igreja da Glória, ao lada de escola tem uma das limitações com arroio, a uma quadra da perimetral
--------------------------------------------------------------------------
MF16646 - Descricao antiga:TERRENO COM 2.798,82M²  
   
   SENDO:
   1.894,90m (constando em matrícula ) e
   903,92       (constando em contrato particular
    com cláusula de cessão de direito)
      - PARA FACILITAR SUA COMPRA, AVALIAMOS SEU IMÓVEL E ESTUDAMOS JUNTO AO PROPRIETÁRIO A POSSIBILIDADE DE ENTRAR COMO PARTE DO PAGAMENTO, BEM COMO, INDICAMOS ALTERNATIVAS DE FINANCIAMENTO QUE PODEM CHEGAR ATÉ 90% DO VALOR TOTAL DO IMÓVEL A SER ADQUIRIDO, CONSULTE-NOS.
--------------------------------------------------------------------------
CS31000517 - Descricao antiga:excelente casa de 5 dormitórios, 2 suites, vários outros ambientes, em localização privilegiada para residência, clinica, escola ou comercio, construção sólida, muita madeira, tem possibilidade de colocar elevado, 2 vagas na garagemr
--------------------------------------------------------------------------
CM3257 - Descricao antiga:OTIMO APARTAMENTO DE 01 DORMITÓRIO,  BANHEIRO COM BOX, COZINHA MONTADA, PIA COM ARMARIO, AREA DE SERVICO FECHADA,UMA VAGA DE GARAGEM,PORTEIRO ELETRONICO.
ED. PROXIMO A PROTASIO ALVES E CRISTIANO FISCHER. ENTRE EM CONTATO COM UM DE NOSSOS CORRETORES E AGENDE UMA VISITA.
--------------------------------------------------------------------------
CS500977 - Descricao antiga:TerraVille, CASA 3 dormitórios em OTIMO estado de conservação,  3 suites  c/ hidro em 1   closet em 1 dorm, living com lareira, churrasqueira no imóvel,  sacada ,  hall,    lavabo,  TEM ELEVADOR NOS 3 PISOS, 3 vagas na garagem, 320 m2 de área privativa   - 700 m2  de área total, na Vila do Barco. No condomínio tem playground,  salão de festas,  salão de jogos,  quadra de esportes, quadra de tenis (saibro), sauna, churrasqueira, TV à cabo,  portaria 24h,  zelador. Imediações: AEROCLUBE  - construção em: 2006 
--------------------------------------------------------------------------
CS21005097 - Descricao antiga:TERRENO MEDINDO 10,05 DE FRENTE POR 41 M DE FUNDOS.
--------------------------------------------------------------------------
CS21004121 - Descricao antiga:Apartamento de 2 dormitórios, próximo ao Bourboun Ipiranga, bairro Jardim Botânico em Porto Alegre, com living amplo, c/ 71 m² de área privativa, terraço, apenas 1 lance de escada, bem ensolarado. 
Venda somente à vista!!

Prédio em centro do terreno, com zeladoria.
--------------------------------------------------------------------------
MF16620 - Descricao antiga:CONJUNTO EM EMPREENDIMENTO COMERCIAL COM EXCELENTE LOCALIZAÇÃO.  VISTA PANORÂMICA, CENTRAL DE SERVIÇOS PAY-PER-USE. PRÉDIO FUNCIONAL ÚNICO EM PORTO ALEGRE A COMBINAR ESPAÇOS RESIDENCIAIS, COMERCIAIS E CORPORATIVOS.
   
   **ENTRADA: ATO/30/60/90 DE R$ 134.395,06 + 28 PARCELAS DE R$ 4.658,44 + SALDO DE FINANCIAMENTO R$ 543.915,28
      - PARA FACILITAR SUA COMPRA, AVALIAMOS SEU IMÓVEL E ESTUDAMOS JUNTO AO PROPRIETÁRIO A POSSIBILIDADE DE ENTRAR COMO PARTE DO PAGAMENTO, BEM COMO, INDICAMOS ALTERNATIVAS DE FINANCIAMENTO QUE PODEM CHEGAR ATÉ 90% DO VALOR TOTAL DO IMÓVEL A SER ADQUIRIDO, CONSULTE-NOS.
--------------------------------------------------------------------------
CS500315 - Descricao antiga:Casa com 850 m2 privativos em condominio Terra Lima no Bairro Santa Teresa, com 4 dormitorios sendo   2 suites  c/ hidro e closet amplo living para varios ambientes com lareira , gabinete,    estar íntimo,    sala de jantar,    copa e cozinha montada       dorm. empregada,    despensa,    wc auxiliar,condominio com  piscina,  playground,  salão de festas,  salão de jogos,  quadra de esportes,    portaria 24h,   - 3 vagas de garagem   
--------------------------------------------------------------------------
VR12863 - Descricao antiga:Casa de 2 dormitórios, 2 suítes, no bairro Protásio Alves em Porto Alegre. 
Excelente oportunidade para investimento, com possibilidade de até 6 aluguéis. São 3 casas no mesmo terreno. Não aceita financiamento.
Localizada próximo a delegacia e terminal de ônibus.
Esperamos sua visita!



--------------------------------------------------------------------------
CS31001297 - Descricao antiga:LOJA C/ 132m², 2 BANHEIROS, ESCRITORIO, ESPAÇO PARA 7 A 8 CARROS, MAIS 2 NA FRENTE.
--------------------------------------------------------------------------
CS500261 - Descricao antiga:CASA 3 dormitórios em BOM estado de conservação,   living c/ 3 ambientes,   churrasqueira no imóvel,  sacada , 1 banheiro social,    copa/cozinha,    wc auxiliar,   área serviço, - 231 m2 de área privativa   - 231 m2  de área total   - Usado Jardim,  Gradil,   - 2 vagas de garagem  - Imediações: CAÇAPAVA  - construção em: 1950 
--------------------------------------------------------------------------
CS31001143 - Descricao antiga:ÓTIMO APTO 3 DORM, 1 SUÍTE, VISTA PANORÂMICA, SUPER ENSOLARADO, SEMI-MOBILIADO, FICAM TODOS MÓVEIS FIXOS DA COZINHA, ÁREA DE SERVIÇO DORMITÓRIOS, BANHEIROS, 2 VAGAS DE GARAGEM LADO A LADO, PISCINA, SALÃO DE FESTAS, FITNESS, PORTARIA 24H.
--------------------------------------------------------------------------
VR12958 - Descricao antiga:JARDIM AMERICA CASA DE ALVENARIA COM 05 DORMITÓRIOS, 02 SUÍTES, GABINETE.
CASA TERREA, 01 SALA DE ESTAR, 01 SALA JANTAR, 02 ESCRITORIOS, 01 BANHEIRO SOCIAL, COPA E COZINHA COM CHURRASQUEIRA, TODO COM PISO FRIO, TETO COM LAJE, PARTE DE CIMA, 01 ACADEMIA DE GINASTICA, COM PISCINA E PÁTIO. TEM 01 BANHEIRO SOCIAL, COPA-COZINHA, TERRAÇO, AQUECIMENTO ELETRICO, ESPERA PARA MAQUINA DE  LAVAR, GRADEADA, PORTÃO.
--------------------------------------------------------------------------
MI8988 - Descricao antiga:Linda casa semi mobiliada em condomínio, com finíssimo acabamento, 3 dormitórios, sendo 1 suíte com closet e hidro, sacada em 2 dos dormitórios, living 2 ambientes, cozinha montada, área de serviço e pátio com deck. Piso porcelanato e laminado nos dormitórios. Condomínio com ótima infraestrutura próximo a todos os recursos do bairro. Venha conferir!
--------------------------------------------------------------------------
CS31001235 - Descricao antiga:O terreno é exclusivo para comercio devido ao baixo índice construtivo que poderá chegar até 4 andares no máximo. Ideal para centro comercial, bancos, estacionamentos e etc. 
--------------------------------------------------------------------------
CS31001234 - Descricao antiga:O terreno é exclusivo para comercio devido ao baixo índice construtivo que poderá chegar até 4 andares no máximo. Ideal para centro comercial, bancos, estacionamentos e etc.
Terreno medindo 26x13

--------------------------------------------------------------------------
VR12840 - Descricao antiga:EXCELENTE SOBRADO NO BAIRRO PINHEIROS COM 3 DORMITÓRIOS, SENDO 1 SUÍTE, PISCINA, QUIOSQUE, VISTA PANORÂMICA, SACADA.
--------------------------------------------------------------------------
CS500202 - Descricao antiga:Terreno no Condomínio Alphaville nos altos do Residencial Lombardia Bairro Alphaville, Porto Alegre, área de 598m², terreno plano mede 16x36 com vista panorâmica e ótima posição solar!
Condomínio com Portaria 24 horas, segurança, clube com piscina e quadra de tênis coberta, quadra poliesportiva, trilhas, espaço gourmet, adega e fitness. 
--------------------------------------------------------------------------
CS31001236 - Descricao antiga:O terreno é exclusivo para comercio devido ao baixo índice construtivo que poderá chegar até 4 andares no máximo. Ideal para centro comercial, bancos, estacionamentos e etc.
--------------------------------------------------------------------------
PA1353 - Descricao antiga:
APARTAMENTO LIVING 4 AMBIENTES TODO EM PORCELANATO COM CHURRASQUEIRA,  LAREIRA E PEQUENA SACADA, LAVABO, 3 SUITES, SALA DE JANTAR, COPA COZINHA, DEPENDENCIA EMPREGADA, QUE PODE SER REVERTIDA PARA O LIVING. BELÍSSIMO EDIFICIO COM EXCELENTE INFRA ESTRUTURA, COM PISCINA, PLAY GROUND, ESPAÇO GOURMET, ÁREA COM MATA NATIVA, PORTARIA 24H.
GARAGEM PARA DOIS CARROS, UM ATRAS DO OUTRO.
--------------------------------------------------------------------------
CS31000541 - Descricao antiga:CASA COM GRANDE POTENCIAL. rua calma, proximo ao colegio farroupilha, 3 dorms, 1 suite, living com lareira, patio com churrasqueira, garagem pra 2 carros,dependencia, lavanderia.  Precisando de reparos!
--------------------------------------------------------------------------
CS31001231 - Descricao antiga:CASA 3 DORM, em Teresópolis, com  220m² PRIVATIVOS, 1 SUÍTE, 3 VAGAS DE GARAGEM.
--------------------------------------------------------------------------
CS31000039 - Descricao antiga:Apartamento de Cobertura Horizontal, com 3 suites,  Altos da Bela Vista - Porto Alegre - com 282,00m², 2 vagas de garagem, ensolarado,  terraço com 60,00m².
Mais 1 quarto e dependência de empregada completa, lavanderia,  churrasqueira, piscina, sauna, salão de ginástica. Ótimo padrão de acabamento. 
Prédio com zelador,  fachada em Granito, sem infraestrutura, ajardinado.
--------------------------------------------------------------------------
CS31000127 - Descricao antiga:Espetacular apto na rua Bage.Andar inteiro com living em porcelanato para varios ambientes, lavabo sacadão aberto, churrasqueira e lareira, gabinete copa cozinha dep completa, 3 suites sendo a suite prin cipal com closet e lareira. Pronto para morar.  4 vagas.

--------------------------------------------------------------------------
CS501251 - Descricao antiga:CASA em condomínio, 3 dormitórios em BOM estado de conservação, suite, living 2 ambientes c/ lareira, churrasqueira no imóvel,  3 banheiros, 113 m2 de área privativa, salão de festas,  portaria 24h, circuito interno de tv, 2 vagas de garagem - Imediações: AV. TERESÓPOLIS  - construção em: 1995




--------------------------------------------------------------------------
CS501250 - Descricao antiga:CASA em condomínio, 3 dormitórios em ÓTIMO estado de conservação, suite, living c/ 2 ambientes, churrasqueira no imóvel, 2 banheirosl, 110 m2 de área privativa, salão de festas, portaria 24h, 2 vagas de garagem. Imediações: AV. TERESOPOLIS  - construção em: 1996
--------------------------------------------------------------------------
CS31000687 - Descricao antiga:Belíssimo apartamento na rua Bage, andar inteiro 260 m2 privativos, living para vários ambientes com lareira , sacadão, churrasqueira,, gabinete, 3 suítes, suite master com closet, hidro e lareira na suite. Copa cozinha e dependência completa. 3 vagas de garagem. 
Prédio com infra de lazer completa, belíssimo salão de festas e portaria 24 horas. Apto Novo pronto pra morar. Aceita dação  de até 50%.
--------------------------------------------------------------------------
CS500394 - Descricao antiga:Apartamento Próximo ao PARCÃO, com amplos 3 dormitorios,1 suite, liv 2 ambientes copa coz e dependencia completa,apto impecavel, com muito sol proximo a todas as facilidades do bairro.
Prédio com portaria 24 horas,  elevador, zelador

  
--------------------------------------------------------------------------
CS501259 - Descricao antiga:SALA, 15º ANDAR, BANHEIRO SOCIAL, DE FRENTE, ELEVADOR, POSIÇÃO SUL/NORTE, PREDIO ANTIGO, ÁREA ÚTIL 35,07m2, DESOCUPADA.
Esta sala está integrada com a 1502, só podendo ser vendida juntas.
--------------------------------------------------------------------------
CS31000384 - Descricao antiga:TERRENO 10X30 COM PEQUENO DECLIVE. CASA MISTA COM SOBRADO NOS FUNDOS..


--------------------------------------------------------------------------
