MI5605 - Descricao antiga:Terreno com área de 6.000m². 
2017-12-05
--------------------------------------------------------------------------
MI1224 - Descricao antiga:CASA no bairro Jardim Isabel em Porto Alegre com 03 dormitórios, sendo 01 suíte, living 02 ambientes, lareira, lavabo, cozinha integrada e sacada com churrasqueira. Sótão com banheiro, terraço com vista para o rio e churrasqueira. Pátio com piscina e garagem fechada para 02 carros. Condomínio com espaço gourmet. EXCELENTE ACABAMENTO. AGENDE SUA VISITA. 
2017-12-05
--------------------------------------------------------------------------
MI5167 - Descricao antiga:ÓTIMO terreno plano para vender , medindo 10 x30 em uma excelente localização. 

Oportunidade unica.  
2017-12-05
--------------------------------------------------------------------------
TR5810 - Descricao antiga:EXCEPCIONAL apartamento SEMI-MOBILIADO
de 3 Dormitórios (1 suíte com closet/hidro) dormitórios amplos, andar inteiro (213m²), linda vista panorâmica, ampla copa, cozinha, dependência de empregada, banheiro auxiliar, lavabo, estar íntimo com sacada e lareira, amplo living 3 ambientes, sacada frontal com piscina, espera para ar central, ótima orientação solar,  gás central, elevador codificado, portaria 12hs realizada pelo Zelador, garagem para dois carros lado a lado.  Ficam todos os móveis fixos. 

Vale a pena conferir!
Agende sua visita conosco! 
2017-12-05
--------------------------------------------------------------------------
MF14240 - Descricao antiga:Apartamento 106 m² de área privativa, 3 dormitórios com armários planejados e condicionadores de ar, 1 suíte, living 2 ambientes com estante planejada, hall, banheiro social, cozinha montada,gás central,  área de serviço separada,água quente, entrada de serviço, dependência de empregada, WC auxiliar, piso em parquet, 1 vaga de garagem.
Dois  apartamentos por andar, gradil, 1 lance de escadas, jardim, portões da garagem automatizados, excelente  localização.
Ficam todos os móveis planejados e condicionadores de ar.

    - PARA FACILITAR SUA COMPRA, AVALIAMOS SEU IMÓVEL E ESTUDAMOS JUNTO AO PROPRIETÁRIO A POSSIBILIDADE DE ENTRAR COMO PARTE DO PAGAMENTO, BEM COMO, INDICAMOS ALTERNATIVAS DE FINANCIAMENTO QUE PODEM
   CHEGAR ATÉ 90% DO VALOR TOTAL DO IMÓVEL A SER ADQUIRIDO, CONSULTE-NOS. 
2017-12-05
--------------------------------------------------------------------------
MI473 - Descricao antiga:LINDO apartamento localizado no bairro Cristal de 1 dormitório, living 2 ambientes e cozinha montada.Aproveite esta oportunidade! 
2017-12-05
--------------------------------------------------------------------------
PA10 - Descricao antiga:SÃO DOIS TERRENOS (MATRÍCULAS INDEPENDENTES):

1 -  8,06M FRENTE 5,86M FUNDOS - 56,00M DE FRENTE A FUNDOS. R$ 477.000,00

2 - 8,06M FRENTE 5,86M FUNDOS - 56,00M DE FRENTE A FUNDOS. R$ 402.000,00 
2017-12-05
--------------------------------------------------------------------------
MI2148 - Descricao antiga:CASA para vender no bairro Hípica, zona sul de Porto Alegre com 3 dormitórios, suíte, living 2 ambientes, cozinha, área de serviço, pátio e vaga na garagem. Confira mais detalhes com a nossa central de vendas. 
2017-12-05
--------------------------------------------------------------------------
MF12198 - Descricao antiga:LOJÃO COM PÉ DIREITO TRIPLO, (FUNCIONA OFICINA), 2 º E 3º PAVIMENTOS, PARTE RESIDENCIAL, APARTAMENTO GIGANTE COM 3 DORMITÓRIOS, TERRAÇO, SUÍTE, LIVING AMPLO,...ETC,. ESTACIONAMENTO FRONTAL, 662M2, TERRENO 10X30. LOCAL NA JOAQUIM SILVEIRA NO PÓLO NERVOSO E CENTRAL DA SERTÓRIO: BIG, CARREFOUR, GRANDES EMPRESAS, E CENTROS COMERCIAIS.
   
 - PARA FACILITAR SUA COMPRA, AVALIAMOS SEU IMÓVEL E ESTUDAMOS JUNTO AO PROPRIETÁRIO A POSSIBILIDADE DE ENTRAR COMO PARTE DO PAGAMENTO, BEM COMO, INDICAMOS ALTERNATIVAS DE FINANCIAMENTO QUE PODEM
   CHEGAR ATÉ 90% DO VALOR TOTAL DO IMÓVEL A SER ADQUIRIDO, CONSULTE-NOS. 
2017-12-05
--------------------------------------------------------------------------
IK765 - Descricao antiga:Apartamento 02 dormitórios sendo uma suíte , sacada em dois ambientes, área de serviço integrada a cozinha, armário na suíte, lavabo, dois terraços coletivos no edifício com vista para o Guaíba. 
2017-12-05
--------------------------------------------------------------------------
MF14918 - Descricao antiga:CASA 4 DORMITÓRIOS, 2 SUITES,    LIVING C/ 3 AMBIENTES,   CHURRASQUEIRA NO IMÓVEL,   LAVABO,    SALA DE JANTAR,   2 BANHEIRO SOCIAL,    COZINHA,    DORM. EMPREGADA,    DESPENSA,   ÁREA SERVIÇO, VISTA PANORÂMICA,    - 239 M2 DE ÁREA PRIVATIVA   - 2032 M2  DE ÁREA TOTAL   - USADO ESQUADRIAS EM MAD. NATURAL   SALÃO DE FESTAS,   - 2 VAGAS DE GARAGEM  - IMEDIAÇÕES: BARRA SHOPPING  - CONSTRUÇÃO EM: 1980 PISO PARQUET E TABUÃO, CASA P/ CASEIRO COM VARANDA, ÓTIMO TERRENO.
   
    - PARA FACILITAR SUA COMPRA, AVALIAMOS SEU IMÓVEL E ESTUDAMOS JUNTO AO PROPRIETÁRIO A POSSIBILIDADE DE ENTRAR COMO PARTE DO PAGAMENTO, BEM COMO, INDICAMOS ALTERNATIVAS DE FINANCIAMENTO QUE PODEM
   CHEGAR ATÉ 90% DO VALOR TOTAL DO IMÓVEL A SER ADQUIRIDO, CONSULTE-NOS. 
2017-12-05
--------------------------------------------------------------------------
MI6493 - Descricao antiga:Excelente casa em Condomínio Fechado , casa de esquina com 285m2 nova com seis meses de uso, toda em material de primieira qualidade. Social com piso em porcelanato 80x80 ,rebaixe com gesso,lampadas Led,aberturas com PVC vidros com insulfilme, cortinas , lávabo, gabinete, jantar com pé direito duplo, jardim de inverno com paredes em pedras,iiluminação com efeitos próprios para fonte, escadarias em mármore,e corrimão e parapeito em inox ,sala de Tv porcenato com paredes revestidas em madeira e papel painel decorativo,sala de churrasco integrada com sala TV, todo com armários e bancadas com pedra nanomomoglos branca com pisa em inox com e ascesso a piscina. Ampla copa cozinha com com armários fixo new com pedra nanomomoglos branca,espera para churrasqueira elétrica, paredes com pedras decorativas brancas,piso em porcelanato. Suites de casal com piso em vinil Komeco, painel com lampâdas de cromoterapia, clossed, banho com porcelanato e detalhes em pedra palito, pia com saia em nanomomoglos branco. Suite 2 com piso em vinil Komeco, ante sala para estudo,clossed ,banho . 2 dormitórios com piso em vinil Komeco ,rebaixe de gesso e placas decorativas. Banho íntimo todo com ceramicas decorativas ,gesso ,bancada em pedra branca. Banho social ,piso em porcelanato, bancada em mármore travertino. Dep. empregada completa , lavanderia com espaço para 5 máquinas e tanque. Piscina com iluminação, espera para aquecimento e fechamento do pátio da pisicna em vidro fume com 1.2m de altura. canil. Vários pontos para iluminação no pátio ,garagem fechada com escada interna para casa. 
2017-12-05
--------------------------------------------------------------------------
MI6492 - Descricao antiga:Ótima residência, com 3 dormitórios, suíte, living 2 ambientes c/lareira, gabinete, sala de jantar, cozinha ampla, despensa, dependência de empregada, pátio. Excelente localização, com 912m² de terreno. 98085689 what sapp 
2017-12-05
--------------------------------------------------------------------------
IK701 - Descricao antiga:CASA 05 DORMITÓRIOS,LOCALIZADA EM PONTO ALTO DO JARDIM ISABEL, LIVING COM 180MQ, DUAS LAREIRAS, PÁTIO EM DOIS NÍVEIS, PISCINA COM DECK E AQUECIMENTO, SALÃO DE FESTAS COM 150MQ, CHURRASQUEIRA,ESCRITÓRIO. 
2017-12-05
--------------------------------------------------------------------------
MF13993 - Descricao antiga:excelente conjunto de frente, com 138 m2 úteis,  está dividida em 4 salas e 1 banheiro.
  
2017-12-05
--------------------------------------------------------------------------
MF13731 - Descricao antiga:Sobrado Antigo, mas bastante sólido, terreno medindo 15,40 m X 30,20 m, bem no lado do Zaffari Cristóvão. 
   
 
2017-12-05
--------------------------------------------------------------------------
MF13514 - Descricao antiga:Ótimo apartamento, reformado, ensolarado, primeiro andar de frente e dois banheiros.
   
- PARA FACILITAR SUA COMPRA, AVALIAMOS SEU IMÓVEL E ESTUDAMOS JUNTO AO PROPRIETÁRIO A POSSIBILIDADE DE ENTRAR COMO PARTE DO PAGAMENTO, BEM COMO, INDICAMOS ALTERNATIVAS DE FINANCIAMENTO QUE PODEM  CHEGAR ATÉ 90% DO VALOR TOTAL DO IMÓVEL A SER ADQUIRIDO, CONSULTE-NOS. 
2017-12-05
--------------------------------------------------------------------------
MF13362 - Descricao antiga:Sala  com armários - Fica na galeria com entrada também pela Quintino Bocaiuva. São 4 salas com divisórias de vidro.
    
2017-12-05
--------------------------------------------------------------------------
MI5466 - Descricao antiga:ÓTIMO Terreno para vender  no bairro Tristeza com dimensão de terreno de 11,00x61,00.Próximo a Wenceslau Escobar 
2017-12-05
--------------------------------------------------------------------------
MI5469 - Descricao antiga:Residencia térrea no Residencial Nova Ipanema com 84m², com 3 dormitórios, suite,   living com 2 ambientes, copa/cozinha, área serviço. Venha agende uma visita. Para você que quer tranquilidade e segurança e todas as comodidades. Imediações do Novo Zaffari Hipica. 
2017-12-05
--------------------------------------------------------------------------
PA1168 - Descricao antiga:TERRENO COM DECLIVE, 11,00 X 38,25 X 37,50 X 11,00   m2.

PROJETO APROVADO  PARA CONSTRUÇÃO DE 2  SOBRADOS, PÓDENDO INICIAR A OBRA IMEDIATAMENTE.   
2017-12-05
--------------------------------------------------------------------------
MI2749 - Descricao antiga:Ótima casa em rua calma, com vigia de rua 24 hs, composta de hall de entrada, com 4 dormitórios, 1 suíte com sacada, living 3 ambientes com lareira em desnível, em tabuão, lavabo, gabinete, estar íntimo, sala de jantar, banheiro social, copa/cozinha,  sótão, wc auxiliar, área serviço,  espaço churrasco, água quente, espera p/ar parede, esquadrias em madeira natural, com gás central, Jardim, Gradil, 4 vagas, 2 cobertas e 2 descobertas, agende sua visita, vale conferir!!!  
2017-12-05
--------------------------------------------------------------------------
GS1059 - Descricao antiga:Cobertura no bairro Bela Vista, próximo a Praça da Encol. Com 2 vagas de garagem, 3 dormitórios sendo 1 suíte, 1 closet, living para 5 ambientes, água quente, área de serviço, banheiro auxiliar e social, churrasqueira, cozinha americana, lareira, mobiliado, piscina, sala de jantar, split, terraço e vista panorâmica. Condomínio com gradil, jardim, piscina, playground, 2 elevadores, portaria 24h, salão de festas e zelador. 
2017-12-05
--------------------------------------------------------------------------
GS199 - Descricao antiga:Terreno com 555m² no bairro Vila Jardim, próximo ao Shopping Iguatemi. Com dimensão de terreno de 10,55 x 52,70.  
2017-12-05
--------------------------------------------------------------------------
MF12998 - Descricao antiga:CONJ  em BOM estado de conservação,  1 banheiro social,    espera p/ar parede,    esquadrias em MAD. PINTADA   - 22 m2 de área privativa   - 25 m2  de área total   - Usado Edificio em BOM estado de conservação, fachada em pintura.
Ótimo investimento.
   
    - PARA FACILITAR SUA COMPRA, AVALIAMOS SEU IMÓVEL E ESTUDAMOS JUNTO AO PROPRIETÁRIO A POSSIBILIDADE DE ENTRAR COMO PARTE DO PAGAMENTO, BEM COMO, INDICAMOS ALTERNATIVAS DE FINANCIAMENTO QUE PODEM
   CHEGAR ATÉ 90% DO VALOR TOTAL DO IMÓVEL A SER ADQUIRIDO, CONSULTE-NOS. 
2017-12-05
--------------------------------------------------------------------------
DA1283 - Descricao antiga:CASA em OTIMO estado de conservação, c / 4 dormitórios , armários em 2,  4 suites  c/ hidro em 1,  closet em 1 dorm,   living,   em tabuão,c/lareira,   sacada c/churrasqueira e piscina,   hall,   lavabo,   gabinete,   estar íntimo,   sala de jantar,   copa/cozinha,   dorm. empregada,   wc auxiliar,   área serviço c/ esp p/ maquina,   água quente,  3  ar parede instalado,  . OTIMO estado de conservação,  Jardim, Gradil,  Área Soc.em Tabuão,Seis Banheiros,Área Intima em Laminado,Academia c/teto rebaixado emGesso e Sauna,possib. de elevador,dois jardins de Inverno,Mini Lago c/ Carpas.
Casa sem habite-se. 
2017-12-05
--------------------------------------------------------------------------
MF15820 - Descricao antiga:CASA 3 DORMITÓRIOS EM BOM ESTADO DE CONSERVAÇÃO,   LIVING,    C/LAREIRA,    HALL,    SALA DE JANTAR,   2 BANHEIRO SOCIAL,    COPA/COZINHA,   ÁREA SERVIÇO COM ESPERA PARA MÁQUINA, - 161 M2 DE ÁREA PRIVATIVA   - 825 M2  DE ÁREA TOTAL   - USADO ESQUADRIAS EM FERRO    - 1 VAGA DE GARAGEM  - IMEDIAÇÕES: CRISTOVÃO COLOMBO  - CONSTRUÇÃO EM: 1956 CASA ESTILO COLONIAL, ÓTIMO TERRENO ARBORIZADO MEDINDO 11 X 78.
   
    - PARA FACILITAR SUA COMPRA, AVALIAMOS SEU IMÓVEL E ESTUDAMOS JUNTO AO PROPRIETÁRIO A POSSIBILIDADE DE ENTRAR COMO PARTE DO PAGAMENTO, BEM COMO, INDICAMOS ALTERNATIVAS DE FINANCIAMENTO QUE PODEM
   CHEGAR ATÉ 90% DO VALOR TOTAL DO IMÓVEL A SER ADQUIRIDO, CONSULTE-NOS. 
2017-12-05
--------------------------------------------------------------------------
PA1126 - Descricao antiga:CASA COM PEÇAS AMPLAS, LIVING 3 AMBIENTES, SALA JANTAR SEPARADA. NECESSITA SER ATUALIZADA, ESTÁ TODA ORIGINAL. TERRENO EM DECLIVE COM FRENTE PARA DUAS RUAS, LUIS VOELCKER E ARAPONGA. 
2017-12-05
--------------------------------------------------------------------------
MI1643 - Descricao antiga:ÓTIMO terreno para vender no bairro Camaquã, com área total de 600 m², dimensão de 10 x 60. Vegeteção: Maricás. 
2017-12-05
--------------------------------------------------------------------------
MI6486 - Descricao antiga:Ótimo apartamento no bairro Vila Assunção em Porto Alegre, com 2 dormitórios, dependência de empregada, sala cozinha, banheiro social, condominío com elevador. Imóvel em perfeitas condições. 
2017-12-05
--------------------------------------------------------------------------
MI6487 - Descricao antiga:Excelente residência em loteamento fechado Jardins do Prado, com 3 dormitórios, suíte com hidro, living 2 ambientes com lareira, cozinha americana, salão de festas com churrasqueira, pátio e garagem. 
2017-12-05
--------------------------------------------------------------------------
MI2523 - Descricao antiga:LINDO sobrado á venda em Ipanema zona sul de Porto Alegre em condomínio fechado com 3 dormitórios, suíte, living 2 ambientes com lavabo, lareira, sala de jantar, copa/cozinha montada, área de serviço, gás central, sótão e vaga para 4 carros sendo  1 descoberta.Marque sua visita!! 
2017-12-05
--------------------------------------------------------------------------
MF00278 - Descricao antiga:Sala, hall, banheiro social, cozinha, piso ceramica, tabuão, área de serviço, espera para maquina de lavar, espera ar condicionado, agua quente, 05 vagas/box garagem, patio e churrasqueira.

**casa comercial ou residencial***

   terreno com 8,80 X 17,60   
 
2017-12-05
--------------------------------------------------------------------------
PA1084 - Descricao antiga:CASA TÉRREA ELEVADA, PEÇAS AMPLAS, 4 DORMITÓRIOS, 2 SUITES, GABINETE, LIVING C/LAREIRA EM DESNIVEL PARA 3 AMBIENTES, SALA JANTAR, COZINHA, COPA SEPARADA, LAVABO EM GRANITO, BANHO SOCIAL, SALA ESTAR COM LAREIRA QUE ABRE PARA O PATIO COM PISCINA. NOS FUNDOS DEPENDENCIA EMPREGADA, LAVANDERIA, CHURRASQUEIRA QUE SE INTEGRA AO PATIO. EM CIMA SALÃO DE JOGOS. GARAGEM PARA 6 CARROS, BANHEIRO, ADEGA. TERRENO PLANO ELEVADO COM CIRCULAÇÃO A VOLTA,  20X48, CASA COM 485M2. 
2017-12-05
--------------------------------------------------------------------------
MI1648 - Descricao antiga:Terreno com área de 590m² e dimensões 10 x 59m. Com chalé de madeira, murado e c/árvores frutíferas. 
2017-12-05
--------------------------------------------------------------------------
MI2448 - Descricao antiga:EXCELENTE residência com vista para o rio, com 3 dormitórios sendo 1 suite, hidro, living 2 ambientes com lareira, piso em porcelanato, sacada, lavabo, hall, cozinha montada, pátio, garagem com vaga para 2 carros e estacionamento com vaga para mais 2 carros. 
2017-12-05
--------------------------------------------------------------------------
MI1294 - Descricao antiga:Mansão 3 dormitórios, suíte c/hidro e closet, living 2 ambientes c/lareira, lavabo, sala de jantar, dependência de empregada, água quente. 
2017-12-05
--------------------------------------------------------------------------
MI1042 - Descricao antiga:Sobrado á venda no bairro Cavalhada na Zona Sul de Porto Alegre com 3 dormitórios , sendo 1  suíte com sacada, living 2 ambientes em desnível, lavabo, estár íntimo, cozinha americana, sótão, churrasqueira, área de serviço, espera para piscina, vaga para 2 carros e portão automatizado. Ótima localização! 
2017-12-05
--------------------------------------------------------------------------
MF11856 - Descricao antiga:ótima conjunto, 40 m2   box, em Edifício de categoria, sala de bom padrão..
proprietário reduziu, de R$280 mil para R$ 249 mil
   
    - PARA FACILITAR SUA COMPRA, AVALIAMOS SEU IMÓVEL E ESTUDAMOS JUNTO AO PROPRIETÁRIO A POSSIBILIDADE DE ENTRAR COMO PARTE DO PAGAMENTO, BEM COMO, INDICAMOS ALTERNATIVAS DE FINANCIAMENTO QUE PODEM CHEGAR ATÉ 90% DO VALOR TOTAL DO IMÓVEL A SER ADQUIRIDO, CONSULTE-NOS. 
2017-12-05
--------------------------------------------------------------------------
MF15125 - Descricao antiga:CASA 3 dormitórios em BOM estado de conservação,   living c/ 2 ambientes,   churrasqueira no imóvel,   lavabo,   2 banheiro social,    cozinha, cozinha montada,    despensa,    wc auxiliar,   área serviço com espera para máquina, água quente,    espera p/ar parede,    - 175 m2 de área privativa   - 175 m2  de área total   - Usado esquadrias em MAD. NATURAL    Controle Remoto,   Jardim,  Gradil,   - 3 vagas e churrasqueira, na garagem  - Escriturado   - Imediações: ADDA MASCARANHAS  - construção em: 1999.

** preço para receber imóveis em dação em pagamento: R$ 799 mil ou se for em dinhero, a vista  R$ 699 mil. ****
   
    - PARA FACILITAR SUA COMPRA, AVALIAMOS SEU IMÓVEL E ESTUDAMOS JUNTO AO PROPRIETÁRIO A POSSIBILIDADE DE ENTRAR COMO PARTE DO PAGAMENTO, BEM COMO, INDICAMOS ALTERNATIVAS DE FINANCIAMENTO QUE PODEM CHEGAR ATÉ 90% DO VALOR TOTAL DO IMÓVEL A SER ADQUIRIDO, CONSULTE-NOS. 
2017-12-05
--------------------------------------------------------------------------
PA1165 - Descricao antiga:CASA  TÉRREA,  SÓLIDA, COM TODAS AS PEÇAS MUITO AMPLAS. ENSOLARADA, GRADEADA. PISO PARQUET COM SINTEKO.  ÓTIMO PÁTIO COM ÁRVORES FRUTÍFERAS E COM ESPAÇO PARA PISCINA.
3 DORMITÓRIOS, 1 SUITE,LIVING 3 AMBINETES

TERRENO 9,90x22,00x32,00x24,00 
2017-12-05
--------------------------------------------------------------------------
MF15294 - Descricao antiga:EXCELENTE APARTAMENTO DE 2 DORMITÓRIOS, 1 SUÍTE, COM SPLIT QUENTE E FRIO, EM 3 AMBIENTES,  ARMÁRIOS SOBRE MEDIDA, BANHO SOCIAL E AUXILIAR, LIVING 3 AMBIENTES COM LAREIRA A GÁS , TETO COM SANCAS DE GESSO REBAIXADO, ILUMINAÇÃO INDIRETAS, VIDROS BLINDADO A PROVA DE BALA, COZINHA AMERICANA E ARMARIOS COM TAMPO DE MARMORE SOB MEDIDA, AGUA QUENTE, EM TODAS TORNEIRAS, METAIS DECA, PORTA DE ENTRADA COM CÓDIGO, 1 VAGA ESCRITURADA CABERTA (2 AUTOS PEQUENOS).
   EDIFÍCIO COM 2 ELEVADORES, PORTARIA 12 HORAS, VIGILÂNCIA 24 HS., GÁS CENTRAL...
   * ESTE VALOR COM PARTICIPAÇÃO NO IMÓVEL DA LOJA QUE EXISTE NO PRÉDIO (LOJA DE CORTINAS)   - PARA FACILITAR SUA COMPRA, AVALIAMOS SEU IMÓVEL E ESTUDAMOS JUNTO AO PROPRIETÁRIO A POSSIBILIDADE DE ENTRAR COMO PARTE DO PAGAMENTO, BEM COMO, INDICAMOS ALTERNATIVAS DE FINANCIAMENTO QUE PODEM CHEGAR ATÉ 90% DO VALOR TOTAL DO IMÓVEL A SER ADQUIRIDO, CONSULTE-NOS. 
2017-12-05
--------------------------------------------------------------------------
MF13493 - Descricao antiga:Ótima sala desocupada, com 25,05 m2 úteis, proximo da farrapos, c/ vista.edif com portaria, prox franklim roosevelt

aluga por R$ 500,00
valor a vista com desconto R$ 160 mil.
VALOR QUE ACEITA DAÇÃO ATÉ 50 %, OU... 
ATO 50%   24 PARCELAS DIRETO total 195 mil.
   
 
2017-12-05
--------------------------------------------------------------------------
MF15651 - Descricao antiga:APARTAMENTO 3 DORMITORIOS, EXCELENTE, DE FRENTE, TODO REFORMADO, COM 1 SUITE, BANHEIRO SOCIAL, HALL, SALA DE ESTAR, SALA DE JANTAR, SACADA, COZINHA, DEPENDENCIA DE EMPREGADA, BANHEIRO AUXILIAR, JARDIM, GRADIL E PORTARIA ELETRONICA.  PRÉDIO COM MELHORIAS
      - PARA FACILITAR SUA COMPRA, AVALIAMOS SEU IMÓVEL E ESTUDAMOS JUNTO AO PROPRIETÁRIO A POSSIBILIDADE DE ENTRAR COMO PARTE DO PAGAMENTO, BEM COMO, INDICAMOS ALTERNATIVAS DE FINANCIAMENTO QUE PODEM CHEGAR ATÉ 90% DO VALOR TOTAL DO IMÓVEL A SER ADQUIRIDO, CONSULTE-NOS. 
2017-12-05
--------------------------------------------------------------------------
TR5875 - Descricao antiga:No bairro Alto Petrópolis, Terreno de 9Ha.840,67m², aclive, declive, plano e construído, trata-se da copa do morro santana, onde tem atualmente uma sede campestre.

Agende sua visita conosco!
 
2017-12-05
--------------------------------------------------------------------------
MI2615 - Descricao antiga:Residência com 4 suítes (1 c/closet), living 3 ambientes c/lareira, lavabo, gabinete, estar íntimo, copa/cozinha montada, dependência de empregada, pátio c/salão de festas, piscina e churrasqueira. 
2017-12-05
--------------------------------------------------------------------------
MI2063 - Descricao antiga:Residência, c/espetacular vista para o rio. São três casas independentes ou interligadas com um total de três suítes, living c/lareira, estar íntimo, pátio. Construção sólida com ótima fundação e paredes construídas com tijolo maciço. Garagem para dois carros grandes. 
2017-12-05
--------------------------------------------------------------------------
MI722 - Descricao antiga:Terreno c/área de 3.300m². 
2017-12-05
--------------------------------------------------------------------------
MF15514 - Descricao antiga:Cobertura 3 dormitórios em ÓTIMO  estado de conservação,  living c/ 2 ambientes,    hall,   1 banheiro social,  lavabo,   cozinha,    dorm. empregada,    despensa,    wc auxiliar,   área serviço com espera para máquina, água quente,   parte superior, com amplo são e banheiro completo, terraço com dec e piscina,  vista panorâmica,   2  ar split instalado,  churrasqueira,   esquadrias em MAD. PINTADA   - 2 vagas de garagem SEPARADAS E Escrituradas   - Imediações: ZAFFARI  - construção em: 1979  - 80 m2 de área privativa   - 100 m2  de área total   - Usado sobre pilotis,   em BOM estado de conservação,  Controle Remoto,   fachada em pintura,   Jardim,  Gradil,  salão de festas,  churrasqueira,  antena coletiva,  TV à cabo,  portaria 24h,salão de festas,  zelador.   - 4 aptos por andar. BEM LOCALIZADO
   
    - PARA FACILITAR SUA COMPRA, AVALIAMOS SEU IMÓVEL E ESTUDAMOS JUNTO AO PROPRIETÁRIO A POSSIBILIDADE DE ENTRAR COMO PARTE DO PAGAMENTO, BEM COMO, INDICAMOS ALTERNATIVAS DE FINANCIAMENTO QUE PODEM CHEGAR ATÉ 90% DO VALOR TOTAL DO IMÓVEL A SER ADQUIRIDO, CONSULTE-NOS. 
2017-12-05
--------------------------------------------------------------------------
MF13316 - Descricao antiga:CASA RESIDENCIAL, EXCELENTE, 4 DORMITÓRIOS ,  4 SUITES  C/ HIDRO EM 1   CLOSET EM 1 DORM,    LIVING C/ 3 AMBIENTES,    EM TABUÃO,    C/LAREIRA,   CHURRASQUEIRA,  SACADA ,  HALL,    LAVABO,    GABINETE,    ESTAR ÍNTIMO,    SALA DE JANTAR,    COPA E COZINHA,    DORM. EMPREGADA,    DESPENSA,    WC AUXILIAR,   ÁREA SERVIÇO COM ESPERA PARA MÁQUINA, VISTA PANORÂMICA,    ESPERA P/AR PAREDE,    - 700 M2 DE ÁREA PRIVATIVA   - 700 M2  DE ÁREA TOTAL   -    JARDIM,   TERRAÇO,  5 VAGAS DE GARAGEM  - , TODOS SUITES, SENDO (1 MASTER C/CLOSET   JACUZZI,  2 DE FRENTE C/SACADÃO), LIVING 03 AMBIENTES C/DESNÍVEL. ENTRADA COND. MONTES
   
    - PARA FACILITAR SUA COMPRA, AVALIAMOS SEU IMÓVEL E ESTUDAMOS JUNTO AO PROPRIETÁRIO A POSSIBILIDADE DE ENTRAR COMO PARTE DO PAGAMENTO, BEM COMO, INDICAMOS ALTERNATIVAS DE FINANCIAMENTO QUE PODEM
   CHEGAR ATÉ 90% DO VALOR TOTAL DO IMÓVEL A SER ADQUIRIDO, CONSULTE-NOS. 
2017-12-05
--------------------------------------------------------------------------
