MF16613 - Descricao antiga:EMPREENDIMENTO DE STUDIOS RESIDENCIAIS COM EXCELENTE LOCALIZAÇÃO. PISCINA COM RAIA COBERTA, 2 SALÕES DE FESTAS COM PISTA DE DANÇA E VISTA PANORÂMICA, SALA DE JOGOS, FITNESS, TERRAÇO COM LOUNGE PANORÂMICO E CENTRAL DE SERVIÇOS PAY-PER-USE. PRÉDIO FUNCIONAL, ESTRUTURA DE APOIO COM UM MALL BOUTIQUE COM MAIS DE 30 OPÇÕES E LOJAS DE CONVENIÊNCIAS. ÚNICO EM PORTO ALEGRE A COMBINAR ESPAÇOS RESIDENCIAIS, COMERCIAIS E CORPORATIVOS.
 - PARA FACILITAR SUA COMPRA, AVALIAMOS SEU IMÓVEL E ESTUDAMOS JUNTO AO PROPRIETÁRIO A POSSIBILIDADE DE ENTRAR COMO PARTE DO PAGAMENTO, BEM COMO, INDICAMOS ALTERNATIVAS DE FINANCIAMENTO QUE PODEM CHEGAR ATÉ 90% DO VALOR TOTAL DO IMÓVEL A SER ADQUIRIDO, CONSULTE-NOS.
--------------------------------------------------------------------------
MF16569 - Descricao antiga:EXCELENTE LOJA COMERCIAL, BAIRRO NOBRE, DE FRENTE, TÉRREO, PÉ DIREITO DUPLO, COFRE, BANHEIRO PARA DEFICIENTE, MESANINO COM 1 SALA + BANHEIRO MASCULINO/FEMININO, COZINHA, 2º ANDAR COM 5 SALAS + 1 BANHEIRO M/F E COZINHA, SAÍDA COM ELEVADOR QUE DÁ ACESSO A PORTARIA DO PRÉDIO, 3 VAGAS DE GARAGEM COBERTA, PORTARIA 12H
   
- PARA FACILITAR SUA COMPRA, AVALIAMOS SEU IMÓVEL E ESTUDAMOS JUNTO AO PROPRIETÁRIO A POSSIBILIDADE DE ENTRAR COMO PARTE DO PAGAMENTO, BEM COMO, INDICAMOS ALTERNATIVAS DE FINANCIAMENTO QUE PODEM
   CHEGAR ATÉ 90% DO VALOR TOTAL DO IMÓVEL A SER ADQUIRIDO, CONSULTE-NOS.
--------------------------------------------------------------------------
TR6245 - Descricao antiga:No bairro Sarandí, Excelente cobertura 3 dormitórios, 1 suíte, living 2 ambientes, copa- cozinha ampla e montada, suíte e um dormitório mobiliados, área de serviço, água quente, piso superior: living, sala de jantar enorme com churrasqueira, 1 gabinete, 1 banheiro social, terraço com cobertura parcial e vista  panorâmica.
SOMENTE À VISTA!

Agende sua visita conosco!
--------------------------------------------------------------------------
MF16616 - Descricao antiga:EMPREENDIMENTO DE STUDIOS RESIDENCIAIS COM EXCELENTE LOCALIZAÇÃO. PISCINA COM RAIA COBERTA, 2 SALÕES DE FESTAS COM PISTA DE DANÇA E VISTA PANORÂMICA, SALA DE JOGOS, FITNESS, TERRAÇO COM LOUNGE PANORÂMICO E CENTRAL DE SERVIÇOS PAY-PER-USE. PRÉDIO FUNCIONAL, ESTRUTURA DE APOIO COM UM MALL BOUTIQUE COM MAIS DE 30 OPÇÕES E LOJAS DE CONVENIÊNCIAS. ÚNICO EM PORTO ALEGRE A COMBINAR ESPAÇOS RESIDENCIAIS, COMERCIAIS E CORPORATIVOS.

 - PARA FACILITAR SUA COMPRA, AVALIAMOS SEU IMÓVEL E ESTUDAMOS JUNTO AO PROPRIETÁRIO A POSSIBILIDADE DE ENTRAR COMO PARTE DO PAGAMENTO, BEM COMO, INDICAMOS ALTERNATIVAS DE FINANCIAMENTO QUE PODEM CHEGAR ATÉ 90% DO VALOR TOTAL DO IMÓVEL A SER ADQUIRIDO, CONSULTE-NOS.
--------------------------------------------------------------------------
MF16617 - Descricao antiga:CONJUNTO EM EMPREENDIMENTO COMERCIAL COM EXCELENTE LOCALIZAÇÃO.  VISTA PANORÂMICA, CENTRAL DE SERVIÇOS PAY-PER-USE. PRÉDIO FUNCIONAL ÚNICO EM PORTO ALEGRE A COMBINAR ESPAÇOS RESIDENCIAIS, COMERCIAIS E CORPORATIVOS.
   
   **ENTRADA: ATO/30/60/90 DE R$ 128.794,82 + 28 PARCELAS DE R$ 4.337,18 + SALDO DE FINANCIAMENTO R$ 506.403,94
   
      - PARA FACILITAR SUA COMPRA, AVALIAMOS SEU IMÓVEL E ESTUDAMOS JUNTO AO PROPRIETÁRIO A POSSIBILIDADE DE ENTRAR COMO PARTE DO PAGAMENTO, BEM COMO, INDICAMOS ALTERNATIVAS DE FINANCIAMENTO QUE PODEM CHEGAR ATÉ 90% DO VALOR TOTAL DO IMÓVEL A SER ADQUIRIDO, CONSULTE-NOS.
--------------------------------------------------------------------------
MF16614 - Descricao antiga:EMPREENDIMENTO DE STUDIOS RESIDENCIAIS COM EXCELENTE LOCALIZAÇÃO. PISCINA COM RAIA COBERTA, 2 SALÕES DE FESTAS COM PISTA DE DANÇA E VISTA PANORÂMICA, SALA DE JOGOS, FITNESS, TERRAÇO COM LOUNGE PANORÂMICO E CENTRAL DE SERVIÇOS PAY-PER-USE. PRÉDIO FUNCIONAL, ESTRUTURA DE APOIO COM UM MALL BOUTIQUE COM MAIS DE 30 OPÇÕES E LOJAS DE CONVENIÊNCIAS. ÚNICO EM PORTO ALEGRE A COMBINAR ESPAÇOS RESIDENCIAIS, COMERCIAIS E CORPORATIVOS.
   
- PARA FACILITAR SUA COMPRA, AVALIAMOS SEU IMÓVEL E ESTUDAMOS JUNTO AO PROPRIETÁRIO A POSSIBILIDADE DE ENTRAR COMO PARTE DO PAGAMENTO, BEM COMO, INDICAMOS ALTERNATIVAS DE FINANCIAMENTO QUE PODEM CHEGAR ATÉ 90% DO VALOR TOTAL DO IMÓVEL A SER ADQUIRIDO, CONSULTE-NOS.
--------------------------------------------------------------------------
FE1430 - Descricao antiga:EXCELENTE PREDIO COMERCIAL DE 2 ANDARES, COMPOSTO DE 4 UNIDADES, 330M², PROPRIO PARA FINS COMERCIAIS. BEM LOCALIZADO.
--------------------------------------------------------------------------
LP53 - Descricao antiga:Terreno plano em excelente localização, 10x33m, possuí um casebre. Próximo ao Zaffari e Forum da Tristeza!!
--------------------------------------------------------------------------
MI8702 - Descricao antiga:EXCELENTE terreno no bairro Guarujá com uma ótima metragem 38,50 x 63 no total de 2425,50 m².
--------------------------------------------------------------------------
MI8701 - Descricao antiga:RESIDÊNCIA térrea com 2 dormitórios, living 2 ambientes, pátio e garagem. Localizada em excelente terreno com área de 334,5m² e dimensões 11,10 x 39,60 x 35,40 x 6,75m.
--------------------------------------------------------------------------
MI8777 - Descricao antiga:BELÍSSIMA residência com 04 suítes sendo 01 com closet, living 03 ambientes com lareira, gabinete, copa/cozinha montada, área de serviço, dependência de empregada, pátio com piscina e garagem para 02 carros.

--------------------------------------------------------------------------
MI8839 - Descricao antiga:LINDO sobrado no condomínio Moutanville, com 03 suítes, living 03 ambientes com lareira e lavabo, cozinha, área de serviço, pátio com churrasqueira piscina e vaga para 02 carros. Semi mobiliado, condomínio com ampla área de lazer, é um empreendimento diferenciado com
infra-estrutura de alto padrão e arquitetura requintada. São 87 lotes individuais que se distribuem pela encosta do Morro da Tapera, de onde se pode admirar um ângulo
privilegiado do rio Guaíba. Condomínio com infra completa, onde a natureza e uma das grandes atrações. Venha conhecer!!



--------------------------------------------------------------------------
BD1035 - Descricao antiga:EXCELENTE APARTAMENTO EM CONDOMÍNIO PRIVADO,03 DORMITÓRIOS (03 SUÍTES), LIVING COM LAREIRA E SACADA INTEGRADA, SALA DE JANTAR, HALL DE ENTRADA, LAVABO, GOURMETERIA COM CHURRASQUEIRA, LAVANDERIA, BANHEIRO SOCIAL. AGENDE UMA VISITA.
--------------------------------------------------------------------------
IK30777 - Descricao antiga:Cidade Novo Hamburgo -  Casa nova, piso porcelanato , acabamentode alto padrão, 03 dormitórios sendo uma suíte, sacada, pátio interno com 10,666mq privativos. condomínio dom piscina e salão de festas. Metragem privativa da casa 128,37mq.
--------------------------------------------------------------------------
CI17179 - Descricao antiga:Lindo sobrado com (750m²) em estilo serrano em  terreno (22x33) em grande aclive. Excelente e nobre endereço tambem para comercial para uso de clínicas, grupos de empresas, centro de estudos, restaurantes, etc. Pátio arborizado com um grande anexo (175m²) de lazer, garagem fechada (100m²) com a possibilidade para 8 carros.
Possibilidade do terreno lindeiro da esquerda para opção de estacionamento ou de aumento de área fechada, com (11x33) por R$ 1.460.000,00 (CI17343).
 

 


--------------------------------------------------------------------------
MF16547 - Descricao antiga:EXCELENTE CASA, 04 DORMITORIOS, 1 SUÍTE COM CLOSED, HIDRO, MESANINO, BANHEIRO SOCIAL, LIVING PARA 4 AMBIENTES, LAVABO, COZINHA, AREA DE SERVIÇO, SALA DE GINÁSTICA, LAREIRA, SACADA NOS DORMITÓRIOS E NO MESANINO, CHURRASQUEIRA, PISCINA, PÁTIO, 2 VAGAS DE GARAGEM COBERTAS + 2 VAGAS NO PÁTIO, AGUA QUENTE, TELHADO DE CERÂMICA, AQUECIMENTO SOLAR PARA TODOS OS AMBIENTES.
   
   *** ESTUDA PROPOSTA DE DAÇÃO ***
      - PARA FACILITAR SUA COMPRA, AVALIAMOS SEU IMÓVEL E ESTUDAMOS JUNTO AO PROPRIETÁRIO A POSSIBILIDADE DE ENTRAR COMO PARTE DO PAGAMENTO, BEM COMO, INDICAMOS ALTERNATIVAS DE FINANCIAMENTO QUE PODEM CHEGAR ATÉ 90% DO VALOR TOTAL DO IMÓVEL A SER ADQUIRIDO, CONSULTE-NOS.
--------------------------------------------------------------------------
MI8897 - Descricao antiga:EXCELENTE conjunto comercial com 61m² de área privativa, de frente, sol Oeste, mobiliado, com divisórias, rebaixo gesso e luminárias, ar condicionado central, piso frio, cozinha e banheiro. Só ocupar, não precisa reparo algum. Elevador, partaria das 8h às 20h. Ótima localização.
--------------------------------------------------------------------------
MI8895 - Descricao antiga:EXCELENTE sobrado de esquina com 3 suítes, sendo uma suíte master, vista para o rio, estar íntimo, amplo living com três ambientes, espaço gourmet com churrasqueira, pia e cooktop, sala de jantar com luz natural, cozinha com móveis sob medida, escritório, lavabo, dependência de empregada, área de serviço fechada e garagem coberta para 2 carros. Ficam na venda, todos os móveis sob medida e split. Com 117 lotes exclusivos e uma infra-estrutura diferenciada, o condomínio Altos do Lago reúne tudo que você pode esperar de um lugar para viver. Concluído em março deste ano, o empreendimento conta com piscina, campo de futebol (de grama), quadra de tênis e um amplo salão de festas em estilo colonial. Outra atração é o galpão crioulo, que vem equipado com cozinha, churrasqueiras e um forno a lenha para a preparação de pizzas e pratos tradicionais. O condomínio também dispõe de ampla segurança para você viver com a máxima tranqüilidade. Toda a área do empreendimento é fechada por muros devidamente equipados com cercamento eletrônico. A portaria controla as entradas e saídas e se mantém à disposição dos moradores 24 horas por dia. Se você precisar, é só chamar. 
--------------------------------------------------------------------------
CI19762 - Descricao antiga:Excelente sala com 381,84m² de área privativa,5 vagas de garagem. Edificio com portaria 24 horas e zelador.

--------------------------------------------------------------------------
VR12373 - Descricao antiga:LINDO APARTAMENTO DE 02 DORMITÓRIOS, ÓTIMA ORIENTAÇÃO SOLA. PRÉDIO NOVO, PRÓXIMO AO BIG. ACEITA FINANCIAMENTO. CONDOMINIO COM BAIXA COTA CONDOMINAL.
--------------------------------------------------------------------------
CI19759 - Descricao antiga:Excelente sala com 278,42 m² de área privativa, 4 vagas de garagem. Edificio com portaria 24horas e zelador.Vende somente todas as salas juntas.

--------------------------------------------------------------------------
MI8793 - Descricao antiga:ÓTIMO apartamento com 2 dormitórios, suíte, living 2 ambientes, sacada, copa/cozinha e garagem escriturada, ensolarado, condomínio com piscina adulto e infantil, playground, salão de festas, quadra de esportes, quiosques, fitness, churrasqueira e portaria 24h, perto de todas facilidades do bairro, agende sua visita!!!
--------------------------------------------------------------------------
LP23 - Descricao antiga:Casa com aproximadamente 250m², com metade do imóvel antigo, precisando de reformas e parte nova da casa em bom estado, possui oficina com banheiro nos fundos, serve como 2ª residência, excelente terreno, 12m x 55m.Vale á pena conferir!!!
--------------------------------------------------------------------------
MI8693 - Descricao antiga:EXCELENTE residência com 3 dormitórios sendo 1 suite, hidro, living 2 ambientes, copa/cozinha, quintal com churrasqueira,, sótao com sacada, podendo ser 4° dormitório ou atpe mesmo salão e festas, garagem para 2 carros.
--------------------------------------------------------------------------
LP21 - Descricao antiga:Casa de três 3 dormitórios muito bem conservada, suíte, lareira, hall de entrada. Salão de festas completo nos fundos, serve como apartamento individual ou dependência de empregada. Garagem coberta para 2 carros. Boa área de circulação. Terreno com 11m de largura.
Aceita, apartamento de 2 ou 3 com garagem na zona sul.
Próxima da 3ª perimetral, Jardim do Sol e Pedra Bonita.Vale á pena conferir !!!
--------------------------------------------------------------------------
CI19719 - Descricao antiga:Sítio próximo a General Motors em Gravataí com 5 dormitórios, duas suítes, lareira, churrasqueira, 4 vagas de garagem, salão de festas, piscina,cancha de bocha,6 cocheiras, galinheiro, 3 poços artesianos, açude, 2 galpões e casa de caseiro.
MATA NATIVA com figueiras centenárias e árvores frutíferas.
--------------------------------------------------------------------------
MI8658 - Descricao antiga:ÓTIMO terreno de esquina, em condomínio fechado, com área total de 978,8m² e área privativa de 719,20m². Condomínio com portaria 24h, lago, salão de festas, piscina, ampla área verde, excelente para caminhadas. Confira!
--------------------------------------------------------------------------
VIP17197 - Descricao antiga:Casa em Condomínio no bairro Boa Vista próximo do Country Club e colégio Anchieta com 03 dorm, sendo 01 suíte, cozinha mobiliada, dependência de empregada completa, área de serviço, lareira, churrasqueira, piscina e sotão.

Cozinha e dormitórios ficam com os móveis fixos e imóvel foi reformado recentemente.
--------------------------------------------------------------------------
MI8735 - Descricao antiga:Otimo sobrado com peças amplas, 3 dormitorios sendo 1 suite, living 2 ambientes, copa cozinha, lavabo, hall,com um lindo terraço, patio. Garagem com vaga para 1 carro. Residenci com total segurança.
--------------------------------------------------------------------------
TR6242 - Descricao antiga:No bairro Jardim Botânico, Residência 3 Dormitórios, sala, cozinha e banheiro embaixo e em cima. Total: 6 dormitórios, 2 salas, 2 cozinhas e 2 banheiros. Entrada independente.

Agende sua visita conosco!

--------------------------------------------------------------------------
MF16615 - Descricao antiga:EMPREENDIMENTO DE STUDIOS RESIDENCIAIS COM EXCELENTE LOCALIZAÇÃO. PISCINA COM RAIA COBERTA, 2 SALÕES DE FESTAS COM PISTA DE DANÇA E VISTA PANORÂMICA, SALA DE JOGOS, FITNESS, TERRAÇO COM LOUNGE PANORÂMICO E CENTRAL DE SERVIÇOS PAY-PER-USE. PRÉDIO FUNCIONAL, ESTRUTURA DE APOIO COM UM MALL BOUTIQUE COM MAIS DE 30 OPÇÕES E LOJAS DE CONVENIÊNCIAS. ÚNICO EM PORTO ALEGRE A COMBINAR ESPAÇOS RESIDENCIAIS, COMERCIAIS E CORPORATIVOS.

- PARA FACILITAR SUA COMPRA, AVALIAMOS SEU IMÓVEL E ESTUDAMOS JUNTO AO PROPRIETÁRIO A POSSIBILIDADE DE ENTRAR COMO PARTE DO PAGAMENTO, BEM COMO, INDICAMOS ALTERNATIVAS DE FINANCIAMENTO QUE PODEM CHEGAR ATÉ 90% DO VALOR TOTAL DO IMÓVEL A SER ADQUIRIDO, CONSULTE-NOS.
--------------------------------------------------------------------------
CI19761 - Descricao antiga:Excelente sala com 276,19m² privativos,3 vagas de garagem. Edificio com portaria 24 horas e zelador. vende somente todas as salas juntas.

--------------------------------------------------------------------------
CI17200 - Descricao antiga:COBERTURA DIFERENCIADA ALTO PADRÃO, 4 SUÍTES, LIVING 4 AMBIENTES, PISO EM DUAS SALAS COM MÁRMORE ITALIANA (METRAGEM DE CADA SALA 120 m²), LAVABO, COPA COZINHA, DEPENDENCIA EMPREGADA, TODAS TORNEIRAS DOURADAS. ESCADA MÁRMORE BRANCO, PAISAGISMO DE LÉO JAPUR.
PARTE DA COBERTURA: ENTRADA PELO 18º SEPARADA COM SALA 3 AMBIENTES, LAREIRA, CHURRASQUEIRA, DORMITÓRIO, SUÍTE. PISTA DE DANÇA, SOM CENTRAL, TERRAÇO, PISCINA.
PORTARIA 24h, PRÉDIO COM TODA INFRA ESTRUTURA, PISCINA, SALÃO DE FESTAS.
--------------------------------------------------------------------------
CI19713 - Descricao antiga:Excelente terreno com (22mx33m)=726m2 em aclive acentuado e de esquina numa nobre localização comercial próximo à Cristovão Colombo e Dom Pedro.
_______________________________________
Este terreno da descrição acima, tem a possibilidade de juntar-se ao lindeiro da sua esquerda (CI17343) por R$1.460.000,00.
Com (11x33)= 363m² com índice de (1.6).
Dando 3.321,64m² de área construtiva para 13 pavimentos sendo1 subsolo, térreo, 10 andares c/ 2 aptos de 3 dorms   1 de terraço, 40 vagas
num terreno que terá a medida de (33x33)= 1.089m².
--------------------------------------------------------------------------
VR12319 - Descricao antiga:ÓTIMA LOCALIZAÇÃO, CASA MISTA, COM 02 DORMITÓRIOS, 02 SALAS DE ESTAR E JANTAR,
02 BANHEIROS, GARAGEM FECHADA PARA 01 CARRO E COBERTURA PARA MAIS 02 CARROS, PÁTIO E ÁRVORES FRUTÍFERAS.
--------------------------------------------------------------------------
CI19732 - Descricao antiga:Terreno localizado no Condomínio Alphaville no Lote de Nº 92 da Vila Vêneto na ala Norte com ótima posição solar, distante da portaria e dos muros divisórios e situado na parte alta do Clube.


--------------------------------------------------------------------------
FE1442 - Descricao antiga:CINCO TERRENOS VENDIDOS SOMENTE JUNTOS, COM 57M² DE FRENTE, 29,55M² DO LADO ESQUERDO E 32M² DO LADO DIREITO. OTIMO PARA CONSTRUTORAS.
--------------------------------------------------------------------------
CI19795 - Descricao antiga:Apartamento de 02 dormitórios, living 02 ambientes, cozinha, dependência de empregada, banheiro auxiliar, área de serviço, banheiro social com hidro, entrada de serviço, salão de festas com churrasqueira, garagem com portão individual, baixo valor de condomínio, próximo a todos os recursos do bairro.
--------------------------------------------------------------------------
FE1447 - Descricao antiga:BELISSIMO PARQUE AQUATICO COM LANCHERIA COMPLETA, ESTACIONAMENTO PARA 1.000 CARROS, 200 CHURRASQUEIRAS, PLAYGROUND, PISCINA .EXCELENTE AREA PARA CONSTRUTORES  R$21,00M²
--------------------------------------------------------------------------
CI19796 - Descricao antiga:Apto tipo cobertura com sala 02 ambientes, 03 dorm, sendo uma suite, cozinha montada, área de serviço, banheiro social e auxiliar. Parte superior, sala com lareira, sala de jantar, cozinha americana com churrasqueira, gabinete, sala de leitura, gazebo e terraço com piscina. Prédio com piscina, fitness, salão de festas, briquedoteca, play ground e portaria24h.
--------------------------------------------------------------------------
MI8884 - Descricao antiga:EXCELENTE  sala comercial no 1º Corporate da Avenida Ipiranga: 34,91m², andar alto, vista panorâmica, 1 vaga garagem, possibilidade formar conjunto com 105m², adquirindo esta unidade e mais as salas 1011 e 1013. Prédio de última geração, 1 torre, 7 elevadores, pé direito duplo, sala reunião, espaço relax, salão convenções, controle de acesso com cartão leitura e catracas eletrônicas, segurança 24 horas. Circuito Interno de TV. Agende sua visita.
--------------------------------------------------------------------------
MI8885 - Descricao antiga:EXCELENTE  sala comercial no 1º Corporate da Avenida Ipiranga: 34,91m², andar alto, vista panorâmica, 1 vaga garagem, possibilidade formar conjunto com 105m², adquirindo esta unidade e mais as salas 1011 e 1013. Prédio de última geração, 1 torre, 7 elevadores, pé direito duplo, sala reunião, espaço relax, salão convenções, controle de acesso com cartão leitura e catracas eletrônicas, segurança 24 horas. Circuito Interno de TV. Agende sua visita.
--------------------------------------------------------------------------
VR12559 - Descricao antiga:APARTAMENTO COM 2 DORMITÓRIOS,SEMI MOBILIADO,PISO LAMINADO CHURRASQUEIRA NA COZINHA,POSIÇÃO SOLAR LESTE,TETO REBAIXADO EM GESSO,BOA LOCALIZAÇÃO.
--------------------------------------------------------------------------
MI8665 - Descricao antiga:BELÍSSIMO sobrado com alto padrão de acabamento e projeto diferenciado para vender na zona sul de Porto Alegre.Com 03 dormitórios, 01 suíte, living 02 ambientes com lareira e lavabo, sala de jantar, cozinha, escada metálica com degraus em granito, cozinha, área de serviço fechada, pátio, churrasqueira na cobertura e vaga para 02 veículos.Imóvel localizado em residêncial Lagos de Nova Ipanema, com uma infra-estrutura de altíssima qualidade, com  praça recreativa e quadra poliesportiva. No centro do complexo ainda há uma praça arborizada com lago, ideal para uma caminhada relaxante ao final da tarde ou para um chimarrão entre amigos.
--------------------------------------------------------------------------
MF16544 - Descricao antiga:ÓTIMO TERRENO, PLANO, NA ZONA SUL EM PLENO DESENVOLVIMENTO RESIDENCIAL. BEM LOCALIZADO. COM 13,20 M² DE FRENTE x 48,80 M² DE FRENTE A FUNDOS). POSSUI DM
   Possibilidade de adquirir o terreno ao lado.
   

 - PARA FACILITAR SUA COMPRA, AVALIAMOS SEU IMÓVEL E ESTUDAMOS JUNTO AO PROPRIETÁRIO A POSSIBILIDADE DE ENTRAR COMO PARTE DO PAGAMENTO, BEM COMO, INDICAMOS ALTERNATIVAS DE FINANCIAMENTO QUE PODEM CHEGAR ATÉ 90% DO VALOR TOTAL DO IMÓVEL A SER ADQUIRIDO, CONSULTE-NOS.
--------------------------------------------------------------------------
CI19705 - Descricao antiga:Casa com 3 dormitorios, proxima ao shoping iguatemi, rua calma,diferenciada, com sala 2 ambientes mais estar intimo,lavabo, cozinha montada, com jardim de inverno, sala de churrasqueira bem iluminada, 3 amplos dorm, sendo 1 suite com espaço para gabinete, piscina, jardim,
garagem para 3 carros.
Bem proximo ao rossi corporate, a casa pode ser comercial
--------------------------------------------------------------------------
DA3468 - Descricao antiga:Excelente Cobertura com 461m², living 3 ambientes em taboão,piscina com deck, vista para o Guaiba,terraço com jardim, jardim de inverno. Um apto. por andar.
--------------------------------------------------------------------------
LP14 - Descricao antiga:Casa de 3 dormitórios, em ponto comercial, boa para moradia ou negócio. A poucos metros da rotatória das avenidas Otto Niemeyer com Vicenta Monteggia.Vale á pena conferir!!!..
--------------------------------------------------------------------------
MI8685 - Descricao antiga:ÓTIMO terreno em aclive, com área de 385m² e dimensões 11 x 35m. Com residência de 3 dormitórios.
--------------------------------------------------------------------------
FE1502 - Descricao antiga:TRIPLEX COM TERRACO, 3 DORMITORIOS SENDO 1 SUITE, NO BAIRRO AUXILIADORA EM PORTO ALEGRE, LIVING PARA 2 AMBIENTES, LAREIRA, CHURRASQUEIRA, PECAS AMPLAS, GARAGEM PARA 4 CARROS.
NAO TEM TAXA DE CONDOMINIO.
COD 84912
--------------------------------------------------------------------------
