MF16772 - Descricao antiga:EXCELENTE SALA COMERCIAL AO LADO DO SHOPPING PRAIA DE BELAS, ANDAR ALTO (POSSIBILIDADE DE UNIR COM SALA COMERCIAL AO LADO).
   
    - PARA FACILITAR SUA COMPRA, AVALIAMOS SEU IMÓVEL E ESTUDAMOS JUNTO AO PROPRIETÁRIO A POSSIBILIDADE DE ENTRAR COMO PARTE DO PAGAMENTO, BEM COMO, INDICAMOS ALTERNATIVAS DE FINANCIAMENTO QUE PODEM
   CHEGAR ATÉ 90% DO VALOR TOTAL DO IMÓVEL A SER ADQUIRIDO, CONSULTE-NOS.
--------------------------------------------------------------------------
MF16753 - Descricao antiga:OTIMA OPORTUNIDADE,PROXIMO A ESPM 2 DORMITORIOS,AREA DE SERVIÇO, SOL DA MANHA.
   
    - PARA FACILITAR SUA COMPRA, AVALIAMOS SEU IMÓVEL E ESTUDAMOS JUNTO AO PROPRIETÁRIO A POSSIBILIDADE DE ENTRAR COMO PARTE DO PAGAMENTO, BEM COMO, INDICAMOS ALTERNATIVAS DE FINANCIAMENTO QUE PODEM
   CHEGAR ATÉ 90% DO VALOR TOTAL DO IMÓVEL A SER ADQUIRIDO, CONSULTE-NOS.
--------------------------------------------------------------------------
MI9223 - Descricao antiga:TERRENO plano para vender, com dimensões de 9,50x41 e 389,50m².
--------------------------------------------------------------------------
MI9125 - Descricao antiga:BELÍSSIMO sobrado para vender na zona sul de Porto Alegre com 3 suítes sendo 1 master com closet e lareira, living 3 ambientes com sacada, lareira, estúdio, web space, cozinha integrada, terraço, pátio, 2 churrasqueiras e 2 vagas na garagem.
--------------------------------------------------------------------------
MI9155 - Descricao antiga:APARTAMENTO 3 dormitórios, amplo, banho social, estar, jantar com sacada, área de serviço, cozinha/copa, piso parquet bem conservado, andar alto. Edifício com salão de festa no último andar, com vista. Próximo à  Praça da Matriz.
--------------------------------------------------------------------------
FE1559 - Descricao antiga:LINDA CASA COM 3 DORMITORIOS SENDO 1 SUITE MASTER COM SACADA E CLOSET, LIVING PARA 4 AMBIENTES COM LAREIRA, ESTAR INTIMO, PATIO COM PISCINA, CHURRASQUEIRA, LAVANDERIA, DEPENDENCIA PARA EMPREGADA, GARAGEM PARA 2 CARROS.
--------------------------------------------------------------------------
MI9074 - Descricao antiga:EXCELENTE ponto comercial com residência na frente de 2 dormitórios, living 2 ambientes, cozinha, área de serviço, 1 sobrado nos fundos de 1 dormitório.
--------------------------------------------------------------------------
BD1133 - Descricao antiga:PROJETO DIFERENCIADO NA CIDADE DE CANOAS, PRÉDIO CONCEITO EM ZONA ALTA E RESIDÊNCIAL,PRÓXIMO A COLÉGIO E ACESSOS A CENTRO E PORTO ALEGRE. APARTAMENTO 02 DORMITÓRIOS COM AMPLO ESPAÇO INTERNO, PAREDES DUPLAS, PISO AQUECIDO NOS BANHEIROS, MANTA ACÚSTICA NAS LAJES GARANTINDO MAIOR CONFORTO TÉRMICO E ACÚSTICO, PERSIANAS MOTORIZADAS E 02 VAGAS DE BOX POR APARTAMENTO.ARQUITETURA DIFERENCIADA, ÁREAS COMUNS REQUINTADAS ENTREGUES MOBILIADAS. POSSIBILIDADE DE AQUISIÇÃO DE BOX EXTRA.
--------------------------------------------------------------------------
MI9246 - Descricao antiga:LINDO sobrado em condominio fechado á venda com 03 dormitórios, suíte, living 02 ambientes, lareira, pátio e garagem com 02 vagas. Condominio com infraestrutura completa.Um empreendimento com alma e sensibilidade, concebido para valorizar o bem-estar das pessoas, suas prioridades, necessidades e aspirações, para despertar nelas os mais belos sentimentos da vida. 
É o lugar ideal para sua família e para os seus amigos, no qual vocês poderão apreciar o mais lindo pôr-do-sol do Guaíba, desfrutando de amplas áreas de lazer com muito verde, tudo isso com brilho e glamour. 
Quinta da Boa Vista Condomínio Imperial, maravilhosas residências de 4 e 5 dormitórios com muita segurança, lazer e conforto na melhor localização da Zona Sul situado no bairro Pedra Redonda  visitas  98085689 whatsapp
--------------------------------------------------------------------------
CS31001298 - Descricao antiga:EXCELENTE CASA EM CONDOMINIO, FINAMENTE DECORADA, MADEIRAS NOBRES, TERRAÇOS, PATIO ARBORIZADO C/ PISCINA.............



--------------------------------------------------------------------------
BD1134 - Descricao antiga:PROJETO DIFERENCIADO NA CIDADE DE CANOAS, PRÉDIO CONCEITO EM ZONA ALTA E RESIDÊNCIAL PRÓXIMA A COLÉGIO E ACESSOS A CENTRO E PORTO ALEGRE. APARTAMENTO 03 DORMITÓRIOS COM AMPLO ESPAÇO INTERNO, PAREDES DUPLAS, PISO AQUECIDO NOS BANHEIROS, MANTA ACÚSTICA NAS LAJES GARANTINDO MAIOR CONFORTO TÉRMICO E ACÚSTICO, PERSIANAS MOTORIZADAS E 02 VAGAS DE BOX POR APARTAMENTO. ARQUITETURA DIFERENCIADA, ÁREAS COMUNS REQUINTADAS ENTREGUES MOBILIADAS.
--------------------------------------------------------------------------
MI9196 - Descricao antiga:RESIDÊNCIA a venda no bairro Espirito Santo com 03 dormitórios, 01 suíte, living 02 ambientes amplo, cozinha, lavanderia, pátio com churrasqueira e garagem. Casa toda reformada!
--------------------------------------------------------------------------
CS31001468 - Descricao antiga:CASA na Rua São Manoel - Rio Branco, Porto Alegre, com 3 DORM C/ 01 SUÍTE E CLOSET, LIVING 02 AMBIENTES, GARAGEM FECHADA PARA 01 CARRO   01 EXTERNA, SALA DE JANTAR, LAVABO, COZINHA MONTADA, DEPENDÊNCIA PARA EMPREGADA    LAVANDERIA, PÁTIO C/ CHURRASQUEIRA.  
--------------------------------------------------------------------------
MI9207 - Descricao antiga:TERRENO á venda na zona sul de Porto Alegre no Imperial Parque, com área total de 100m² e dimensão de terreno de 10,00 x 10,00 plano.
--------------------------------------------------------------------------
FE1606 - Descricao antiga:Apartamento de 2 dormitorios no bairro Humaita em Porto Alegre. Apartamento semi-mobiliado de 52 m2, distribuídos em 2 dormitórios, cozinha com área de serviço conjugada, sala de estar/jantar, banheiro social, sacada com vistas para o condomínio, Box escriturado.

Neste imóvel foram feitas algumas melhorias como; colocação de piso cerâmico imitando a madeira, instalação de aquecedor com exaustão forçada de 16 L/M, instalação de água quente para cozinha com torneira monocomando (vale lembrar que a construtora entrega a cozinha com água fria), balcão e armário para a cozinha devidamente adaptados à bancada de granito, armário para TV conjugado com uma pequena mesa feito à medida, três ventiladores de teto, ducha 16 L/M devidamente instalada, colocação de três fechaduras antirroubo.

Infraestrutura do condomínio; segurança 24 horas, piscinas infantil e adulto, quadra poliesportiva, salão de festas, playground, churrasqueiras, gás central, elevador, baixo custo condominial.
--------------------------------------------------------------------------
MI9111 - Descricao antiga:TERRENO com leve declive para vender no bairro Camaquã com área total de 2.747m² e dimensão de terreno de 11,00 x 23,32.
--------------------------------------------------------------------------
CS31001392 - Descricao antiga: Otima cobertura, ao lado do Zaffari Higienópolis, no bairro Higienópolis em Porto Alegre, ensolarada, semi-mobiliada, dormitórios amplos, living 2 ambientes, toda reformada, cozinha montada, dependencia de empregada completa, parte superior c/ salão c/ lareira, churrasqueira, terraço c/ deck e piscina, 2 vagas na garagem.

Prédio pequeno, com elevador e zeladoria.
--------------------------------------------------------------------------
CI21072 - Descricao antiga:Excelente terreno plano em localização nobre e comercial com (21,56x22,02) 475m²  com 2 numerações tendo matrículas independentes, com 2 testadas de esquina com sol Leste e Norte.

--------------------------------------------------------------------------
MI9090 - Descricao antiga:CASA 3 DORMITÓRIOS BAIRRO LAGOS DE NOVA IPANEMA ZONA SUL DE PORTO ALEGRE RS, EXCELENTE casa 3 dormitórios sendo 1 suíte com sacada, living 2 ambientes,lavabo, cozinha , área de serviço. Pátio com churrasqueira, garagem para 2 carros. ÓTIMA localização, próximo a Estrada Edgar Pires de Castro e Costa Gama.
VALE A PENA CONFERIR!
--------------------------------------------------------------------------
MI9091 - Descricao antiga:Excelente casa no Condomínio Moutainville com 03 suítes amplas e arejadas, living 02 ambientes, lavabo, cozinha com ótimos acabamentos todos com piso em porcelanato e moveis planejados, área de serviço, pátio nos fundos com lindo jardim e piscina. Possui amplo espaço de lazer e ótima estrutura de condomínio.
Agende uma visita!!

--------------------------------------------------------------------------
FE1592 - Descricao antiga:OTIMA COBERTURA COM 2 DORMITORIOS SENDO 1 SUITE COM BANHEIRA DE HIDROMASSAGEM, LIVING PARA 2 AMBIENTES, GARAGEM PARA 2  CARROS, CHURRASQUEIRA, PECAS AMPLAS, PREDIO PEUQUENO EM RUA CALMA.
--------------------------------------------------------------------------
MI9093 - Descricao antiga:Casa de Alvenaria com terreno de área total 739,20m² para vender no bairro Espírito Santo, 2 dormitórios amplos, living 02 ambientes, cozinha, banheiro social com hidro, ambiente podendo ser sala de tv ou escritório \" vista para o quintal com árvores frutíferas\",  área de serviço  e mais uma casa ao lado com living e 02  salas!

--------------------------------------------------------------------------
