MI8525 - Descricao antiga:MARAVILHOSA e ampla residência NOVA, com 3 dormitórios, suíte, living 2 ambientes, churrasqueira, mezanino com vista panorâmica, sacada, belo quiosque com piscina e churrasqueira, amplo pátio, garagem para 4 carros e porteiro eletrônico. Confira!
--------------------------------------------------------------------------
MI8587 - Descricao antiga:EXCELENTE e ampla residência com 3 dormitórios, suíte com closet, living 2 ambientes com lareira, lavabo, cozinha montada, ótima orientação solar, pátio e garagem para 2 carros. Excelente localização, próximo a todos os recursos do bairro.
--------------------------------------------------------------------------
FE1399 - Descricao antiga:TERRENO COM 300M², COM CONSTRUCAO, RUA CALMA.
--------------------------------------------------------------------------
NK14358 - Descricao antiga:Excelente sobrado em condomínio fechado, guarita 24 horas, mata nativa, área de lazer com piscina, linda vista panorâmica:
no térreo possui living 3 ambientes com lareira; cozinha com área de serviço integrada; garagem coberta  para 2 carros; pátio com churrasqueira e pia auxiliar;
no primeiro andar possui 3 dormitórios sendo 1 suíte com hidro; banheiro social (sacada na suíte e no outro dormitório de frente);
no sótão possui ampla sala com banheiro social e dois pátios ou sacadas (frente e fundos);
--------------------------------------------------------------------------
FE1245 - Descricao antiga:EXCELENTE CONJUNTO COMERCIAL COM 32,33M², BANHEIRO, ENSOLARADO. OTIMA LOCALIZACAO.
BOX VENDIDO SEPARADAMENTE
--------------------------------------------------------------------------
FE1247 - Descricao antiga:EXCELENTE CONJUNTO COMERCIAL COM 32,33M², ENSOLARADO, OTIMA LOCALIZACAO.
box vendido separadamente
--------------------------------------------------------------------------
VR12088 - Descricao antiga:Apartamento de 1 dormitório, no bairro Cidade Baixa em Porto Alegre.
Imóvel com living, amplo banheiro social, banheiro auxiliar (desativado), cozinha reformada e área de serviço separada, com 41,00 m² de área privativa, muito arejado e iluminado,  piso laminado e instalação para junker.
Edifício com 2 elevadores, portaria 24 horas e gás central.
Excelente localização, a poucos metros da Av. Loureiro da Silva.
Venha fazer um ótimo negócio!
--------------------------------------------------------------------------
FE1397 - Descricao antiga:Apartamento 3( três) dormitórios, 1 suíte, no bairro Petrópolis, execelnte distribuição de planta,  próximo a Bancos e Supermercados. Prédio com infra estrutura total: poraria 24horas, piscina adulto infantil, salão de festas e academia.
--------------------------------------------------------------------------
FE1370 - Descricao antiga:PREDIO RESIDENCIAL COM 6 APARTAMENTOS DE UM DORMITORIO NO BAIRRO PETROPOLIS EM PORTO ALEGRE, MEDINDO 37,31M² PRIVATIVOS CADA, EXCELENTE LOCALIZACAO EM RUA CALMA NO CORACAO DO BAIRRO PETROPOLIS. OTIMO PARA INVESTIDORES. 
VENHA CONFERIR!
--------------------------------------------------------------------------
FE1107 - Descricao antiga:EXCELENTE TERRENO DE 20 X 75 M,COM DM DE 25 METROS PREDIO DE 10 ANDARES EM AREA NOBRE DE IPANEMA BEM PROXIMO A CAVALHADA,NUMA REGIAO EM PLENO DESENVOLVIMENTO.OTIMA OPORTUNIDADE PARA INVESTIDORES.VENHA CONFERIR
--------------------------------------------------------------------------
FE759 - Descricao antiga:Área com aproximadamente 10 hectares em localização nobre, próxima ao Centro da cidade, na cidade de Nova Santa Rita. Área própria para loteamento residencial, formada por 2 Matrículas, sendo uma de 5,2 hectares e a outra de 4,00 hectares. Aprovação de Projeto junto a Secretaria Municipal da própria cidade de Nova Santa Rita.
--------------------------------------------------------------------------
TR6164 - Descricao antiga:No bairro Higienópolis, Ótimo terreno com galpão e escritório com depósito em terreno de 8,69 de frente por 35,20metros, fundos, frente sul, área total de 305,80 m², e chalé de madeira.

Agende sua visita conosco!

--------------------------------------------------------------------------
NK14291 - Descricao antiga:Casa de madeira de 3 dormitórios, em ótima localização do bairro Menino Deus.
Living com lareira, edícula no pátio dos fundos com churrasqueira.
Terreno com grande potencial comercial, medindo 10x76m (760m²).
Não pode ser financiada, pois a construção não é de alvenaria.
--------------------------------------------------------------------------
FE699 - Descricao antiga:Ótimo conjunto / sala comercial, área privativa no Centro da cidade, com aproximadamente 30m² Excelente orinetação solar, de fundos, silenciosa, excelente orientação sola, com estacionamento nas proximiddaes para alugar, portaria, antena coletiva,1(um) banheiro social.

Venha Conhecer!
--------------------------------------------------------------------------
MI8578 - Descricao antiga:ÓTIMO apartamento no bairro Ipanema, com 04 dormitórios, sendo 01 suíte, living 02 ambientes, lavabo, pequeno terraço com churrasqueira e 04 vagas de garagem escrituradas. Condomínio com piscina, salão de festas, playground e portaria virtual, perto de todas facilidades do bairro, á 500 m do calçadão de Ipanema, vale conferir, agende sua visita!!!  
--------------------------------------------------------------------------
MI8543 - Descricao antiga:EXCELENTE casa no bairro Tristeza, com 03 suítes, sendo a master com sacada, amplo living, varanda, lavabo, cozinha ampla, área de serviço, pátio com churrasqueira e espera para sótão. Garagem para 03 carros e depósito. Gradil tipo tela. 
--------------------------------------------------------------------------
FE1066 - Descricao antiga:Casa com 3 ( três)  dormitórios, sendo 2 suítes com closet, no bairro Petrópolis, próximo a Av. Protásio Alves .Living para 03 ambientes, copa, cozinha, churrasqueira, salão de festas, ótima localização, terreno amplo. Própria para fins comerciais ou residenciais.

--------------------------------------------------------------------------
FE1383 - Descricao antiga:LINDA CASA COM 3 DORITORIOS SENDO 1 SUITE COM BANHEIRA DE HIDROMASSAGEM NO BAIRRO AGRONOMIA EM PORTO ALEGRE, DEPENDENCIA DE EMPREGADA, BANHEIRO SOCIAL, LAVABO, LIVING COM LAREIRA, CHURRASQUEIRA, DESPENSA.
--------------------------------------------------------------------------
MI8571 - Descricao antiga:EXCELENTE residência, com 3 dormitórios com piso laminado, suíte com sacada envidraçada, living 2 ambientes com lareira, copa/cozinha, sala de jantar, ótima orientação solar. Com pátio, salão de festas com churrasqueira e garagem para 2 carros.
--------------------------------------------------------------------------
CI19653 - Descricao antiga:ÁREA DE TERRA COM 24.085,75 m² com infra-estrutura para pesque-pague, poderá também ser utilizado para pousada, sede social para empresas.
* 06 açudes
* poço artesiano
* galpão campeiro
* casa de alvenaria com 120m².


--------------------------------------------------------------------------
MI8629 - Descricao antiga:ÓTIMO sobrado para vender na zona sul de Porto Alegre de 02 dormitórios sendo 01 suíte, living 02 ambientes, lavabo, copa/cozinha, área de serviço e vaga para 01 veículo.Próximo de escolas, comércio, supermercados e muitas outras comodidades.Dispõe de completa infra-estrutura, com praça totalmente equipada com quadras poli esportivas, de futebol, brinquedos, cercado de verde e muita natureza.
--------------------------------------------------------------------------
BD986 - Descricao antiga:BELO APARTAMENTO 02 DORMITÓRIOS COM 01 VAGA DE GARAGEM, ESPAÇOS INTEGRADOS, COM ÓTIMO PADRÃO DE ACABAMENTO, EM ÓTIMA LOCALIZAÇÃO - FÁCIL ACESSO A DIVERSOS PONTOS DA CIDADE. EDIFÍCIO EM CONSTRUÇÃO, PRONTO PARA MORAR.
--------------------------------------------------------------------------
MI8615 - Descricao antiga:ÓTIMO sobrado em condomínio fechado, com 2 dormitórios, living 2 ambientes com lareira e churrasqueira, lavabo, psio em porcelanato no piso térreo, sótão com lareira e churrasqueira, pátio, churrasqueira e garagem.                                                                                                                                                                                                                                                                                                                                                                                                                             
--------------------------------------------------------------------------
MI8611 - Descricao antiga:Ótimo sobrado no bairro Hípica Boulevard em Porto Alegre, em condomínio fechado, com 2 dormitórios, living 2 ambientes, lavabo, pátio e garagem. Venha Conferir!
--------------------------------------------------------------------------
FE1334 - Descricao antiga:LOJA NO BAIRRO GLORIA EM PORTO ALEGRE.
EXCELENTE LOJA COM 650 METROS,2 BANHEIROS,ESTACIONAMENTO NO MINIMO C/8 VAGAS DESCOBERTAS,GABINETE E NA PARTE SUPERIOR 2 APARTAMENTOS AMPLOS,CHURRASQUEIRAS,PISCINA,SALAO DE FESTAS,TERRACO,SACADA COM 794 METROS NA PARTE SUPERIOR,TOTALIZANDO 1.444 METROS EM TERRENO DE 20,50X38,31.OTIMA OPORTUNIDADE.CONFIRA AGORA
--------------------------------------------------------------------------
BD1015 - Descricao antiga:ÁREA EM ZONA CENTRAL, 814 M² EM AVENIDA DE FORTE FLUXO JUNTO AO CENTRO DE CANOAS, COM RÁPIDO ACESSO VIA BR-116 E A 5 MINUTOS A PÉ DO CALÇADÃO DE CANOAS. ÁREA IDEAL PARA CONSTRUÇÃO DE LOJAS, APARTAMENTOS E SALAS COMERCIAIS. ENTRE EM CONTATO CONOSCO.
venda, compra, vende-se, compro, vendo.
--------------------------------------------------------------------------
MI8455 - Descricao antiga:Condomínio Porto Belo no bairro Camaquã em Porto Alegre com 5 Casas construídas, 4 disponibilizadas para venda. 
Casa com 3 dormitórios, living 2 ambientes, cozinha americana, esquadrias e escadas em madeira, revestimento em porcelanato, garagem para 2 carros e pátio privativo. Confira!
--------------------------------------------------------------------------
MI8432 - Descricao antiga:EXCELENTE Residência com 3 dormitórios, 3 baheiros sendo uma é suíte ampla, living 2 ambientes, sacada, lavabo, piso em tabuão, sotão com lareira, terraço com churrasqueira, pátio e garagem coberta para dois carros. Localizado em residencial com áreas de lazer e segurança 24h.
--------------------------------------------------------------------------
CI19611 - Descricao antiga:Imóvel ideal como terreno para ponto comercial, tendo um muito bom ponto e localização de fácil acesso para centro e fora da cidade, com fácil estacionamento para clientes.
Excelente para  restaurante, bar, clínica, estética, consultórios, gabinetes, etc ........
Hoje com um prédio antigo, residencial e pequeno com 2 aptos de frente com muito boa estrutura para um novo projeto.




--------------------------------------------------------------------------
NK14362 - Descricao antiga:Excelente sobrado em condomínio fechado, guarita 24 horas, mata nativa, área de lazer com piscina, linda vista panorâmica:
no térreo possui living 3 ambientes com lareira; cozinha com área de serviço integrada; garagem coberta  para 2 carros; pátio com churrasqueira e pia auxiliar;
no primeiro andar possui 3 dormitórios sendo 1 suíte com hidro; banheiro social (sacada na suíte e no outro dormitório de frente);
no sótão possui ampla sala com banheiro social e dois pátios ou sacadas (frente e fundos);
--------------------------------------------------------------------------
FE313 - Descricao antiga:CASA NO BAIRRO PETROPOLIS EM  PORTO ALEGRE COM 280M². EXCELENTE PARA FINALIDADE COMERCIAL OU RESIDENCIAL. ZONA COM FORTE VIES COMERCIAL EM PETROPOLIS, EM PORTO ALEGRE E PROXIMO A PRACA DA ENCOL IMEDIACOES DA BELA VISTA E ESCOLAS. A CASA ESTA LOCADA! EXCELENTE NEGÓCIO PARA RENDA.
--------------------------------------------------------------------------
FE1032 - Descricao antiga:OTIMO TERRENO COM 792M², COM UMA CONSTRUCAO. EXCELENTE LOCALIZACAO.
--------------------------------------------------------------------------
FE1117 - Descricao antiga:Casa com 3(três) dormitórios, living para 3(três) ambientes, pátio amplo, com piscina, dependência de empregada , salão de festas com churrasqueira, copa , cozinha, próximo ao Centerlar. 
--------------------------------------------------------------------------
FE1239 - Descricao antiga:EXCELENTE PREDIO COMERCIAL DE ESQUINA COM 700M², TERRENO 50 X 25, PROXIMO A AVENIDA SERTORIO. 
--------------------------------------------------------------------------
MF16452 - Descricao antiga:DISCRETA E ACONCHEGANTE CASA DE 4 DORMITORIOS, A 5 MINUTOS DO IGUATEMI. PRÓXIMO DE RECURSOS, TODA REFORMADA EM 2001 COM ACABAMENTOS DE 1ª QUALIDAE.
   1º PAVIMENTO: 3 DORMITORIOS, 1 SUITE COM HIDRO, CLOSET E GABINETE, BANHEIRO SOCIAL COM HIDRO, LAVABO, LIVING 3 AMBIENTES COM ESCADA AMPLA DE MADEIRA NOBRE PARA ACESSO AO 2º PAVIMENTO, COZINHA AMERICANA AMPLA E MOBILIADA.
   2º PAVIMENTO: 1 DORMITORIO, LIVING 2 AMBIENTES COM BANCADA EM GRANITO E CHURRASQUEIRA, SACADA E TERRAÇÃO COM APROXIMADAMENTE 40M² (PODE SER COLOCADO UMA PISCINA), VISTA PANORAMICA PARA O MORRO E BAIRRO. BANHEIRO SOCIAL, A CASA TEM ESTRUTURA PARA CONSTRUIR O 3º PAVIMENTO, 4 VAGAS DE GARAGEM COBERTAS.
   
***ESTUDA-SE IMÓVEIS DE MENOR VALOR NO NEGÓCIO***
     
 - PARA FACILITAR SUA COMPRA, AVALIAMOS SEU IMÓVEL E ESTUDAMOS JUNTO AO PROPRIETÁRIO A POSSIBILIDADE DE ENTRAR COMO PARTE DO PAGAMENTO, BEM COMO, INDICAMOS ALTERNATIVAS DE FINANCIAMENTO QUE PODEM CHEGAR ATÉ 90% DO VALOR TOTAL DO IMÓVEL A SER ADQUIRIDO, CONSULTE-NOS.
--------------------------------------------------------------------------
FE1235 - Descricao antiga:EXCELENTE PREDIO COMERCIAL COM 363M², 8 BANHEIROS, GARAGEM PARA 4 CARROS, 2 PISOS. OTIMA LOCALIZACAO.
--------------------------------------------------------------------------
NK14363 - Descricao antiga:Lotes de terreno em condomínio fechado, com linda vista para o Guaíba, com mata nativa; Condomíno com área de lazer, guarita 24 horas.
Inclui projeto aprovado de construção de residências de 3 dormitórios (com  181m²). As medidas do terreno são: 6,70 x 15,75 m = 105,75m², em leve declive.

--------------------------------------------------------------------------
FE400 - Descricao antiga:Apartamento com 2 (dois) dormitórios, com 1 vaga de garagem, ao lado do Clube Grêmio Náutico União, com área privativa de 87,60m², gás central, pilotis, gradil, jardim, elevador, churrasqueira, lareira, salão de festas, TV a cabo,  suítes, 2 (dois) dormitórios  com armário, 1(um) banheiro  social, estar íntimo, lavabo, sala jantar, copa/cozinha, cozinha montada, área serviço, lareira, terraço, sacada, banheiro auxiliar, despensa, ar condicionado. na parede, ar condicionado central, água quente, piso em laminado,  apartamento com churrasqueira , 2(dois) living amb, vista panorâmica uma garagem  escriturada.
Ao lado do Clube Grêmio Náutico União. Venha conhecer!
--------------------------------------------------------------------------
FE1057 - Descricao antiga:Conjunto / Sala Comercial no bairro Petrópolis, Porto Alegre, com garagem, andar alto , em prédio com portaria 24horas. Composta de recepção, copa, sala e banheiro. Orientação solar leste, próprio para consultórios médicos, escritórios comerciais e outras atividades. 

Imóvel está alugado R$ 1.041,10.
--------------------------------------------------------------------------
MI8524 - Descricao antiga:LINDO sobrado  de 02 dormitórios, living 02 ambientes com lareira, sala de jantar,cozinha,área de serviço, pátio, churrasqueira e vaga para 02 carros.Excelente sobrado bem localizado no hipica boulevard, próximo de escolas, comércio, supermercados e muitas outras comodidades.Vale á pena conferir!
--------------------------------------------------------------------------
FE1051 - Descricao antiga:CASA COM 3 DORMITORIOS, SENDO 1 SUITE MASTER E 2 SUITES AMERICANAS NO BAIRRO VALA JARDIM EM PORTO ALEGRE , LIVING COM 70M², IMOVEL AMPLO. EM OTIMA LOCALIZACAO.
--------------------------------------------------------------------------
FE1053 - Descricao antiga:TERRENO COM 311 M², LOCALIZADO NAS IMEDIACOES DA TEIXEIRA MENDES COM 9 DE FRENTE POR 30,50 DE FRENTE A FUNDOS.
--------------------------------------------------------------------------
FE1052 - Descricao antiga:TERRENO DE ESQUINA LOCALIZADO NO ABIRRO CHACARA DAS PEDRAS EM PORTO ALEGRE CAMINHO PARA O SHOPPING IGUATEMI, BAIRRO CHACARA DAS PEDRAS, EM PORTO ALEGRE, COM AS SEGUINTES DIMENSOES: 11,60(FRENTE) X 13,90(FUNDOS)X 30,80(LATERAL)X 30,50(LATERAL)
--------------------------------------------------------------------------
MI8484 - Descricao antiga:LINDA casa de 03 dormitórios, sendo 1 suíte com closet e banheira de hidro, banheiro social, living 02 ambientes com lareira, cozinha, churrasqueira, pátio e vaga para 02 veículos. Residencial belíssimo perto de muito verde e com toda segurança, guarita 24hs, playground, quadras poliesportivas.A venda em um dos melhores residenciais da zona sul de Porto Alegre o Jardins do Prado. 
--------------------------------------------------------------------------
FE1404 - Descricao antiga:TERRENO 20,50 X 33,00M², EM OTIMA LOCALIZACAO NO BAIRRO CHACARA DAS PEDRAS EM PORTO ALEGRE.
--------------------------------------------------------------------------
FE1072 - Descricao antiga:COBERTURA COM TRES DORMITORIOS, LIVING COM DOIS AMBIENTES, DOIS BANHEIROS SOCIAIS, COPA COZINHA, AGUA QUENTE, AR CENTRAL, AR CONDICIONADO, CHURRASQUEIRA, TERRACO, OTIMA VISTA PANORAMICA E PORTARIA DOZE HORAS
--------------------------------------------------------------------------
NK14331 - Descricao antiga:Amplo apartamento  de 3 dormitórios.
Living grande de 2 ambientes com lavabo, copa/cozinha, banheiro com box blindex, ampla área de serviço.
Bem ensolarada e arejada. 
Extenso pátio no fundos da casa. 
Boa localização, próximo a Érico Veríssimo.
--------------------------------------------------------------------------
NK14336 - Descricao antiga:Casa Comercial, com área residencial de 4 dormitórios.
2 salas, 2 banheiros, cozinha, área de serviço com pátio nos fundos.
Garagem com vaga para 2 carros.
Terreno medindo 7,48 (frente)x22,80 e 8,20(fundos)x27,15
Excelente ponto comercial, em uma das avenidas mais movimentadas da região.
--------------------------------------------------------------------------
NK14334 - Descricao antiga:Amplo terreno, localizado próximo a av. Oscar Pereira. Dimensões: 17,60m x 55m. Atualmente, existe uma edificação em estado regular de conservação. 

--------------------------------------------------------------------------
MI8599 - Descricao antiga:ÓTIMO terreno plano com área de 440m² e dimensões de 11 x 40m. Apresenta uma residência no terreno.
--------------------------------------------------------------------------
PJ2225 - Descricao antiga:Apartamento 02 (dois) dormitórios, living 02 (dois) ambientes, banheiro social, cozinha e ampla área de serviço. Imóvel em bom estado de conservação e ótima localização, próximo a PUC, Avenida Bento Gonçalves e Carrefour.
Agende sua visita com um de nossos corretores.
--------------------------------------------------------------------------
PJ2237 - Descricao antiga:Sala Comercial com 17,00m², no Centro, ótima para consultório, frente.podendo se conjugada com outra sala ao lado.
--------------------------------------------------------------------------
PJ2249 - Descricao antiga:Apartamento 1 dormitório com vista para o guaíba, de frente, cozinha americana montada, impecável. Condomínio com serviço de camareira e lavanderia inclusos no condomínio, terraço, churrasqueira, salão de festas, sauna, piscina, gás central, portaria 24h e zelador. Vaga para locação próxima ao prédio. Ideal para executivos e estudantes.
--------------------------------------------------------------------------
PJ2195 - Descricao antiga:Ótimo apartamento de 02 (dois) dormitórios na Intercap, living de 02 (dois) ambientes com sacada e vista panorâmica, banheiro social e cozinha com área de serviço separada e banheiro auxiliar. Prédio pequeno, bem conservado, com ótimo salão de festas e amplo terraço. Boa localização próximo a Av. Ipiranga e PUC. Garagem dupla e escriturada que cabe até 03 (três) carros.
--------------------------------------------------------------------------
PJ2132 - Descricao antiga: APARTAMENTO de   3 dormitórios de frente ,no bairro Bom Fim em Porto Alegre/RS .    tem 3  dormitórios,, 1 gabinete, 1 suíte com hidromassagem,  living amplo para 3 ambientes, , 1 lavabo, , banheiro social,lavabo, copa, cozinha, área de serviço, lavanderia ,dependência de empregada, wc auxiliar,   com área total de 254 m\",  ensolarado, ventilação ótima. Uma (1) vaga de garagem escriturada.
  Condomínio com   portaria 24 horas, 2 elevadores, salão de festas,  gás central,  Uma (1)  vaga de garagem para visitantes   

EXCELENTE LOCALIZAÇÃO.

Agente sua visita!!
--------------------------------------------------------------------------
PJ2225 - Descricao antiga:Apartamento 02 (dois) dormitórios, living 02 (dois) ambientes, banheiro social, cozinha e ampla área de serviço. Imóvel em bom estado de conservação e ótima localização, próximo a PUC, Avenida Bento Gonçalves e Carrefour.
Agende sua visita com um de nossos corretores.
--------------------------------------------------------------------------
PJ2237 - Descricao antiga:Sala Comercial com 17,00m², no Centro, ótima para consultório, frente.podendo se conjugada com outra sala ao lado.
--------------------------------------------------------------------------
PJ2249 - Descricao antiga:Apartamento 1 dormitório com vista para o guaíba, de frente, cozinha americana montada, impecável. Condomínio com serviço de camareira e lavanderia inclusos no condomínio, terraço, churrasqueira, salão de festas, sauna, piscina, gás central, portaria 24h e zelador. Vaga para locação próxima ao prédio. Ideal para executivos e estudantes.
--------------------------------------------------------------------------
PJ2195 - Descricao antiga:Ótimo apartamento de 02 (dois) dormitórios na Intercap, living de 02 (dois) ambientes com sacada e vista panorâmica, banheiro social e cozinha com área de serviço separada e banheiro auxiliar. Prédio pequeno, bem conservado, com ótimo salão de festas e amplo terraço. Boa localização próximo a Av. Ipiranga e PUC. Garagem dupla e escriturada que cabe até 03 (três) carros.
--------------------------------------------------------------------------
PJ2132 - Descricao antiga: APARTAMENTO de   3 dormitórios de frente ,no bairro Bom Fim em Porto Alegre/RS .    tem 3  dormitórios,, 1 gabinete, 1 suíte com hidromassagem,  living amplo para 3 ambientes, , 1 lavabo, , banheiro social,lavabo, copa, cozinha, área de serviço, lavanderia ,dependência de empregada, wc auxiliar,   com área total de 254 m\",  ensolarado, ventilação ótima. Uma (1) vaga de garagem escriturada.
  Condomínio com   portaria 24 horas, 2 elevadores, salão de festas,  gás central,  Uma (1)  vaga de garagem para visitantes   

EXCELENTE LOCALIZAÇÃO.

Agente sua visita!!
--------------------------------------------------------------------------
PJ2225 - Descricao antiga:Apartamento 02 (dois) dormitórios, living 02 (dois) ambientes, banheiro social, cozinha e ampla área de serviço. Imóvel em bom estado de conservação e ótima localização, próximo a PUC, Avenida Bento Gonçalves e Carrefour.
Agende sua visita com um de nossos corretores.
--------------------------------------------------------------------------
PJ2237 - Descricao antiga:Sala Comercial com 17,00m², no Centro, ótima para consultório, frente.podendo se conjugada com outra sala ao lado.
--------------------------------------------------------------------------
PJ2249 - Descricao antiga:Apartamento 1 dormitório com vista para o guaíba, de frente, cozinha americana montada, impecável. Condomínio com serviço de camareira e lavanderia inclusos no condomínio, terraço, churrasqueira, salão de festas, sauna, piscina, gás central, portaria 24h e zelador. Vaga para locação próxima ao prédio. Ideal para executivos e estudantes.
--------------------------------------------------------------------------
PJ2195 - Descricao antiga:Ótimo apartamento de 02 (dois) dormitórios na Intercap, living de 02 (dois) ambientes com sacada e vista panorâmica, banheiro social e cozinha com área de serviço separada e banheiro auxiliar. Prédio pequeno, bem conservado, com ótimo salão de festas e amplo terraço. Boa localização próximo a Av. Ipiranga e PUC. Garagem dupla e escriturada que cabe até 03 (três) carros.
--------------------------------------------------------------------------
PJ2132 - Descricao antiga: APARTAMENTO de   3 dormitórios de frente ,no bairro Bom Fim em Porto Alegre/RS .    tem 3  dormitórios,, 1 gabinete, 1 suíte com hidromassagem,  living amplo para 3 ambientes, , 1 lavabo, , banheiro social,lavabo, copa, cozinha, área de serviço, lavanderia ,dependência de empregada, wc auxiliar,   com área total de 254 m\",  ensolarado, ventilação ótima. Uma (1) vaga de garagem escriturada.
  Condomínio com   portaria 24 horas, 2 elevadores, salão de festas,  gás central,  Uma (1)  vaga de garagem para visitantes   

EXCELENTE LOCALIZAÇÃO.

Agente sua visita!!
--------------------------------------------------------------------------
PJ2225 - Descricao antiga:Apartamento 02 (dois) dormitórios, living 02 (dois) ambientes, banheiro social, cozinha e ampla área de serviço. Imóvel em bom estado de conservação e ótima localização, próximo a PUC, Avenida Bento Gonçalves e Carrefour.
Agende sua visita com um de nossos corretores.
--------------------------------------------------------------------------
PJ2237 - Descricao antiga:Sala Comercial com 17,00m², no Centro, ótima para consultório, frente.podendo se conjugada com outra sala ao lado.
--------------------------------------------------------------------------
PJ2249 - Descricao antiga:Apartamento 1 dormitório com vista para o guaíba, de frente, cozinha americana montada, impecável. Condomínio com serviço de camareira e lavanderia inclusos no condomínio, terraço, churrasqueira, salão de festas, sauna, piscina, gás central, portaria 24h e zelador. Vaga para locação próxima ao prédio. Ideal para executivos e estudantes.
--------------------------------------------------------------------------
PJ2195 - Descricao antiga:Ótimo apartamento de 02 (dois) dormitórios na Intercap, living de 02 (dois) ambientes com sacada e vista panorâmica, banheiro social e cozinha com área de serviço separada e banheiro auxiliar. Prédio pequeno, bem conservado, com ótimo salão de festas e amplo terraço. Boa localização próximo a Av. Ipiranga e PUC. Garagem dupla e escriturada que cabe até 03 (três) carros.
--------------------------------------------------------------------------
PJ2132 - Descricao antiga: APARTAMENTO de   3 dormitórios de frente ,no bairro Bom Fim em Porto Alegre/RS .    tem 3  dormitórios,, 1 gabinete, 1 suíte com hidromassagem,  living amplo para 3 ambientes, , 1 lavabo, , banheiro social,lavabo, copa, cozinha, área de serviço, lavanderia ,dependência de empregada, wc auxiliar,   com área total de 254 m\",  ensolarado, ventilação ótima. Uma (1) vaga de garagem escriturada.
  Condomínio com   portaria 24 horas, 2 elevadores, salão de festas,  gás central,  Uma (1)  vaga de garagem para visitantes   

EXCELENTE LOCALIZAÇÃO.

Agente sua visita!!
--------------------------------------------------------------------------
PJ2225 - Descricao antiga:Apartamento 02 (dois) dormitórios, living 02 (dois) ambientes, banheiro social, cozinha e ampla área de serviço. Imóvel em bom estado de conservação e ótima localização, próximo a PUC, Avenida Bento Gonçalves e Carrefour.
Agende sua visita com um de nossos corretores.
--------------------------------------------------------------------------
PJ2237 - Descricao antiga:Sala Comercial com 17,00m², no Centro, ótima para consultório, frente.podendo se conjugada com outra sala ao lado.
--------------------------------------------------------------------------
PJ2249 - Descricao antiga:Apartamento 1 dormitório com vista para o guaíba, de frente, cozinha americana montada, impecável. Condomínio com serviço de camareira e lavanderia inclusos no condomínio, terraço, churrasqueira, salão de festas, sauna, piscina, gás central, portaria 24h e zelador. Vaga para locação próxima ao prédio. Ideal para executivos e estudantes.
--------------------------------------------------------------------------
PJ2195 - Descricao antiga:Ótimo apartamento de 02 (dois) dormitórios na Intercap, living de 02 (dois) ambientes com sacada e vista panorâmica, banheiro social e cozinha com área de serviço separada e banheiro auxiliar. Prédio pequeno, bem conservado, com ótimo salão de festas e amplo terraço. Boa localização próximo a Av. Ipiranga e PUC. Garagem dupla e escriturada que cabe até 03 (três) carros.
--------------------------------------------------------------------------
PJ2132 - Descricao antiga: APARTAMENTO de   3 dormitórios de frente ,no bairro Bom Fim em Porto Alegre/RS .    tem 3  dormitórios,, 1 gabinete, 1 suíte com hidromassagem,  living amplo para 3 ambientes, , 1 lavabo, , banheiro social,lavabo, copa, cozinha, área de serviço, lavanderia ,dependência de empregada, wc auxiliar,   com área total de 254 m\",  ensolarado, ventilação ótima. Uma (1) vaga de garagem escriturada.
  Condomínio com   portaria 24 horas, 2 elevadores, salão de festas,  gás central,  Uma (1)  vaga de garagem para visitantes   

EXCELENTE LOCALIZAÇÃO.

Agente sua visita!!
--------------------------------------------------------------------------
PJ2225 - Descricao antiga:Apartamento 02 (dois) dormitórios, living 02 (dois) ambientes, banheiro social, cozinha e ampla área de serviço. Imóvel em bom estado de conservação e ótima localização, próximo a PUC, Avenida Bento Gonçalves e Carrefour.
Agende sua visita com um de nossos corretores.
--------------------------------------------------------------------------
PJ2237 - Descricao antiga:Sala Comercial com 17,00m², no Centro, ótima para consultório, frente.podendo se conjugada com outra sala ao lado.
--------------------------------------------------------------------------
PJ2249 - Descricao antiga:Apartamento 1 dormitório com vista para o guaíba, de frente, cozinha americana montada, impecável. Condomínio com serviço de camareira e lavanderia inclusos no condomínio, terraço, churrasqueira, salão de festas, sauna, piscina, gás central, portaria 24h e zelador. Vaga para locação próxima ao prédio. Ideal para executivos e estudantes.
--------------------------------------------------------------------------
PJ2195 - Descricao antiga:Ótimo apartamento de 02 (dois) dormitórios na Intercap, living de 02 (dois) ambientes com sacada e vista panorâmica, banheiro social e cozinha com área de serviço separada e banheiro auxiliar. Prédio pequeno, bem conservado, com ótimo salão de festas e amplo terraço. Boa localização próximo a Av. Ipiranga e PUC. Garagem dupla e escriturada que cabe até 03 (três) carros.
--------------------------------------------------------------------------
PJ2132 - Descricao antiga: APARTAMENTO de   3 dormitórios de frente ,no bairro Bom Fim em Porto Alegre/RS .    tem 3  dormitórios,, 1 gabinete, 1 suíte com hidromassagem,  living amplo para 3 ambientes, , 1 lavabo, , banheiro social,lavabo, copa, cozinha, área de serviço, lavanderia ,dependência de empregada, wc auxiliar,   com área total de 254 m\",  ensolarado, ventilação ótima. Uma (1) vaga de garagem escriturada.
  Condomínio com   portaria 24 horas, 2 elevadores, salão de festas,  gás central,  Uma (1)  vaga de garagem para visitantes   

EXCELENTE LOCALIZAÇÃO.

Agente sua visita!!
--------------------------------------------------------------------------
PJ2225 - Descricao antiga:Apartamento 02 (dois) dormitórios, living 02 (dois) ambientes, banheiro social, cozinha e ampla área de serviço. Imóvel em bom estado de conservação e ótima localização, próximo a PUC, Avenida Bento Gonçalves e Carrefour.
Agende sua visita com um de nossos corretores.
--------------------------------------------------------------------------
PJ2237 - Descricao antiga:Sala Comercial com 17,00m², no Centro, ótima para consultório, frente.podendo se conjugada com outra sala ao lado.
--------------------------------------------------------------------------
PJ2249 - Descricao antiga:Apartamento 1 dormitório com vista para o guaíba, de frente, cozinha americana montada, impecável. Condomínio com serviço de camareira e lavanderia inclusos no condomínio, terraço, churrasqueira, salão de festas, sauna, piscina, gás central, portaria 24h e zelador. Vaga para locação próxima ao prédio. Ideal para executivos e estudantes.
--------------------------------------------------------------------------
PJ2195 - Descricao antiga:Ótimo apartamento de 02 (dois) dormitórios na Intercap, living de 02 (dois) ambientes com sacada e vista panorâmica, banheiro social e cozinha com área de serviço separada e banheiro auxiliar. Prédio pequeno, bem conservado, com ótimo salão de festas e amplo terraço. Boa localização próximo a Av. Ipiranga e PUC. Garagem dupla e escriturada que cabe até 03 (três) carros.
--------------------------------------------------------------------------
PJ2132 - Descricao antiga: APARTAMENTO de   3 dormitórios de frente ,no bairro Bom Fim em Porto Alegre/RS .    tem 3  dormitórios,, 1 gabinete, 1 suíte com hidromassagem,  living amplo para 3 ambientes, , 1 lavabo, , banheiro social,lavabo, copa, cozinha, área de serviço, lavanderia ,dependência de empregada, wc auxiliar,   com área total de 254 m\",  ensolarado, ventilação ótima. Uma (1) vaga de garagem escriturada.
  Condomínio com   portaria 24 horas, 2 elevadores, salão de festas,  gás central,  Uma (1)  vaga de garagem para visitantes   

EXCELENTE LOCALIZAÇÃO.

Agente sua visita!!
--------------------------------------------------------------------------
PJ2225 - Descricao antiga:Apartamento 02 (dois) dormitórios, living 02 (dois) ambientes, banheiro social, cozinha e ampla área de serviço. Imóvel em bom estado de conservação e ótima localização, próximo a PUC, Avenida Bento Gonçalves e Carrefour.
Agende sua visita com um de nossos corretores.
--------------------------------------------------------------------------
PJ2237 - Descricao antiga:Sala Comercial com 17,00m², no Centro, ótima para consultório, frente.podendo se conjugada com outra sala ao lado.
--------------------------------------------------------------------------
PJ2249 - Descricao antiga:Apartamento 1 dormitório com vista para o guaíba, de frente, cozinha americana montada, impecável. Condomínio com serviço de camareira e lavanderia inclusos no condomínio, terraço, churrasqueira, salão de festas, sauna, piscina, gás central, portaria 24h e zelador. Vaga para locação próxima ao prédio. Ideal para executivos e estudantes.
--------------------------------------------------------------------------
PJ2195 - Descricao antiga:Ótimo apartamento de 02 (dois) dormitórios na Intercap, living de 02 (dois) ambientes com sacada e vista panorâmica, banheiro social e cozinha com área de serviço separada e banheiro auxiliar. Prédio pequeno, bem conservado, com ótimo salão de festas e amplo terraço. Boa localização próximo a Av. Ipiranga e PUC. Garagem dupla e escriturada que cabe até 03 (três) carros.
--------------------------------------------------------------------------
PJ2132 - Descricao antiga: APARTAMENTO de   3 dormitórios de frente ,no bairro Bom Fim em Porto Alegre/RS .    tem 3  dormitórios,, 1 gabinete, 1 suíte com hidromassagem,  living amplo para 3 ambientes, , 1 lavabo, , banheiro social,lavabo, copa, cozinha, área de serviço, lavanderia ,dependência de empregada, wc auxiliar,   com área total de 254 m\",  ensolarado, ventilação ótima. Uma (1) vaga de garagem escriturada.
  Condomínio com   portaria 24 horas, 2 elevadores, salão de festas,  gás central,  Uma (1)  vaga de garagem para visitantes   

EXCELENTE LOCALIZAÇÃO.

Agente sua visita!!
--------------------------------------------------------------------------
PJ2225 - Descricao antiga:Apartamento 02 (dois) dormitórios, living 02 (dois) ambientes, banheiro social, cozinha e ampla área de serviço. Imóvel em bom estado de conservação e ótima localização, próximo a PUC, Avenida Bento Gonçalves e Carrefour.
Agende sua visita com um de nossos corretores.
--------------------------------------------------------------------------
PJ2237 - Descricao antiga:Sala Comercial com 17,00m², no Centro, ótima para consultório, frente.podendo se conjugada com outra sala ao lado.
--------------------------------------------------------------------------
PJ2249 - Descricao antiga:Apartamento 1 dormitório com vista para o guaíba, de frente, cozinha americana montada, impecável. Condomínio com serviço de camareira e lavanderia inclusos no condomínio, terraço, churrasqueira, salão de festas, sauna, piscina, gás central, portaria 24h e zelador. Vaga para locação próxima ao prédio. Ideal para executivos e estudantes.
--------------------------------------------------------------------------
PJ2195 - Descricao antiga:Ótimo apartamento de 02 (dois) dormitórios na Intercap, living de 02 (dois) ambientes com sacada e vista panorâmica, banheiro social e cozinha com área de serviço separada e banheiro auxiliar. Prédio pequeno, bem conservado, com ótimo salão de festas e amplo terraço. Boa localização próximo a Av. Ipiranga e PUC. Garagem dupla e escriturada que cabe até 03 (três) carros.
--------------------------------------------------------------------------
PJ2132 - Descricao antiga: APARTAMENTO de   3 dormitórios de frente ,no bairro Bom Fim em Porto Alegre/RS .    tem 3  dormitórios,, 1 gabinete, 1 suíte com hidromassagem,  living amplo para 3 ambientes, , 1 lavabo, , banheiro social,lavabo, copa, cozinha, área de serviço, lavanderia ,dependência de empregada, wc auxiliar,   com área total de 254 m\",  ensolarado, ventilação ótima. Uma (1) vaga de garagem escriturada.
  Condomínio com   portaria 24 horas, 2 elevadores, salão de festas,  gás central,  Uma (1)  vaga de garagem para visitantes   

EXCELENTE LOCALIZAÇÃO.

Agente sua visita!!
--------------------------------------------------------------------------
PJ2235 - Descricao antiga:Garagem, 01 (uma) vaga, coberta, com 12m², bairro Rio Branco. Existe outra vaga ao lado.
Agende sua visita com um de nossos corretores.
--------------------------------------------------------------------------
PJ2131 - Descricao antiga:Apartamento de 2 dormitórios, no bairro Medianeira. Amplo! Com sacada, cozinha em estilo americano, com churrasqueira, banheiro social e área de serviço. Prédio pequeno com 8 apartamentos. Garagem por convenção. Próximo a Oscar Pereira. Agende sua visita!
--------------------------------------------------------------------------
PJ2136 - Descricao antiga:Apartamento 02 dormitórios, no bairro Partenon/Intercap, próximo a Avenida Ipiranga, PUC e UFRGS. Living 2 ambientes, banheiro social, cozinha e área de serviço. Prédio pequeno bem conservado em frente a praça. Garagem escriturada em condomínio de garagens a 40 metros do prédio.
Obs.pode ser vendido sem a garagem por
R$ 20.000,00 a menos

Venha conferir!!
--------------------------------------------------------------------------
PJ2137 - Descricao antiga:Apartamento 02 dormitórios, bairro Menino Deus .
Ótimo apartamento, ensolarado, ventilado com segurança 24 horas, living 2 ambientes, cozinha montada, área de serviço, 02 ar-condicionados, banheiro, muito bem conservado e reformado, área de lazer, jardim, churrasqueira.
Agente sua visita!
--------------------------------------------------------------------------
PJ2134 - Descricao antiga:Apartamento 2 dormitórios, 01 suíte, andar alto, sanca de gesso. Condomínio com piscinas adulto e infantil, academia  e demais infraestruturas, 01 vaga de garagem.

Agende sua visita!!
--------------------------------------------------------------------------
PJ2135 - Descricao antiga:Apartamento de 2 (dois) dormitórios, no bairro Jardim Botânico. Com living para 2 ambientes, cozinha, área de serviço e banheiro social. Excelente localização, próximo ao  shopping  Bourbon e as Avenidas Bento Gonçalves  e Ipiranga. Com garagem ao lado para locar. Um lance de escada.

Agende já sua visita!!
--------------------------------------------------------------------------
PJ2115 - Descricao antiga:Casa Residencial no bairro Santana, possui 3 pavimentos, no térreo garagem para 4 carros e pátio. Primeiro pavimento possui living 2 ambientes, copa cozinha, área de serviço, 1 dormitório e banheiro social. Segundo piso 3 dormitórios, banheiro social, terraço. Bem localizada, podendo ser residencial, comercial ou construir.Terreno com  399,30 m² (12,10 x 33,00). Aceita permuta.
Agende uma visita com um de nossos corretores.
--------------------------------------------------------------------------
