CM2953 - Descricao antiga:MARAVILHOSA CASA EM CONDOMINIO FECHADO PROXIMO AO SHOPPING IGUATEMI!!

CASA COM LIVING PARA 3 AMBIENTES COM LAVABO LAREIRA, AMBIENTE COM CHURRASQUEIRA, SAIDA PARA O JARDIM COM PISCINA,PISO AQUECIDO EM TODOS OS AMBIENTES, 3 DORMITORIOS SENDO 2 SUITES COM CLOSET UMA MASTER COM HIDROMASSAGEM E BANHO SEPARADO OPÇÃO DO 4º DORMITORIO  ESTAR INTIMO COZINHA AMPLA COM AREA DE SERVIÇO E DEPENDENCIA DE EMPREGADA. ENTRADA SOCIAL  E DE SERVIÇO!

CONDOMINIO COM TODA A SEGURANCA E INFRA ESTRUTURA INCLUSIVE QUADRA DE TENIS E PADEL!!!

AGENDE SUA VISITA

--------------------------------------------------------------------------
NK14142 - Descricao antiga:Linda casa de 5 dormitórios, sendo 2 suítes,  no bairro Assunção, vista para o rio Guaíba, living 3 ambientes, sendo um deles com lareira e outro com churrasqueira, sala de jantar e estar, ampla cozinha, lavanderia, garagem coberta para 3 carros e dependência de empregada. A imóvel ainda possui, em seu terreno, um galpão crioullo com churrasqueira, sala de ginástica e amplo patio. O terreno mede aproximadamente 12x53m. 

--------------------------------------------------------------------------
CI19468 - Descricao antiga:Excelente ponto comercial, casa de aprox. 150m00m², encima de um terreno de 11,00x37,80 - casa de 3dorms, living cozinha, estar íntimo,banheiro.  O terreno é muito bom, excelente para uma loja, ou qualquer ponto comercial, pois está localizado no meio da Teixeira Mendes, onde existem lojas, de decoração, boutiques de roupas, sapatos, móveis, etc.
--------------------------------------------------------------------------
CI19466 - Descricao antiga: Casa no morro Santa Teresa , em rua calma com toda a segurança, proximo a  condominio, segurança 24hs na rua, com living para 4 ambientes, estar intimo,  adega,4 suites, 1 split em cada suite, calefação em toda a casa, piso aquecido nos banheiros das suites,  suite master espetacular com hidro,portas automáticas de aluminio do estar intimo para o jardim, piscina, lareira, fitness,
cozina completa.lindo jardim,garagem fechada para 5 carros.
--------------------------------------------------------------------------
BD938 - Descricao antiga:EXCELENTE COBERTURA 2 DORMITÓRIOS, 01 VAGA COBERTA, NO CENTRO, COM UMA VISTA ÓTIMA, OPORTUNIDADE IMPERDÍVEL.
venda, compra, vende-se, compro, vendo.
--------------------------------------------------------------------------
CI19379 - Descricao antiga:Casa com (372m²) em 2 pavimentos que precisam de melhorias, com passagens nos recuos laterais esquerdo e direito dando acesso ao pátio gramado com piscina, situada em local alto e arborizado, silencioso, residencial, em rua estreita e tranquila. 
Pavimento térreo possui 4 dormitorios (2 suites) a principal com sacada, hall, lavabo, gabinete e web, sala de janta com sacada, copa cozinha.
Pavimento inferior com garagem (4 vagas), 2 dorms empregada, mais 1 dorm (caseiro ou hóspede) serviço, pátio (leste) gramado, arborizado e com piscina.
--------------------------------------------------------------------------
BD861 - Descricao antiga:CASA NO BAIRRO NITERÓI EM CANOAS, EM ALVENARIA PRÓXIMO DA SAÍDA PARA PORTO ALEGRE, ACEITA PROPOSTAS!
--------------------------------------------------------------------------
VR11097 - Descricao antiga:APARTAMENTO DE 1 DORMITÓRIO NO CENTRO DE SÃO LEOPOLDO COM ÁREA PRIVATIVA DE 52,20M², SALA, BANHEIRO, COZINHA E ÁREA DE SERVIÇO.
--------------------------------------------------------------------------
GS1381 - Descricao antiga:Apartamento no bairro Sarandi, próximo a Cassol. Com 2 dormitórios e 1 vaga de garagem escriturada.
Com living para 2 ambientes, cozinha montada, churrasqueira e split. Ficam móveis da cozinha montada, aquecedor, 2 ar condicionados e dormitório casal sob medida. Condomínio com portaria 24h,  playground, piscina e churrasqueira
--------------------------------------------------------------------------
MI8186 - Descricao antiga:Excelente sobrado no Altos do Ipê, a cinco minutos do Zaffari de Ipanema, 3 dormitórios sendo um com  suíte e closet, living amplo com dois ambientes, lareira e lavabo, cozinha estilo americana, despensa, sala de jogos com churrasqueira, terraço, garagem para dois carros cobertos, pátio. Obs: ficam todos os moveis feitos sob medidas e Splits. Imperdível!
--------------------------------------------------------------------------
MF16249 - Descricao antiga:LOJA COM AMPLO SALÃO, BANHEIRO SOCIAL, LAVATÓRIO E PORÃO. ACESSO INTERNO PARA DEPÓSITO.
   
    - PARA FACILITAR SUA COMPRA, AVALIAMOS SEU IMÓVEL E ESTUDAMOS JUNTO AO PROPRIETÁRIO A POSSIBILIDADE DE ENTRAR COMO PARTE DO PAGAMENTO, BEM COMO, INDICAMOS ALTERNATIVAS DE FINANCIAMENTO QUE PODEM
   CHEGAR ATÉ 90% DO VALOR TOTAL DO IMÓVEL A SER ADQUIRIDO, CONSULTE-NOS.
--------------------------------------------------------------------------
CI17137 - Descricao antiga:Lindo sobrado (400m2), reformado, semi mobiliado, com privacidade, muito sol e segurança (cerca elétrica/alarme), localizado em parte plana e junto a todos recursos do MONT SERRAT sendo excelente tambem para comercial.
Parte térrea com social completo/lareira, piso porcelanato/ tabuão e frio, jardim de inverno que tem opção para 1 elevador, cozinha com copa, lavanderia, dorm emp, varanda grande fechada e independente com o ambiente do jantar/bar/chu. Pátio gramado, ajardinado com solarium e piscina. Galpão crioulo com banho, churrasqueira e fogão à lenha. 
4 vagas.
Parte superior piso laminado marfim, 4 dorms com armários Inovare, suite com sacadão (terraço) com vista para o jardim(L/N)
--------------------------------------------------------------------------
TR6163 - Descricao antiga:No bairro Higienópolis, Ótimo terreno com residência de Alvenaria (2 pavimentos) em terreno de 8,69 de frente por 35,20 de fundos. Possui área de terreno 305,88m², na matrícula consta chalé de madeira mista.

Agende sua visita conosco!


--------------------------------------------------------------------------
CI19479 - Descricao antiga:Excelente casa em condomínio horizontal, Place Vendome, no coração da Boa Vista, condomínio com 12 casas e estrutura de lazer. Casa ampla e achonchegante com mezanino, este com estar íntimo e sacada. Living amplo integrado com uma área de churrasqueira e sala de jantar. No segundo andar ficam 2quartos e banheiros e no terceiro andar fica uma ampla suíte master, com aprox 42m². Embaixo das escadas existem depósitos. No andar das garagens existe um amplo salão onde hoje tem um estar íntimo, dep empregada, lavanderia e banheiros.
--------------------------------------------------------------------------
MI8275 - Descricao antiga:EXCELENTE residência em condomínio fechado com 3 dormitórios, suíte master, living 3 ambientes em porcelanato, churrasqueira, lavabo, hall, espera para  lareira, cozinha montada, pátio, garagem com vaga para 2 carros. Condomínio de luxo com piscina, salão de festas, quadra de esportes, playground, sala de jogos, quiosque, espaço gourmet e portaria 24 horas.
--------------------------------------------------------------------------
MI8120 - Descricao antiga:EXCELENTE residência á venda na zona sul de Porto Alegre com 5 dormitórios sendo 2 suites, living 2 ambiente, parede dupla, churrasqueira, dependencia de empregada, condominio com salão de festas, bocha, tenis, futebol, pista de skate, garagem com vaga para 3 carros. Vale a pena conferir!
--------------------------------------------------------------------------
VR11207 - Descricao antiga:APARTAMENTO 02 DORMITÓRIOS, COM SACADA E GARAGEM, COZINHA E BANHEIRO MOBILIADO. PRÉDIO SEM ELEVADOR, OK PARA FINANCIAMENTO - QUITADO.
--------------------------------------------------------------------------
CI19469 - Descricao antiga:Excelente casa no condomínio Porto Coronado em Atlântida, casa com mezanino, integrada, com ambiente de piscina grande e belo paisagismo.  Living amplo com lareira, ao lado deste living tem uma sala com mesa de bilhar, integrado com um espaço gourmet que também é integrado com a piscina. No segundo andar tem mezzanino como sala de TV 3 suítes, duas delas são no andar de baixo. É uma quadra de esquina com posição solar privilegiada, a área da piscina é cercada com cerca viva.

--------------------------------------------------------------------------
MI8217 - Descricao antiga:ÓTIMO sobrado á venda no  bairro da zona sul de Porto Alegre com 02 dormitórios, living 02 ambientes com sala de jantar, cozinha e pátio com vaga para 02 veículos.
Imóvel bem localizado com  pequenas padarias e farmácias, agências bancárias e prestadores de serviços!
--------------------------------------------------------------------------
MI8335 - Descricao antiga:RESIDÊNCIA mista com 2 dormitórios, em terreno com área de 320m². Na frente, possui uma sala de 40m², com banheiro, cozinha americana, Já tem um vigamento pronto para aumentar a residência.
--------------------------------------------------------------------------
CI19381 - Descricao antiga:Linda casa  de construçao contemporanea, em condominio fechado .
Area social toda em porcelanato.living para varios ambientes Lavabo lareira churrasqueira.
Coziinha gourmet.Ampla area de serviço com espera para maquinas.Telhas de concreto com gloss.Espera p/boiler placa solar
1 PAVIMENTO; 3 suites ,sendo uma master ,
todas com sacada.
2 pavimento,sotao com 80 m2 muito ventilado e iluminado com pe direito duplo com varias possibilidades de utilização.Todas as dependencias com volt 110/220
--------------------------------------------------------------------------
MI8000 - Descricao antiga:EXCELENTE residência á venda na zona sul de Porto Alegre com 3 dormitórios, living 2 ambientes, churrasqueira, lareira, lareira, hall, copa/cozinha, patio, garagem com vaga para 1 carro.
--------------------------------------------------------------------------
MI8431 - Descricao antiga:ÓTIMO apartamento com 2 dormitórios, living 2 ambientes, cozinha, banheiro social e área de serviço. Condomínio com salão de festas, churrasqueira, playground, portaria 24h e 1 vaga de estacionamento rotativo no condomínio.
--------------------------------------------------------------------------
MI8375 - Descricao antiga:ÓTIMO sobrado para vender na zona sul de Porto Alegre de  02 dormitórios com sacada, estar íntimo com lareira, living 02 ambientes, cozinha com bancada americana, área de serviço, churradqueira ,garagem fechada com controle remoto e gradil. Ficam alguns móveis e split. Residencial com todos os recursos de transporte, comércio, escola, posto de saúde e academia.

--------------------------------------------------------------------------
MI8105 - Descricao antiga:BELÍSSIMA residência á venda na zona sul de Porto Alegre com 4 dormitórios sendo 1 suite master, living 2 ambientes, hall, lareira no estar intimo e na suite master, terraço coberto, gabinete, churrasqueira, cozinha ampla completa com mesa em granito  e ferro, depêndencia de empregada. Casa com construção sólida, extrema segurança sendo toda blindada, ótimo pátio com salão de festas, piscina, garagem com vaga para 5 carros. Vale a pena conferir!
--------------------------------------------------------------------------
MI8028 - Descricao antiga:MARAVILHOSO terreno em condomínio fechado Alros do Lago, alto padrão com 270m², vista panorâmica, com total infra estrutura, salão de festas, cantina, quadra de futebol gramado, quadra de tênis, piscina, portaria, zelador e vigilância.
--------------------------------------------------------------------------
VR11680 - Descricao antiga:ÚLTIMA RUA DA BARREIRAS, O TERRENO FICA SUBINDO NO LADO ESQUERDO QUASE EM FRENTE A RUA CARMEM MIRANDA.
--------------------------------------------------------------------------
MF16217 - Descricao antiga:CASA RESIDENCIAL, 3 DORMITORIOS, SUITE, BANHEIRO SOCIAL, LIVING 2 AMBIENTES, COPA-COZINHA, AREA DE SERVIÇO, PÁTIO, CHURRASQUEIRA, PISCINA, GARAGEM PARA 4 CARROS, JARDIM, GRADIL, CENTRAL DE ALARME.

Valor para permuta por apartamentos no Centro de Torres/RS: R$900.000,00. Ou imóveis em Porto Alegre de menor valor.
 
 - PARA FACILITAR SUA COMPRA, AVALIAMOS SEU IMÓVEL E ESTUDAMOS JUNTO AO PROPRIETÁRIO A POSSIBILIDADE DE ENTRAR COMO PARTE DO PAGAMENTO, BEM COMO, INDICAMOS ALTERNATIVAS DE FINANCIAMENTO QUE PODEM CHEGAR ATÉ 90% DO VALOR TOTAL DO IMÓVEL A SER ADQUIRIDO, CONSULTE-NOS.
--------------------------------------------------------------------------
CI19474 - Descricao antiga:Exelente terreno de 24,00m  X 60,00m com potencial para ,construção de um condomínio:  com dez casas ou sede de empresa, todo fechado com gradil, localizado em rua asfaltada e próximo ao Empreendimento Rossi Ideal.
--------------------------------------------------------------------------
VR11282 - Descricao antiga:CASA COM 228M² SEMI MOBILIADA, COM 03 DORMITÓRIOS SENDO 01 SUÍTE, SALA ESTAR COM LAREIRA, SALA JANTAR, COZINHA, 03 BANHEIROS, CHURRASQUEIRA, GARAGEM PARA 03 CARROS, LINDO E AMPLO JARDIM COM 1.400 METROS.
--------------------------------------------------------------------------
CI19524 - Descricao antiga:2 DORMITÓRIOS,1 SUITE, SACADA COM CHURRASQUEIRA,
ESPERA PARA SPLIT EM TODOS OS DORM E SALA
GAS CENTRAL E AGUA INDIVIDUALIZADOS
PISO EM PORCELANATO

AMPLO ESTAR JANTAR
1 BOX.
--------------------------------------------------------------------------
CI19525 - Descricao antiga:COBERTURA NO BAIRRO PETROPOLIS PRÓXIMA A CARLOS GOMES,
COM DECK , PISCINA, SALA NA COBERTURA COM 3 AMBIENTES, MAIS BANHEIRO COMPLETO, CHURRASQUEIRA LAREIRA.
3 DORMITÓRIOS, SUITE MASTER COM CLOSET.
COZINHA MONTADA, DEPENDENCIA COMPLETA,
SALA COM 3 AMBIENTES TODA A PARTE SOCIAL PISO COM MARMORE ITALIANO, LAVABO,   VISTA DE 360°
VALE A PENA!
--------------------------------------------------------------------------
MI8295 - Descricao antiga:ÓTIMO terreno amplo com área total de 638,m² e dimensõrs de 11 x 58. Terreno com construção de uma casa em alvenaria, plano em ótima localização na zona sul de Porto Alegre. Venha conferir!
--------------------------------------------------------------------------
AT14471 - Descricao antiga:Prédio Misto localizado no Centro Histórico (Porto Alegre) composto de loja de calcada .Atualmente é Restaurante ,nos fundos temos um salão de festa com lareira, 2 banhos, cozinha, despensa, lavanderia, e pátio ,parte superior possui do prédio 
5 apartamentos ,sendo 3 dormitórios e 1 de dormitórios,ambos completos.Garagem.
Excelente ponto comercial e residencial.
Observação: Faturamento bruto mensal da restaurante ativo é de R$ 25.000,00 a R$ 30.000,00 ( só almoço). Pois não abre aos sábados e domingos. Média de 130 almoços por dia

Imediações a Faculdades,Senac,Hospitais e comercio geral.

Agende agora uma visita 

--------------------------------------------------------------------------
MF16258 - Descricao antiga:PREDIO COMERCIAL, COMPOSTO DE 9 SALAS NO GALPÃO CENTRAL + ÁREA LIVRE COM 2 SALAS NO FUNDO, ESCRITÓRIOS NA FRENTE. TERRENO MEDINDO 11,40X61,60 TOTALIZANDO 700M². NO LOCAL FUNCIONA UMA ESCOLA
   
    - PARA FACILITAR SUA COMPRA, AVALIAMOS SEU IMÓVEL E ESTUDAMOS JUNTO AO PROPRIETÁRIO A POSSIBILIDADE DE ENTRAR COMO PARTE DO PAGAMENTO, BEM COMO, INDICAMOS ALTERNATIVAS DE FINANCIAMENTO QUE PODEM
   CHEGAR ATÉ 90% DO VALOR TOTAL DO IMÓVEL A SER ADQUIRIDO, CONSULTE-NOS.
--------------------------------------------------------------------------
MI8195 - Descricao antiga:ÓTIMA residência térrea no loteamento Santa Mônica  em condomínio fechado para vender. 
Com 2 dormitórios, living 2 ambientes, sala de jantar, cozinha, pátio e garagem. Condomínio próximo à Juca Batista e de escolas, comércio, supermercados e muitas outras comodidades. Venha conferir!
--------------------------------------------------------------------------
BD919 - Descricao antiga:O MAIS NOVO EMPREENDIMENTO DE CANOAS, APARTAMENTOS DE 02 DORMITÓRIOS, SACADA , ELEVADOR, SALÃO DE FESTA , QUADRA POLIESPORTIVA INFANTIL, ESTACIONAMENTO PRIVATIVO, PLAYGROUND, FINANCIADO PELA CAIXA ECONÔMICA FEDERAL. VENHA CONFERIR MAIS ESSA OPORTUNIDADE.
--------------------------------------------------------------------------
MF16384 - Descricao antiga:TERRENO BEM LOCALIZADO, PROXIMO AO SHOPPING IGUATEMI, MEDINDO 8,06 DE FRENTE + 5,86 + 56 DE EXTENSÃO = TOTAL 389,76M².
   
    - PARA FACILITAR SUA COMPRA, AVALIAMOS SEU IMÓVEL E ESTUDAMOS JUNTO AO PROPRIETÁRIO A POSSIBILIDADE DE ENTRAR COMO PARTE DO PAGAMENTO, BEM COMO, INDICAMOS ALTERNATIVAS DE FINANCIAMENTO QUE PODEM
   CHEGAR ATÉ 90% DO VALOR TOTAL DO IMÓVEL A SER ADQUIRIDO, CONSULTE-NOS.
--------------------------------------------------------------------------
MI8229 - Descricao antiga:LINDA residência á venda na zona sul de Porto Alegre de 02 dormitórios, living, copa/cozinha e vaga para 01 carro.Próximo de escolas, comércio, supermercados e muitas outras comodidades. Venha conhecê-lo e se deixar levar pela infra-estrutura e qualidade de vida.
--------------------------------------------------------------------------
MF16296 - Descricao antiga:TERRENO NA BORGES DE MEDEIROS COM MEDIDAS 22,40X9,00 COM TOTAL DE 200M².
  
 ***ACEITA TROCA POR IMÓVEL OU ESTUDA PROPOSTAS.***

TEM PROJETO ENCAMINHADO NA SMOV PARA CONSTRUIR 2 LOJAS DE 80M2 COM PÉ DIREITO DUPLO + 18 KITNETS
   
   * Estudo de Viabilidade Urbanístico APROVADO *
      
- PARA FACILITAR SUA COMPRA, AVALIAMOS SEU IMÓVEL E ESTUDAMOS JUNTO AO PROPRIETÁRIO A POSSIBILIDADE DE ENTRAR COMO PARTE DO PAGAMENTO, BEM COMO, INDICAMOS ALTERNATIVAS DE FINANCIAMENTO QUE PODEM CHEGAR ATÉ 90% DO VALOR TOTAL DO IMÓVEL A SER ADQUIRIDO, CONSULTE-NOS.
--------------------------------------------------------------------------
MI8301 - Descricao antiga:LINDO sobrado para vender no Hípica Boulevard á venda em bairro da zona sul de Porto Alegre de 02 dormitórios, living 02 ambientes com lareira, copa/cozinha, pátio com churrasqueira e vaga. Localizado no melhor terreno da zona sul, um dos bairros de maior valorização, o residencial está a 20 minutos do centro, próximo de escolas, comércio, supermercados e muitas outras comodidades.
--------------------------------------------------------------------------
CI19391 - Descricao antiga:Excelente cobertura no começo da Nilo Peçanha, perto da Encol, 3dorms, 2suítes, na parte inferior tem 2dorms, amplo living com orientação solar oeste/norte, estar íntimo com forno a lenha que tem comunicação com a cozinha, área de serviço, dep empregada e banh auxiliar. Os quarto são amplos.  Na parte superior tem living com lareira, sala de jantar, churrasqueira integrada com todo este ambiente e uma grandesuíte com pé direito alto. Na parte externa tem deck com piscina, mesa com 4 lugares e mais área externa circundando a cobertura. São 3 garagens, mas uma foi transformada em depósito, pode ser revertido.  A parte superior, tem entrada por fora, consequentemente fica um apartamento totalmente independente. 
Estuda deixar o apartamento mobiliado.
--------------------------------------------------------------------------
MI8034 - Descricao antiga:Em uma ampla área na beira do Guaíba, apresenta um projeto de apenas 24 casas em um terreno de 24.000 m² gerando muito espaço livre, muita área verde preservada e excelentes pátios privativos. Todas casas serão isoladas e terão a partir de 407 m² de área construída com ambientes amplos e agradáveis. Plantas flexíveis com opção para até cinco suítes. O condomínio terá uma completa infra-estrutura de serviços, segurança e lazer, contando com salão de festas, sala de jogos, cancha de tênis coberta, sala de fitness, brinquedoteca infantil, playground, piscina e muito mais.
--------------------------------------------------------------------------
MI8172 - Descricao antiga:EXCELENTE terreno plano, próximo ao rio, com área de 610m² e dimensões 9,90 x 61,60m.
--------------------------------------------------------------------------
MI8030 - Descricao antiga:Excelente residencia com opção para 5 dorms sendo uma suite master, living 3 ambientes piso em tabuão com lareira,  jantar cozinha mobiliada, gabinete, sala de jogos , salão de festas garagem para 6 carros patio com piscina  a 3 minutos do Barra, proximo da avenida confira.
--------------------------------------------------------------------------
MI8302 - Descricao antiga:LINDO sobrado á venda no bairro Hípica Boulevard (zona sul de Porto Alegre) com 2 dormitórios, living 2 ambientes com lareira, copa/cozinha, pátio com churrasqueira e vaga. Localizado no melhor terreno da zona sul, um dos bairros de maior valorização, o residencial está a 20 minutos do centro, próximo de escolas, comércio, supermercados e muitas outras comodidades.
--------------------------------------------------------------------------
MF16284 - Descricao antiga:EXCELENTE APARTAMENTO 3 SUITES,  FINAMENTE REFORMADO, COM MATERIAL DE PRIMEIRÍSSIMA,  BANHEIRO SOCIAL, AMPLO LIVING 2 AMBIENTES,LAVABO, WEB SPACE,  LAREIRA, CHURRASQUEIRA, COZINHA, AREA DE SERVIÇO, BANHEIRO AUXILIAR,  2 VAGAS SEPARADAS, GÁS CENTRAL, ANDAR ALTO, VISTA PANORAMICA. EDIFICIO COM MUITA SEGURANÇA E LAZER COMPLETO,  PLAYGROUND, SALÃO DE FESTAS, FITNESS, QUADRA DE ESPORTES, KIDS PLACE, SAUNA, QUIOSQUES, TV A CABO, PORTARIA 24H, OPÇÃO DE SERVIÇOS PAY-PER-USE, BRINQUEDOTECA, ESPAÇO TEEN, LAN HOUSE, PISCINA AQUECIDA COM RAIA DE 20M, SALA DE CINEMA, SPA, SAUNA, ESPAÇO GOURMET, BICICLETÁRIO, 
   
--------------------------------------------------------------------------
NK14128 - Descricao antiga:Linda casa de 4 dormitórios, sendo 3 suítes. Living para 3 ambientes com forro de gesso e iluminação especial, lavabo, lareira e espera para datashow. Cozinha modulada com espera para micro ondas e forno elétrico embutido, despensa e área de serviço com aquecedor de passagem. Garagem coberta para 2 carros,com deposito, e mais 2 vagas descobertas.  Salão de festas com churrasqueira, sala de jogos, piscina, árvores frutíferas e um canil. Ficam os seguintes móveis: Guarda roupas embutido na suíte do casal, 2 splits dos dormitórios, móveis da cozinha e o aquecedor de passagem da área de serviço. Ótimo negócio para quem quer qualidade de vida sem sair de casa.
Asseita dação. 
--------------------------------------------------------------------------
MI8360 - Descricao antiga:ÓTIMO apartamento no bairro Cristal com 2 dormitórios, living 2 ambientes muito iluminado, cozinha integrada a área de serviço e banheiro social. Condomínio com churrasqueira, playground e estacionamento.

--------------------------------------------------------------------------
NK14235 - Descricao antiga:Apartamento de 2 dormitórios, living de dois ambientes, banheiro social, cozinha com espera para máquinas de lavar roupa (2 lances de escada).
Prédio bonito, localização privilegiada, com porteiro eletrônico e gradil.
--------------------------------------------------------------------------
