MI4619 - Descricao antiga:BELA residência NOVA com 3 dormitórios, suíte com hidro e closet, living 2 ambientes com lareira, lavabo, sótão, pátio com churrasqueira e garagem para 2 carros. 
2017-12-05
--------------------------------------------------------------------------
MI273 - Descricao antiga:Condomínio Porto Belo no bairro Camaquã em Porto Alegre com 5 Casas construídas, 4 disponibilizadas para venda. 
Casa com 2 dormitórios, living 2 ambientes, hall, copa/cozinha, área de serviço, revestimento em porcelanato, esquadrias e escada em madeira, pátio privativo e vaga para 2 carros. 
2017-12-05
--------------------------------------------------------------------------
MI6851 - Descricao antiga:Ótima residência com 4 dormitórios, 2 suítes, living 3 ambientes com lareira, lavabo, dependência de empregada, pátio amplo com piscina e garagem para 3 carros. 
2017-12-05
--------------------------------------------------------------------------
MI3605 - Descricao antiga:Vende ótimo terreno medindo 12,00 x 53,00,  em aclive com vista par o rio,, no bairro Tristeza em Porto Alegre,  rua calma ao lado da Vila Conceição, cliente estuda dação, permuta por área construída, estuda proposta, vale conferir!!! 
2017-12-05
--------------------------------------------------------------------------
MI5141 - Descricao antiga:BELÍSSIMA residência para vender no bairro Ipanema zona sul de Porto Alegre de 3 dormitórios, sendo 1 suíte, living 3 ambientes com lareira, estar jantar em tabuão, cozinha, área de serviço, pátio piscina térmica e vaga para 4 carros 2 cobertas e 2 descobertas. 
2017-12-05
--------------------------------------------------------------------------
MI4759 - Descricao antiga:Ótimo Sala Comercial no bairro Ipanema em Porto Alegre, em BOM estado de conservação, lavabo,  1 ar parede instalado, esquadrias em madeira pintada. Edificio Shamballa Center com fachada em pintura e zelador. Venha Conferir! 
2017-12-05
--------------------------------------------------------------------------
MI1400 - Descricao antiga:ÓTIMO Sobrado em Condomínio ótimo estado de conservação, 02 dormitórios amplos, living dois ambientes, copa cozinha, área de churrasqueira fechada com vidro blindex, patio. Condomínio com salão de festas, piscina, portaria 24 h, quadra poliesportiva, quiosque para chimarão e playground para a criançada.. Agende uma visita com um de nossos corretores e venha desfrutar das comodidades da zona sul. 
2017-12-05
--------------------------------------------------------------------------
MI5105 - Descricao antiga:Terreno possui um galpão de 1.000m²   ou -, área ideal para condominio. 
2017-12-05
--------------------------------------------------------------------------
MI4287 - Descricao antiga:EXCELENTE RESIDENCIA para vender no bairro Guarujá com 3 dormitórios , sendo 1 suite com  hidro, estar íntimo e sacada, hall, living com 2 ambientes,   sala de estar com lareira, sala de jantar,  cozinha americana planejada, dispensa,  ar central, água quente, churrasqueira e área de serviço. Piso todo em porcelanato, garagem para 2 carros coberto. Venha Conferir!


    
2017-12-05
--------------------------------------------------------------------------
MI3745 - Descricao antiga:Casa em ótimo estado de conservação,  com 3 dormitórios, suite com hidro e sacada, living 2 ambientes, hall, lavabo, sala de jantar, 1 banheiro social, copa/cozinha, área serviço com churrasqueira e espera para maquina, água quente, esquadrias em madeira natural  com gás central, jardim, gradil,  piso frio na parte térrea, no pavimento superior tem piso laminado marfim, 3 vagas de garagem sendo 2 cobertas. Perto de todos recursos do bairro, agende sua visita!!! 
2017-12-05
--------------------------------------------------------------------------
MI6342 - Descricao antiga:Excelente residência, com 3 dormitórios, 2 suítes (1 c/hidro), living amplo c/lareira, estar íntimo (andar superior), lavabo, 2 terraços, pátio c/piscina e salão de festas. 
2017-12-05
--------------------------------------------------------------------------
MI5942 - Descricao antiga:EXCELENTE residência para vender no bairro Assunção com 4 dormitórios , suíte, gabinete, living 3 ambientes com lareira,dependência de empregada com banheiro auxiliar, salão de festas com churrasqueira, duas vagas na garagem e pátio. 
2017-12-05
--------------------------------------------------------------------------
MI3021 - Descricao antiga:Bela residência com 3 dormitórios, suíte, living 4 ambientes c/lareira (em tabuão), lavabo, gabinete, estar íntimo, sala de jantar, cozinha montada, dependência de empregada, despensa, pátio com piscina. 
2017-12-05
--------------------------------------------------------------------------
MI1202 - Descricao antiga:Excelente residência no bairro Jardim Isabel, com 04 dormitórios sendo 02 suíte, closet, living 03 ambientes, lareira, sacada com churrasqueira, lavabo,   cozinha, dependência, 02 banheiros sociais, área de serviço, piscina e 04 vagas de garagem.Bela vista para o Guaíba! 
2017-12-05
--------------------------------------------------------------------------
MI5579 - Descricao antiga:Sobrado em condomínio fechado, 3 dormitórios, suíte c/hidro, peças amplas, semimobiliada, living 2 ambientes c/lareira, copa/cozinha montada, lavabo, gabinete, terraço c/piscina e vista p/o rio, 2vagas. 
2017-12-05
--------------------------------------------------------------------------
MI4992 - Descricao antiga:CASA em ÓTIMO estado de conservação no bairro Nova Ipanema, com 02 dormitórios sendo 02 suites,  living 02 ambientes, lavabo, banheiro social, cozinha americana, área de serviço com espera para maquina,   esquadrias em madeira natural, jardim e gradil. Venha conferir.  
2017-12-05
--------------------------------------------------------------------------
MI710 - Descricao antiga:EXCELENTE residência para vender no bairro Guarujá de 2 dormitórios com closet, área de serviço, cozinha montada, mezanino, terreno com 500 m² ao lado do calçadão do Guarujá.

Não aceita finaciamento.  
2017-12-05
--------------------------------------------------------------------------
MI5676 - Descricao antiga:EXCELENTE residência em condomínio fechado com 3 dormitórios, 1 suíte com móveis no closet, living 2 ambientes com churrasqueira,Cozinha Gourmet, 2 Split, 1 em cada dormitório. Todos com 9 BTUS. Porta Blindex na cozinha, sala de jantar, sancas em gesso, terraço, piso frio e vaga na garagem. Cond. Manantiales c/ pintura nova, Cerca elétrica, Câmeras, Refletores frontais e censores de presença. Confira! 
2017-12-05
--------------------------------------------------------------------------
MI4787 - Descricao antiga:OTIMO terreno a venda na zona sul de Porto Alegre medindo 10 x 65 .Vale a pena conferir,agende hoje mesmo uma visita com um dos nossos corretores. 
2017-12-05
--------------------------------------------------------------------------
MI4305 - Descricao antiga:Ótima Residência C/ 3 dormitórios ,  suite c/  hidro,   living,   lavabo,   sala de jantar,  1 banheiro social,   copa/cozinha,   wc auxiliar,   área serviço c/ esp p/ maquina,   água quente,esquadrias em madeira natural   Jardim, Gradil, churrasqueira, 
 Terreno FRENTE; 18,45
FRENTE A FUNDOS DE UM LADO 37,64
DO OUTRO LADO; 35,83
FECHA NO FUNDO ;  22,21
 
2017-12-05
--------------------------------------------------------------------------
MI4235 - Descricao antiga:Ótima residência, com 4 dormitórios, living 3 ambientes c/lareira, sala de jantar, dependência de empregada e pátio, garagem com vaga para 3 carros. 
2017-12-05
--------------------------------------------------------------------------
MI5013 - Descricao antiga:Belíssima residência em condomínio fechado, com 5 suítes (3 c/hidro e closet), living, gabinete, sala de jantar, 2 banheiros sociais, dependência de empregada. Terreno de 2.800m² (com a área do condomínio sobe para 5.320m²) e estacionamento para 15 carros. 
2017-12-05
--------------------------------------------------------------------------
MI4404 - Descricao antiga:Excelente casa no Imperial Parque, com 03 dormitórios, sendo 01 suite com  hidro, living  02 ambientes com lareira, lavabo, cozinha, banheiro social e banheiro auxiliar, área serviço, 02 vagas de garagem e patio com piscina... 
2017-12-05
--------------------------------------------------------------------------
MI2584 - Descricao antiga:Excelente Residência possui 4 dormitórios, sendo uma suíte com hidro e closet. Living 2 ambientes com lavabo e lareira. Com 2 andares, e um mezanino! Parte térrea toda em porcelanato. Parte superior em tabuão. Cozinha fica completa, inclusive fogão campeiro. Pátio amplo c/ Piscina, 2 Decks, um Canil e árvores frutíferas. A casa é toda climatizada. Possui ainda sala de jogos c/ mesa de sinuca, uma Adega e dois Depósitos. Dependência de empregada completa. Todos os moveis fixos, suíte fica completa. Confira! 
2017-12-05
--------------------------------------------------------------------------
MI5617 - Descricao antiga:ÓTIMA residencia nova com 3 suites, living 2 ambientes, lareira, garagem com vaga para 2 carros. Vale a pena conferir! 
2017-12-05
--------------------------------------------------------------------------
MI5299 - Descricao antiga:Exclusividade: ÓTIMA residência com 3 dormitórios, 2 suítes com hidro, living 2 ambientes com lareira, piso em tabuão, lavabo, cozinha montada (Dellano), junker , água quente em toda casa. Possui churrasqueira e além das suítes, mais 2 banheiros, lavabo, dependência de empregada, garagem para 2 carros, pátio e cercamento elétrico. Apresenta nos fundos um apartamento com 1 dormitório, banheiro e lavanderia. 
2017-12-05
--------------------------------------------------------------------------
MI4581 - Descricao antiga:SOBRADO com 3 dormitórios, living 2 ambientes, lavabo, pátio, churrasqueira e garagem. Projeto inteligente e bom acabamento. Ótima localização e perto de todas as facilidades do bairro. 
2017-12-05
--------------------------------------------------------------------------
MI1259 - Descricao antiga:EXCELENTE Residência em condomínio fechado para vender no bairro Jardim Isabel com 3 dormitórios sendo 3 suítes, living 3 ambientes com lareira, hall, copa/cozinha ampla, banheiro social, banheiro auxiliar, lavanderia , água quente, pátio. Garagem para 2 carros coberto. Excelente vista para o Rio. Venha conferir. 
2017-12-05
--------------------------------------------------------------------------
MI3530 - Descricao antiga:EXCELENTE residência com 4 dormitórios sendo 3 suites, living 3 ambientes, sacada, churrasqueira, lavabo, lareira, piscina, hall, gabinete, cozinha montada, pátio, garagem com vaga para 2 carros. Localizado em condominio fechado. 
2017-12-05
--------------------------------------------------------------------------
MI4741 - Descricao antiga:Lindo sobrado  no Residencial Nova Ipanema, com  03 amplos dormitórios, sendo 01 suite, living  02 ambientes, lavabo, cozinha montada, área de serviço, banheiro social, sótão, água quente, piscina com aquecimento, jardim e gradil.
Agende hoje mesmo uma visita! 
2017-12-05
--------------------------------------------------------------------------
MI4804 - Descricao antiga:EXCELENTE residência com 4 dormitórios, sendo 1 suite, living 2 ambientes, lavabo,piso frio, cozinha americana com balcão amplo,  sótão com terraço, churrasqueira, pátio com piscina e vaga coberta para 2 carros.. Dormitórios com piso em tabuão. Sacadas na frente 
2017-12-05
--------------------------------------------------------------------------
MI3756 - Descricao antiga:EXCELENTE terreno plano para vender no bairro Tristeza tanto comercial como residencial,sendo 02 terrenos nas  dimensões de 9,45 x 45,25 e área total de 427,60 m².  
2017-12-05
--------------------------------------------------------------------------
MI3654 - Descricao antiga:Ótimo sobrado em condomínio com apenas 5 casas, 3 suítes sendo 2 com sacada, e uma com hidromassagem, gabinete podendo ser revertido no 4º dormitório, living 2 ambientes com lareira, semi mobiliado e com sanca em gesso,  lavabo,  cozinha americana semi mobiliada, área coberta com churrasqueira, área de serviço,  1 vaga de garagem coberta, taxa de condomínio baixa, em rua arborizada perto de todos recursos do bairro, agende sua visita!!!  
2017-12-05
--------------------------------------------------------------------------
MI5526 - Descricao antiga:CASA térrea a venda no bairro Hípica, 2 dormitórios, living 2 ambientes, banho social, cozinha, área de serviço, pátio c/churrasqueira, 1 vaga garagem coberta, em rua calma perto de todos recursos do bairro, agende sua visita!!!   
2017-12-05
--------------------------------------------------------------------------
MI5489 - Descricao antiga:Residência com 3 suítes (1 com closet), living 2 ambientes, lavabo, pátio e 2 garagem. 
2017-12-05
--------------------------------------------------------------------------
MI5488 - Descricao antiga:Residência com 3 suítes (1 com closet), living 2 ambientes, lavabo, pátio e garagem. 
2017-12-05
--------------------------------------------------------------------------
MI3320 - Descricao antiga:Excelente terreno com área de 3.690m² em excelente conservação. 
2017-12-05
--------------------------------------------------------------------------
MI1212 - Descricao antiga:Excelente residência, 3 dormitórios (2 suítes), living 3 ambientes c/lareira (em tabuão), sacada c/linda vista, estar íntimo, lavabo, sala de jantar, copa/cozinha e dependência de empregada. Construção sólida em terreno alto com área de 1.000m² 
2017-12-05
--------------------------------------------------------------------------
MI6700 - Descricao antiga:Excelente residência com 4 dormitórios espaçosos, 2 suítes com closet), living 2 ambientes com lareira, toda em tabuão, gabinete, estar íntimo com bar, sala de jantar, copa/cozinha ampla, despensa, dependência de empregada, pátio com piscina e garagem para 2 carros cobertos. 
2017-12-05
--------------------------------------------------------------------------
MI6162 - Descricao antiga:EXCELENTE terreno limpo e cercado no Jardim Isabel com as seguintes dimensões: 30,00 X 50,00(1,500m²) pronto para construir com DM e Projeto para casas ou prédio de  apartamentos, Vista para o rio.  Aceita Proposta. Agende uma visita com o Corretor. 
2017-12-05
--------------------------------------------------------------------------
MI3911 - Descricao antiga:ÓTIMA Área de 1 Hectare, com dimensões 50 x 200m e duas casas pequenas. Belíssima vista p/o rio. 
2017-12-05
--------------------------------------------------------------------------
MI4511 - Descricao antiga:Excelente residência em frente ao calçadão de Ipanema em Porto Alegre, com 629m² de área privativa em terreno com 1.452 m², 5 dormitórios, sendo 4 suítes com sacada de frente para o Guaíba, 2 com banheira e closet, living para 4 ambientes, lareira, lavabo, copa cozinha, dependência de empregada, adega, gabinete, salão de festas com fogão a lenha, sala de ginástica, sala de jogos, campo de futebol gramado, piscina adulto e infantil aquecidas. Vale á pena Conferir! AGENDE SUA VISITA!! 
2017-12-05
--------------------------------------------------------------------------
MI5345 - Descricao antiga:EXCELENTE terreno para vender no bairro Cavalhada, zona sul de Porto Alegre com dimensão de terreno de 10,40x32x32.Aproveite esta grande oportunidade de negócio. 
2017-12-05
--------------------------------------------------------------------------
MI4796 - Descricao antiga:Excelente residência estilo sobrado em Nova Ipanema, com 03 dormitórios, sendo 01 suíte, living 02 ambientes com lareira, cozinha americana, lavabo, ambiente de churrasqueira fechado com vidro fume, lavanderia, pátio com piscina, 01 vaga coberta e 02 descobertas.
Confira!
 
2017-12-05
--------------------------------------------------------------------------
MI3284 - Descricao antiga:Residência semi-mobiliada em condomínio com apenas 3 unidades. 3 dormitórios, sendo uma suite, cozinha montada, living 2 ambientes com rebaixo em gesso e iluminação especial, lavabo, acabamento diferenciado, cerca elétrica, grades pantográficas, cerca eletríca, Pátio individual com piscina e churrasqueira. Confira! 
2017-12-05
--------------------------------------------------------------------------
MI3389 - Descricao antiga:Residência ampla, 4 dormitórios, 2 suítes, living 4 ambientes (em tabuão Ipê) em níveis diferenciados, amplo estar íntimo, sala de jantar, copa/cozinha montada, gabinete e terraço. Dois dormitórios e suíte são servidos por banheiro social c/hidro. A suíte do casal apresenta hidro dupla, closet e bela vista p/o rio. Pátio c/piscina e quiosque c/churrasqueira. Com aquecimento solar, 4 garagens e adega. 
2017-12-05
--------------------------------------------------------------------------
MI2822 - Descricao antiga:ÓTIMA casa para vender no lot. Nova Ipanema, no bairro Aberta dos Morros, zona sul de Porto Alegre. Residência com 2 dormitórios, living 2 ambientes, lavabo, cozinha montada, área de serviço, pátio, churrasqueira e 2 vagas na garagem. Ligue agora mesmo e agende a sua visita. 
2017-12-05
--------------------------------------------------------------------------
MI5890 - Descricao antiga:APARTAMENTO térreo com 2 dormitórios, living 2 ambientes, cozinha, área de serviço. Confira mais detalhes com a nossa central de vendas. 
2017-12-05
--------------------------------------------------------------------------
MI3546 - Descricao antiga:Sítio com 5,05 Hectares, com casa térrea (535m²) de 4 dormitórios, 2 suítes (1 c/closet e hidro dupla). 
2017-12-05
--------------------------------------------------------------------------
MI4719 - Descricao antiga:ÓTIMO residência com 5 dormitórios, sendo 2 suítes, living 3 ambientes, hall,  lavabo,  gabinete, sala de jantar, copa/cozinha, dormitório de empregada, área serviço, pátio com piscina nos fundos, garagem para 3 carros e mais um apartamento de 1 dormitório, depósito amplo, salão de festas com churrasqueira e pátio separado para o canil.Agende hoje a sua visita! 
2017-12-05
--------------------------------------------------------------------------
