MI6819 - Descricao antiga:CASA no bairro Jardim Isabel em Porto Alegre com 3 dormitórios, suíte master, living 2 ambientes, cozinha integrada, sala jantar, lavabo, depósito e garagem coberta para 2 carros. Lavanderia, salão de festas com churrasqueira, banheiro, pátio, piscina. AGENDE SUA VISITA. 
2017-12-05
--------------------------------------------------------------------------
MI6818 - Descricao antiga:CASA MUITO BEM CONSERVADA, com living 2 ambientes, lavabo, cozinha americana mobiliada, espera para lareira. Vista panorâmica. Escada de madeira com portões de segurança. 3 dormitórios, sendo 1 suite com banheira de hidro e closet mobiliado e vista panorâmica. Garagem para 3 carros, área de serviço e lavanderia. Salão de festa com churrasqueira, lavabo, despensa/depósito e pátio com piscina. VALE A PENA CONFERIR! 
2017-12-05
--------------------------------------------------------------------------
MI3133 - Descricao antiga:CASA no bairro Terraville em Porto Alegre,  com 5 suites, living 2 ambientes, churrasqueira, lavabo, 3 lareiras, gabinete, estar intimo, pátio com alto padrão de acabamento, localizado em condominio fechado com piscina, salão de festas, playground, fitness, sala de jogos com portaria 24 horas. Requinte e bom gosto, pronto para morar. AGENDE SUA VISITA. 
2017-12-05
--------------------------------------------------------------------------
MI7244 - Descricao antiga:TERRENO plano com chalé em  área total de 300m² e dimensões de 10x30. Super bem localizado, próximo a Av Juca Batista  onde concentra-se grande área de comércio.
Agende sua visita pelo whatsapp 98028-4952 
2017-12-05
--------------------------------------------------------------------------
MI5825 - Descricao antiga:Belíssima residência, com 5 dormitórios, 3 suítes (2 c/hidro e closet), living 3 ambientes, sacada, lavabo, copa/cozinha, 2 dependências de empregada, 2 gabinetes, espera p/lareira, excelente orientação solar. Garagem p/5 carros e pátio c/churrasqueira. 
Valor da casa U$ 2.000.000,00 
2017-12-05
--------------------------------------------------------------------------
MI802 - Descricao antiga:Residência com 3 dormitórios, suíte, living 2 ambientes, toda em tabuão, peças amplas, gabinete e bom pátio.Para vender no belíssimo Imperial Parque, confira hoje mesmo com a nossa central de vendas. 
2017-12-05
--------------------------------------------------------------------------
MI13 - Descricao antiga:Excelente residência, ensolarada, muito bem localizada, c/3 dormitórios, suíte c/closet, living 2 ambientes c/lareira, toda em piso frio, vista panorâmica, lavabo, cozinha montada, c/lindo jardim. 
2017-12-05
--------------------------------------------------------------------------
MI6876 - Descricao antiga:Residência com 3 dormitórios, suíte, living 3 ambientes com lareira, em tabuão, sala de jantar, copa/cozinha, dependência de empregada, pátio. Próxima ao calçadão de Ipanema e Zaffari Ipanema. 
2017-12-05
--------------------------------------------------------------------------
MI5415 - Descricao antiga:EXCELENTE residência com 4 dormitórios  sendo 3 suítes e 1 master em desnível com mezanino e lareira, living amplo 3 ambientes, piso em porcelanato e tabuão. Cozinha montada - ficam os móveis fixos, lavabo,  estar íntimo,   sala de jantar, banheiro social, banheiro auxiliar,   água quente,  3  ar parede instalado, com gás central, garagem para até 6 carros, casa com muita luminosidade. Casa toda decorada com muito bom gosto, parte superior em tabuão. Venha conferir. 
2017-12-05
--------------------------------------------------------------------------
MI4323 - Descricao antiga:Ótimo terreno para construir edifício comercial ou residencial no bairro Tristeza, ao lado do supermercado Zaffari com construção de uma casa com 3 dormitórios, sendo 1  suite, living 2 ambientes, lavabo, sala de jantar, banheiro social, cozinha, dependência, banheiro auxiliar e área serviço, possui jardim, salão de festas e  churrasqueira.
Nao perca!!! 
2017-12-05
--------------------------------------------------------------------------
MI6190 - Descricao antiga:Excelente apartamento semi-mobiliado recém reformado, ensolarado e muito ventilado com apenas 02 lances de escadas. 
2 dormitórios, living 2 ambientes com sacada, piso em cerâmica, cozinha e lavanderia com boas dimensões, banho social e garagem para 01 carro escriturada.
 Condomínio com total infra-estrutura: salão de festas para até 60 pessoas, louças disponíveis e 02 lavabos, quadra de esportes, churrasqueira interna e externas, playground, quiosque, TV a cabo e portaria 24h.    
2017-12-05
--------------------------------------------------------------------------
MI7346 - Descricao antiga:EXCELENTE apartamento no bairro Tristeza, com 02 dormitórios, living 02 ambientes com sacada,  banheiro, cozinha, área de serviço e 01 vaga escriturada. Condomínio fechado com total infra estrutura: portaria 24 horas com piscina infantil e adulto, salão de festas, quiosque com churrasqueira, playground, quadra de esportes e espaço kids. Próximo a Otto. 
2017-12-05
--------------------------------------------------------------------------
MI5962 - Descricao antiga:Duas residências: 1ª) Térrea de 3 dormitórios; 2ª) Sobrado com 3 dormitórios.São 2 casas no terreno, sendo a casa 1  possuí 3 cômodos, 1 banheiro e 1 sala. Já a casa 2 é de 2 andares, 3 cômodos, 1 banheiro, 1 cozinha e 1 sala. Na área em comum possui um banheiro próximo a lavanderia. 
2017-12-05
--------------------------------------------------------------------------
MI1182 - Descricao antiga:Residência 4 dormitórios (3 suítes), living 2 ambientes c/lareira (em tabuão), piscina, lavabo, gabinete, estar íntimo,   sala de jantar, copa/cozinha, dependência de empregada, despensa, água quente, terraço c/vista para o rio, piscina, sala de jogos, adega, garagem para 5 carros. 
2017-12-05
--------------------------------------------------------------------------
MI396 - Descricao antiga: LINDA cobertura em ótimo estado de conservação,  02 dormitórios no Bairro Cavalhada.
1° pavimento: Living 2 ambientes,   lavabo,   sala de jantar,  2 banheiro social,   cozinha,área serviço com espera para maquina e água quente.
2° pavimento: Salão de festas com churrasqueira, banheiro e Terraço . Condomínio com infra estrutura completa, vale a pena conferir!!!!  
2017-12-05
--------------------------------------------------------------------------
MI6534 - Descricao antiga:ÓTIMA residência com 187m², 3 dormitórios sendo 1 suíte com sacada e vista panorâmica, amplo living para 2 ou 3 ambientes, com lareira, cozinha finamente mobiliada, amplo pátio com piscina e churrasqueira, sótão pronto para ser usado e não faz parte da metragem informada. garagem para 3 carros. aceita financiamento e FGTS. Agende hoje mesmo uma visita.  
2017-12-05
--------------------------------------------------------------------------
MI7705 - Descricao antiga:Casa em condomínio com 2 doritórios, no bairro Aberta dos Morros na Zona Sul de Porto Alegre. Ótima casa á venda no condomínio Vivendas do Sol com 2 dormitórios, living, cozinha, lavabo, churrasqueira, banheiro social e 4 vagas para carro. Condomínio bem localizado com salão de festas, piscina e portaria 24hrs. 
2017-12-05
--------------------------------------------------------------------------
MI6411 - Descricao antiga:Lindo sobrado no bairro Hípica, com 02 dormitórios, peças amplas, living 02 ambientes com lareira, 02 sacadas, lavabo, cozinha montada, sótão, pátio com churrasqueira. Ficam cozinha e banheiro montados e ar condicionado.
 
2017-12-05
--------------------------------------------------------------------------
MI6134 - Descricao antiga:ÓTIMO apartamento 3 dormitórios, living 2 ambientes, área serviço, dependência  de empregada que pode ser aberta para ampliar o living, possibilidade de cozinha americana, 3 lances de escada, ótima disposição dos cômodos, proximidades da José de Alencar e Hospital Mãe de Deus. Bem ventilado, boa iluminação. Edifício com gradil, jardim,estac.rotativo, portaria 24 horas. Agende sua visita. 
2017-12-05
--------------------------------------------------------------------------
MI6436 - Descricao antiga:CASA de 3 dormitórios a venda no Lagos de Nova Ipanema,  zona sul de Porto Alegre. Com 3 dormitórios, sendo 1 suíte, living 2 ambientes com lareira, cozinha, área de serviço e garagem. Vale a pena conferir, agende a sua visita com a nossa central de vendas. 
2017-12-05
--------------------------------------------------------------------------
MI6867 - Descricao antiga:Excelente sítio com amplo chalé misto, com 3 dormitórios, living 2 ambientes, banheiro com hidro (casal). Terreno com dimensões de 20 x 80m. 
2017-12-05
--------------------------------------------------------------------------
MI113 - Descricao antiga:CASA em BOM estado de conservação,  C/ 4 dormitórios ,  suite,   closet em 1 dorm,   living,   c/lareira,   gabinete,   estar íntimo,   salade jantar,  2 banheiro social,   copa/cozinha,   dorm. empregada,   wc auxiliar,   esquadrias em madeira pintada   Jardim,  Pátio c/árvoresfrutíferas, Salão de festas. 
2017-12-05
--------------------------------------------------------------------------
MI7238 - Descricao antiga:EXCELENTE residência em condomínio fechado, com 4 dormitórios, 2 suítes (1 master) com sacada, living 2 ambientes com lareira, hall, estar íntimo, cozinha montada, dependência de empregada, churrasqueira, pátio com piscina e garagem com capacidade para 3 carros. 
2017-12-05
--------------------------------------------------------------------------
MI3925 - Descricao antiga:ÓTIMO apartamento para vender na Tristeza com 3 dormitórios, suite, living 2 ambientes, sacada com churrasqueira,   hall, sala de jantar, 1 banheiro social, área serviço com espera para maquina. Edifício com piscina,playground, churrasqueira, quiosque, portaria 24h, zelador. Confira mais detalhes com a nossa central de vendas. 
2017-12-05
--------------------------------------------------------------------------
MI2366 - Descricao antiga:Ótima área c/2.528m², dimensões 35,13 x 65,00m. Apresenta sobre a área, um sobrado antigo (de 290m²), 5 dormitórios, living 3 ambientes, 3 banheiros, churrasqueira e quiosque. 
2017-12-05
--------------------------------------------------------------------------
MI7235 - Descricao antiga:EXCELENTE residência localizada no Altos da Vila Assunção, com 4 dormitórios, 2 suítes, living 2 ambientes, 2 lareiras, hall, sacada, 7 banheiros sociais, gabinete, estar íntimo, sala de jantar, copa / cozinha montada, cantina, dependência de empregada, pátio com piscina e árvores frutíferas, 2 churrasqueiras e garagem com capacidade para 4 carros.  
2017-12-05
--------------------------------------------------------------------------
MI6746 - Descricao antiga:ÓTIMA residência com 3 dormitórios, suíte com closet, living 2 ambientes com lareira, lavabo, sala de jantar, cozinha montada, área de serviço, dependência de empregada, 2 banheiras de imersão, pátio, piscina e vaga para 2 carros. 
2017-12-05
--------------------------------------------------------------------------
MI5741 - Descricao antiga:LINDA casa no bairro Hípica, com 04 dormitórios sendo 02 suítes com sacada 01 com hidromassagem casal jacuzzi e closet, living 02 ambientes, lavabo, cozinha, banheiro social, área de serviço bem ampla, piscina igui última geração não precisa aspirar, garagem para 02 carros. Casa com 03 andares todos reformados do teto ao piso, tudo novo. Próximo ao Zaffari e centro de compras em frente, imóvel  bem localizado. 
2017-12-05
--------------------------------------------------------------------------
MI7216 - Descricao antiga:Residência com 3 dormitórios, suíte, living 2 ambientes com lareira, depósito, churrasqueira, pátio com piscina e garagem com capacidade para 2 carros.
 Próximo ao shopping Jardim Verde.
 
2017-12-05
--------------------------------------------------------------------------
MI6922 - Descricao antiga:Excelente residência á venda com 3 dormitórios, suíte, living 2 ambientes, pátio com piscina.
Terreno com área de 300m² e dimensões 10 x 30m. Com residência de 3 dormitórios e área de 100m². 
2017-12-05
--------------------------------------------------------------------------
MI5978 - Descricao antiga:EXCELENTE apartamento 3 dormitórios, com dependência de empregada, living 2 ambientes, cozinha americana, área de serviço ampla.Vale a pena conferir! Local privilegiado. Próximo a Redenção e as Faculdades, Shoppings , hospitais. e a todos recursos do Bairro. 
2017-12-05
--------------------------------------------------------------------------
MI1313 - Descricao antiga:TERRENO plano com uma área total de 1.000,00 m² e dimensões de 20x 50m. 
2017-12-05
--------------------------------------------------------------------------
MI7104 - Descricao antiga:TERRENO plano com uma área total de 4.471,00 m² e viabilidade construtiva. 
2017-12-05
--------------------------------------------------------------------------
MI6230 - Descricao antiga:Excelente residência localizado no Imperial Parque, com 4 dormitórios, suíte master c/hidro e closet, living 3 ambientes c/lareira, estar íntimo, sacada na sala de jantar, gabinete, salão de festas c/churrasqueira, pátio com piscina e vista panorâmica para o rio. 
2017-12-05
--------------------------------------------------------------------------
MI6217 - Descricao antiga:Ótima residência no bairro Nonoai, 05 dormitórios sendo 01 suite com sacada, living 02 ambientes, hall, banheiros, cozinha e área de serviço. Último andar com terraço, churrasqueira. Garagem coberta e pátio amplo.
Aceita negociações...
Agende sua visita!!!! 
2017-12-05
--------------------------------------------------------------------------
MI7000 - Descricao antiga:Excelente casa no condomínio Villa Assumpção, bairro Vila Assunção em Porto Alegre, com 283 m² de área privativa semi mobiliada. Parte térrea possui amplo living, lavabo, cozinha mobiliada, espaço com parrilha, forno de pizza, ótimo pátio e  garagem para 2 carros. No 2° andar 3 dormitórios, sendo 1 suíte com banheira  de hidromassagem, sacada. No 3° andar  estar íntimo com banheiro social e amplo terraço com bela vista. Vale a pena conhecer! 
2017-12-05
--------------------------------------------------------------------------
MI6042 - Descricao antiga:Ótima residência térrea em condomínio fechado, 3 dormitórios, living 2 ambientes (em tabuão), lareira, ótima orientação solar, pátio c/churrasqueira, garagem fechada e controle remoto. Condomínio c/salão de festas, quadra de esportes, playground e portaria 24h.
 
2017-12-05
--------------------------------------------------------------------------
MI7494 - Descricao antiga:Casa no condomínio fechado Altos do Lago, com 03 suítes, sendo 01 com closet e banheira de hidromassagem, living 03 ambientes com lareira e churrasqueira, cozinha integrada mobiliada, lavabo, entrada de serviço com despensa, lavanderia e área de serviço, estar íntimo com web space. Pátio gramado com deck em piso atérmico e piscina com hidromassagem, cascata e iluminação. Garagem coberta para 02 carros e 03 vagas. Localização privilegiada com área de preservação em frente. Excelente privacidade e segurança. Condomínio com segurança 24 horas, salão de festas, espaço gourmet, campo de futebol, quadra de tênis, playground  e piscina.
 
2017-12-05
--------------------------------------------------------------------------
MI7493 - Descricao antiga:EXCELENTE sobrado localizado no Lagos de Nova Ipanema, com 3 dormitórios sendo 1 suite, living 2 ambientes, lavabo, copa/cozinha, pátio, portaria 24 horas com playground. 
2017-12-05
--------------------------------------------------------------------------
MI6976 - Descricao antiga:Maravilhoso sobrado no Lagos de Nova Ipanema, com 3 dormitórios sendo 1 suíte, peças amplas, living 2 ambientes, copa/cozinha, pátio grande e garagem.  Fica semi mobiliada, splits, porcelanato fosco, aberturas de madeira.
 Agende sua visita!!!
 
2017-12-05
--------------------------------------------------------------------------
MI6647 - Descricao antiga:Residência em condomínio fechado, com 3 dormitórios, suíte com closet, living 2 ambientes, gabinete, estar íntimo, cozinha montada, despensa, pátio e garagem. 
2017-12-05
--------------------------------------------------------------------------
MI7031 - Descricao antiga:Excelente Sobrado no bairro Guarujá em Porto Alegre, com ótimo padrão construtivo e acabamento. Composto por 2 dormitórios sendo os 2 suítes com sacada, living 2 ambientes, banheiros com ventilação natural, cozinha, lavabo, área externa com churrasqueira e pátio. Vaga para 1 carro. Residencial Caminhos do Sol com toda a estrutura de comércio, praças e lazer. Agende sua visita com um de nossos corretores!! 
2017-12-05
--------------------------------------------------------------------------
MI6443 - Descricao antiga:EXCELENTE Residência construída com material de 1ª qualidade, 3 dormitórios com piso flutuante, peças amplas, bem ensolarado, sancas em gesso no living e na suíte, possui sistema de calefação a gás com caldeira, aquecimento solar e a gás. Terreno alto com vista, casa possui piso frio no andar térreo. 
2017-12-05
--------------------------------------------------------------------------
MI6896 - Descricao antiga:Sobrado com 2 dormitórios, living 2 ambientes, lavabo, cozinha, banheiros montados, lavanderia, pátio e 1 vaga de garagem coberta com toldo. Confira! 
2017-12-05
--------------------------------------------------------------------------
MI7498 - Descricao antiga:EXCELENTE sobrado com 3 dormitórios sendo 1 suite, living 2 ambientes, lababo, copa/cozinha, pátio. Localizado em condominio fechado Lagos de Nova Ipanema com playground, portaria 24 horas, pista de caminhada. 
2017-12-05
--------------------------------------------------------------------------
MI4242 - Descricao antiga:CASA em BOM estado de conservação,  C/ 4 dormitórios ,  living,  2 banheiro social,   copa/cozinha,   wc auxiliar,   área serviço c/ esp p/maquina,   água quente,   esquadrias em madeira pintada   Jardim, Gradil,  sobrado c/ terraço na parte superior c/ 25m² c/ piso frio,cozinhaampla piso frio e azulejos decorados,pátio,salão de festa e churrasqueira.   
2017-12-05
--------------------------------------------------------------------------
MI6380 - Descricao antiga:RESIDÊNCIA com 3 dormitórios, living amplo com 2 ambientes e lareira, salão de festas. Terreno amplo em aclive todo murado com árvores frutíferas, e  lago com Carpas. Garagem em alvenaria com 2 vagas, lage, portão automatizado com frente pra rua. Com lage em todas peças, falta acabamento. Não tem habite-se. O terreno é lindo, com 874 m  
2017-12-05
--------------------------------------------------------------------------
MI6834 - Descricao antiga:Cobertura duplex com 2 dormitórios, living 2 ambientes com sacada, banho social, cozinha, área de serviço, banho auxiliar,  estar intimo, banheiro,  terraço c/45 m² e opção p/3 dormitório, 2 vagas de garagem escrituradas (1 coberta). Edifício com elevador, condomínio com salão de festas, playground e portaria 24 h. 
2017-12-05
--------------------------------------------------------------------------
MI5739 - Descricao antiga:EXCELENTE casa de  03 dormitórios sendo 01 suíte com sacada, living 02 ambientes com lareira , copa/cozinha sob medida, lavabo, área de serviço,  pátio com piscina, churrasqueira interna e externa e terraço. Localizado no Residencial Jardins do Prado, com total infraestrutura, segurança 24h, áreas de lazer e quadra de esportes.
 
2017-12-05
--------------------------------------------------------------------------
MI7122 - Descricao antiga:Casa muito aconchegante  no loteamento Vivendas de Nova Ipanema de 2 dormitórios sendo 01 suíte, living 2 ambientes, sala de jantar, copa/cozinha, churrasqueira e quintal com deck recém reformado.
Imóvel com  pé direito alto podendo ser transformado em  mezanino. 
2017-12-05
--------------------------------------------------------------------------
