BD676 - Descricao antiga:APARTAMENTO 3 DORMITÓRIOS SEMI MOBILIADO, COM AMPLO ESPAÇO DE 102,56M² PRIVATIVO, SENDO UMA SUÍTE MASTER, REFORMADO, EM BOM ESTADO DE CONSERVAÇÃO,EM RUA TRANQUILA, PRÓXIMO AO CENTRO DE CANOAS. 
VENHA CONFERIR E AGENDE AGORA MESMO SUA VISITA. 
2017-12-05
--------------------------------------------------------------------------
CM1704 - Descricao antiga:APARTAMENTO DE 01 DORMITÓRIO, COM ÁREA DE SERVIÇO, COZINHA, SALA E PORTEIRO ELETRÔNICO. ENTRE EM CONTATO E AGENDE SUA VISITA. 
2017-12-05
--------------------------------------------------------------------------
CI16651 - Descricao antiga:ÓTIMA CASA COM 5 SUÍTES PRÓXIMO COLÉGIO FARROUPILHA, LIVING 3 AMBIENTES, COM LAREIRA, VARANDA, SALA DE JANTAR, ESCADA DE MADEIRA IPE, COPA COZINHA.
PARTE SUPERIOR: COM MEZANINO, WEB SPACE, 5 SUÍTES. CLOSET, BANHEIRO COM HIDRO, SACADAS NOS DORMITÓRIOS. SOLARIUM COM GABINETE.
SALÃO DE FESTAS COM CHURRASQUEIRA, BAR E ADEGA, FITNESS.
PÁTIO COM PISCINA E VESTIÁRIO.
CASA COM AQUECIMENTO SOLAR.
OPÇÃO PARA CASA COMERCIAL. 
2017-12-05
--------------------------------------------------------------------------
BD690 - Descricao antiga:EXCELENTE CASA, COM ÓTIMA LOCALIZAÇÃO PRÓXIMO A REGIÃO CENTRAL DE CANOAS , COM 5 DORMITÓRIOS SENDO UMA SUÍTE MASTER, LIVING 2 AMBIENTES, GÁS CENTRAL, CHURRASQUEIRA, PÁTIO, GARAGEM AUTOMÁTICA PARA 2 CARROS. AGENDE SUA VISITA.
venda, compra, vende-se, compro, vendo. 
2017-12-05
--------------------------------------------------------------------------
CI13909 - Descricao antiga:Excelente casa (454 m²p) quitada, com várias opções na planta em 3 pavimentos e preparada para mais um pavimento.Toda em piso tabuão. Escada em mármore travertino com clarabóia. 
Social completo em (70m²).
Todos dormitórios com sacada. Tendo 2 suites, a master (30m) com hidro para 2 pessoas e box. Garagem/Salão de festas com forno, chu, bar, lavabo. Lavanderia montada. Segunda churrasqueira na sacada da copa coz montada. Central de telefone com 3 linhas e ramais. Segurança guarita/ronda 24h em frente. 
2017-12-05
--------------------------------------------------------------------------
VR4279 - Descricao antiga:CENTRO APARTAMENTO 2 DORMITÓRIOS TRANSFORMADO EM 1 DORMITÓRIO. AMPLA SALA DE ESTAR JANTAR, SACADA E GARAGEM. 
2017-12-05
--------------------------------------------------------------------------
CI14275 - Descricao antiga:Casa 3 dormitórios, suíte, living c/ 3 ambientes, c/ lareira, sacada, lavabo, sala de jantar, copa/cozinha montada, dormitório empregada, área serviço. Piscina, quadra de esportes, churrasqueira, quiosque, quadra de tênis, antena sky, ar central nos quartos e split na sala. 
2017-12-05
--------------------------------------------------------------------------
CI16402 - Descricao antiga:Matricula nº 140.882 3ª zona 2ª fase.Lote 077 na Al. Verona,setor res. N Veneto, c/ 569,85 m²(17,49x35,00) Otima localização  na frente de uma praça, parte alta do loteamento,com vista panoramica,inclusive o Guaiba.
--------------------------------------------------------------------------
CI14064 - Descricao antiga:Conjunto 2 salas de atendimento mobiliadas, recepção, lavabo, cozinha mobiliada, ar condicionado central, pabx 5 linhas. Prédio com portaria e segurança, academia de ginástica, restaurante, auditório e sala de reuniões. 
2017-12-05
--------------------------------------------------------------------------
VR3933 - Descricao antiga:CASA DE 02 DORMITÓRIOS, COM SALA, COZINHA, ÁREA DE SERVIÇO, CHURRASQUEIRA, PISCINA E PÁTIO, NO CENTRO.
PISO FRIO NAS ÁREAS SOCIAL, COZINHA, SERVIÇO, VARANDAS.
PISO LAMINADO NOS DORMITÓRIOS.
 
2017-12-05
--------------------------------------------------------------------------
CI16306 - Descricao antiga:Sítio com 23,13 hectares com árvores frutiferas,2 açudes,criação de gado.na zona rural .Muito bem cuidado.Com casa,galpão,mangueira,estrebaria.
Local com potencial para uso ou para condomínio.  
2017-12-05
--------------------------------------------------------------------------
MI1567 - Descricao antiga:Espetacular Residência com maravilhosa vista para o rio, 3 dormitórios, suíte c/hidro e closet, living 5 ambientes c/lareira (em tabuão), lavabo,   gabinete, estar íntimo, sala de jantar, copa/cozinha montada, 2 dependências de empregada, despensa,   amplo pátio com piscina, salão de festas e quiosque. 
2017-12-05
--------------------------------------------------------------------------
BD190 - Descricao antiga:AMPLO APARTAMENTO COM VISTA 360 GRAUS, ANDAR ALTO, APARTAMENTO DIFERENCIADO, 02 AMPLAS SALAS, 03 SUÍTES MASTER COM SACADA, E COM ÓTIMA LOCALIZAÇÃO. CONDOMÍNIO COM BELA INFRA-ESTRUTURA. SAIBA MAIS COM UM DE NOSSOS CORRETORES.
venda, compra, vende-se, compro, vendo. 
2017-12-05
--------------------------------------------------------------------------
CI15195 - Descricao antiga:Excelente cobertura (453m²) na parte alta da Bela Vista.
Com 3 dorms (suite com armário, sacada privativa, hidro/ box.
Living 3 ambs, tabuão, lareira, sacadão integrado para uma vista aberta da cidade, hall,lavabo, sala de jantar, banho social c/hidro, copa/cozinha montada, dorm. empregada, wc auxiliar, despensa, lavanderia. 
Parte Superior:  piso granito, salão 4 ambs, ambiente da lareira, bar montado/churrasqueira e espaço gourmet, banho completo, terraço (60m) em "L" , ensolarado, piscina/deck. 
4 vagas escrituradas.
Prédio totalmente reformado, 2 elevadores, salão de festas com espaço gourmet/ churrasqueira, play no avarandado coberto, fitness, portaria 24hrs com segurança guarita. 
 
2017-12-05
--------------------------------------------------------------------------
CI16854 - Descricao antiga:Empreendimento comercial interligado com o Shopping Barra Sul, com 22 andares, vista panorâmica, 290 salas com plantas flexiveis. O prédio com pele de vidro, 02 salões de conveções, ar e calefação central, 06 elevadores, intranet condominial e acesso à internet nas salas e áreas comuns. Excelente localização, pois os clientes circulam pelas salas comerciais, pelas lojas e restaurantes, tudo integrado em um mesmo local, com total segurança
. 
2017-12-05
--------------------------------------------------------------------------
CI16931 - Descricao antiga:ÓTIMO TERRENO, LOCALIZADO NO SETOR  SUL, RESIDENCIAL LOMBARDIA. LOTE S227.

 UM DOS POUCOS COM VISTA PARA O GUAÍBA!!
CONDOMÍNIO COM INFRA COMPLETA, PARA QUEM GOSTA DE TRANQUILIDADE,SEGURANÇA  E  VIVER JUNTO A NATUREZA, POIS 51% DA ÁREA SERÁ DESTINADA A ÁREAS VERDES!.

 
2017-12-05
--------------------------------------------------------------------------
VR4190 - Descricao antiga:CASA DE ALVENARIA COM CHALÉ ANEXADO, COM AMPLO TERRENO COM 2 DORMITÓRIOS, AMPLA COZINHA, 2 BANHEIROS, PÁTIO E PISCINA, CHURRASQUEIRA, MURADA E GRADEADO PORTÃO. 
2017-12-05
--------------------------------------------------------------------------
VR4606 - Descricao antiga:ÓTIMO APARTAMENTO DE 3 DORMITÓRIOS, SENDO UMA SUÍTE, SACADA COM CHURRASQUEIRA, A UMA QUADRA DA RUA GRANDE, VAGA PARA 2 CARROS, ANDAR ALTO COM LINDA VISTA PARA A CIDADE. 
2017-12-05
--------------------------------------------------------------------------
AT14453 - Descricao antiga:Casa com 6 dormitórios no bairro Teresópolis (Porto Alegre),  vista panorâmica para o Guaíba. 1.100m² de área construída, um terreno com quase 4000m² de mata nativa e ao lado de parque ecológico. 
2017-12-05
--------------------------------------------------------------------------
CI16454 - Descricao antiga:ÓTIMO TERRENO EM FRENTE AO SHOPPING BOURBON ASSIS BRASIL, ENTRE AS AVENIDAS BENJAMIN CONSTANT E SERTÓRIO, 20m (fundos) X 22m (frente). IDEAL PARA CONSTRUÇÃO DE SALAS OU LOJAS COM ESTACIONAMENTO. 
2017-12-05
--------------------------------------------------------------------------
VR4807 - Descricao antiga:APARTAMENTO 3 DORMITÓRIOS, BANHEIRO SOCIAL E AUXILIAR, SACADA E GARAGEM. 
2017-12-05
--------------------------------------------------------------------------
BD171 - Descricao antiga:EXCELENTE SOBRADO EM BAIRRO NOBRE DE CANOAS,  EM RUA CALMA E TRANQUILA. POSSUI AMPLO LIVING, 03 DORMITÓRIOS SENDO UM SUÍTE, SALA DE TELEVISÃO, DEPENDÊNCIA DE EMPREGADA, LAVABO,  SALA DE GINÁSTICA, TERRAÇO COM PISCINA, SALA DE CHURRASQUEIRA COM ABERTURA PARA O PÁTIO, GARAGEM PARA 3 CARROS. PROPRIETÁRIO ESTUDA A POSSIBILIDADE DE ENTRAR NA NEGOCIAÇÃO APARTAMENTO DE VALOR MENOR.
AGENDE SUA VISITA!! 
2017-12-05
--------------------------------------------------------------------------
AT14457 - Descricao antiga:Terreno com 2.217,41 no bairro Santa Tereza (Porto Alegre). São 2 terrenos vendidos juntos com área de aproximadamente 6 mil m² com vista para o Guaíba, situado no alto do morro Santa Tereza. 
2017-12-05
--------------------------------------------------------------------------
CI590 - Descricao antiga:Excelente terreno em avenida com (10,32mx40m) comercial ou misto próximo da Vicente da Fontoura numa localização com grande e constante fluxo.
Excelente para investidor pois está alugado com uma locação comercial a mais de 10 anos pelo mesmo inquilino que tem intenção de permanecer.
Excelente para construtuir prédio comercial, residencial ou misto.
--------------------------------------------------------------------------
NK12964 - Descricao antiga:Amplo 2 dormitórios, c/ dependência de empregada, living 2 ambientes, cozinha com área de seviço separada, 1 banheiro social e outro auxíliar, 2 vagas de garagem cobertas e escrituadas, prédio pequeno, sem elevador, com 1 lance de escada. Salão com churrasqueira, depósito coletivo e porteiro eletrônico.
Localizado nas imediações da Rua Cristiano Fischer, próximo a PUCRS. 
2017-12-05
--------------------------------------------------------------------------
CI17004 - Descricao antiga:Cobertura localizada na parte alta do MOINHOS próxima ao Parcão, em andar alto com vista de frente à fundos, reformada, ensolarada.
Com 3 dorms ( suite com sacada aberta), banho social/hidro, sauna, piso parquet claro em ótimo estado.
Com 2 escadas internas ( social e de serviço).
Social completo com hall, lavabo, gabinete, sacada aberta no living, estar íntimo/TV, copa cozinha montada, lavanderia, dorm de empregada.
Parte superior: salão 5 ambientes, terraço em "L" aberto. 
3 vagas com depósito.
Prédio tradicional com projeto para salão de festas, 2 elevadores novos, jardim gramado e arborizado e com muito verde, port 24 hrs com segurança monitorada e estacionamento para visitantes.
--------------------------------------------------------------------------
AT14458 - Descricao antiga:Terreno com 3.726,97m² no bairro Santa Tereza (Porto Alegre). Vista para o Guaíba. Proprietário vende junto com o terreno ao lado, que possui 2.217,41m².
--------------------------------------------------------------------------
CI16873 - Descricao antiga:Muito boa cobertura (470m²) estilo casa, com 3 dorms (3 suites)
Social piso tabuão madeira, com pé direito duplo com mezanino e clarabóia, living espaçoso com hall, lavabo, lareira, estar, jantar.
Íntimo piso laminado tabuão marfim com 3 dorms  (suite master/ hidro,closet com acesso direto ao terraço).
Cozinha montada, despensa, lavanderia, dependência de empregada completa. 
Parte superior piso pedra, salão de festas com 4 amplos ambientes, gabinete,home theater, bar/chu, banho, terraço aberto em "L"(60m²) com espera para piscina. 
Prédio pequeno com 4 aptos sendo 2 por andar, elevador, salão de festas, piscina com solarium, terraço, zelador, portaria 12hrs.
4 vagas-depósito.
 
2017-12-05
--------------------------------------------------------------------------
BD683 - Descricao antiga:TERRENO MEDINDO 10X40,50 EM RUA TRANQUILA, MUITO PRÓXIMA DO CENTRO E A TRÊS QUADRAS DA BR 116. PRÓXIMO DE DOIS BONS COLÉGIOS A UMA PADARIA E MERCADO. LINHA DE ÔNIBUS NA FRENTE. IDEAL PARA CONSTRUIR CASA OU EDIFÍCIO RESIDENCIAL OU COMERCIAL. AGENDE UMA VISITA. 
2017-12-05
--------------------------------------------------------------------------
CI16762 - Descricao antiga:Maravilhosa casa em Cond. Terra Lima,semi-mobiliada,  living 5 ambientes, lareira, churrasqueira e  forno de pizza.Parte da área livre foi fechada com a construção de um jardim de inverno. A churrasqueira é atendida por charmosa sala de jantar.Total de 4 suítes.Sendo no 1° Piso 2 suítes (uma delas master c/lareira) e grande sala íntima. 2º Piso: Mais 2 suítes.( sendo 3 delas com clouset).Banheiros com piso aquecido. Ar central no 2º pavimento. Casa ensolarada, com aproximadamente 95m² de área contruída que não está computada na metragem privativa. Ótimo aproveitamento de armários e depósitos.... 
2017-12-05
--------------------------------------------------------------------------
CI14498 - Descricao antiga:Excelente terreno (1235m²) plano em localização nobre mista na Boa Vista 
Com uma testada de (23,50m).
Com EVT  estudo de viabilidade técnica para edificação de 2.779m² com o recuo:
Tendo subsolo, térreo, 6 pavimentos tipo de 3 dormitórios mais cobertura, 36 vagas.


Ótimo índice construtivo para residencial, comercial ou misto.
 
2017-12-05
--------------------------------------------------------------------------
VR3773 - Descricao antiga:SALA COMERCIAL COM 49 M² NA RUA INDEPENDÊNCIA. 
2017-12-05
--------------------------------------------------------------------------
MI7652 - Descricao antiga:Casa  com ótimo terreno no bairro Ipanema, com 02 dormitórios, living 02 ambientes, cozinha ampla, banheiro social,  garagem fechada para 02 carros, pátio grande com churrasqueira. 
2017-12-05
--------------------------------------------------------------------------
CI10512 - Descricao antiga:Terreno (1866,48m²)  e de área construida aproximadamente de (2500m²) com prédio residencial reformado com apartamentos e coberturas e mais depósito independente com estacionamento frontal nas 2 testadas de terreno em ruas paralelas, em localização excelente expansão imobiliária com saída próxima da cidade e acesso fácil para o centro e a grande POA. 
2017-12-05
--------------------------------------------------------------------------
CI16564 - Descricao antiga:Área c/32hect.,350 mts de frente para  a lagoa da pinguela, com casa de 6 dormitórios, piscina, lareira, sala de jogos, quiosque 780 mts de frente p/a estrada, casa de hóspedes c/ 2 dorms, sala, banh. e coz., galpão p/confinamento c/800mts2, c/automatização para alimentação dos animais, irrigação para área gramada em volta da casa e da piscina, rampa de acesso para barcos, pier, açudes. Área propria para fazer condominio.avle a pena !mesmo
--------------------------------------------------------------------------
CM1262 - Descricao antiga:OTIMA LOCALIZACAO, SALA COM 3 AMBIENTES COM DIVISORIAS, LUMINARIAS, PINTURA NOVA, PISO E FORRO EM OTIMO ESTADO, OTIMO PREDIO COM PORTARIA E 2 ELEVADORES. EXCELENTE CUSTO BENEFICIO.
--------------------------------------------------------------------------
BD588 - Descricao antiga:AMPLO APARTAMENTO ENTREGUE PRONTO PARA MORAR EM ÓTIMA LOCALIZAÇÃO. APARTAMENTO 03 SUÍTES, PISO EM PORCELANATO, TETO REBAIXADO EM GESSO, ISOLAMENTO ACÚSTICO E TÉRMICO, 03 ORIENTAÇÕES SOLARES E AMPLO ESPAÇO INTERNO. CONDOMÍNIO COM PISCINA TÉRMICA, SALÃO DE FESTAS, GÁS CENTRAL E HIDROMETRO INDIVIDUAL.
venda, compra, vende-se, compro, vendo. 
2017-12-05
--------------------------------------------------------------------------
BD589 - Descricao antiga:AMPLO APARTAMENTO  PRONTO PARA MORAR EM ÓTIMA LOCALIZAÇÃO. APARTAMENTO 03 DORMITÓRIOS (01 SUÍTE), PISO EM PORCELANATO, TETO REBAIXADO EM GESSO, ISOLAMENTO ACÚSTICO E TÉRMICO, 03 ORIENTAÇÕES SOLARES E AMPLO ESPAÇO INTERNO. CONDOMÍNIO COM PISCINA TÉRMICA, SALÃO DE FESTAS, GÁS CENTRAL E HIDROMETRO INDIVIDUAL. 
2017-12-05
--------------------------------------------------------------------------
VR4917 - Descricao antiga:Apartamento de um dormitório com sacada, vaga de garagem, portaria, salão de festas, imediações Sociedade Orpheu.
Bairro Centro,São Leopoldo. 
2017-12-05
--------------------------------------------------------------------------
VR4423 - Descricao antiga:ÓTIMO KITNET COM SACADA, ANDAR ALTO COM BELA VISTA. 
2017-12-05
--------------------------------------------------------------------------
NK13550 - Descricao antiga:Excelente casa de 3 dormitórios sendo 1 suÍte, 2 quartos com sacada com vista para o Guaíba, escritório com sacada, sala de estar e jantar integradas, suíte com 2 duchas, banheiro com acabamento em marmore travertino, hidro, closet, piscina, churrasqueira integrada ao ambiente da piscina, dependência de empregada, alarmes,  monitoramento, grade e pantográficas em todas aberturas, garagem para 3 carros, sacadas envidraçadas e pátio.
--------------------------------------------------------------------------
CI16868 - Descricao antiga:ÓTIMO APARTAMENTO NO CENTRO

ANDAR ALTO COM VISTA PARA O GUAIBA.  EXCELENTE APTO DE 1 DORM COM METRAGEM DE 2 DORMiITORIOS, COM 1 BOX,
CHURRASQUEIRA E SACADA FECHADA,
TODO REFORMADO.
EDIFICIO COM PORTARIA 24HS
VALE CONFERIR.  
2017-12-05
--------------------------------------------------------------------------
CI15200 - Descricao antiga: 
 Ótimo apartamento,com amplo terraço
 (cobertura horizontal) desocupado, com churrasqueira
 2 dormitórios, suite, banheiro social
 living 2 ambientes,copa cozinha,wc auxiliar
 área serviço
 garagem p/ 2 carros lado a  lado
 prédio bem conservado
PARA INVESTIDOR IMÓVEL ALUGADO
 
2017-12-05
--------------------------------------------------------------------------
CI16999 - Descricao antiga:Excelente (2) terrenos lado à lado com 3.696m²
de área plana e um pouco irregular em sua
extensão, próximos à av Cavalhada e com divisa ao empreendimento das torres residenciais da Goldsztein/Cyrela (construção 2010/2011).

 nº 486= (13,96 X irregular)= 3300m²  e o 
 nº 496=  (11X36)= 396m²
--------------------------------------------------------------------------
CI16687 - Descricao antiga:Depósito (3400m²) em terreno (6370m²) plano próximo ao CEASA.
Alugado com contrato recente.
 
2017-12-05
--------------------------------------------------------------------------
CI15302 - Descricao antiga:Terreno de esquina com 840,00m² . Passando o Iguatemi em direção a Estrada do Forte, entra a esquerda na Av. Circular. A região está crescendo e tem um bom potencial! Possui estudo de potencial construtivo onde constrói 2.417,83 m². Maiores informações com nosso setor de terrenos.. 
2017-12-05
--------------------------------------------------------------------------
MI7552 - Descricao antiga:ÓTIMO Sobrado usado semi mobiliado, ótima incidência solar, 3 dormitórios sendo 1 suíte, living 2 ambientes com lareira,piso cerâmico nas áreas sociais, e laminado áreas intima,  aberturas em madeira,  sacadas, churrasqueira, splitz,  área de serviço e pátio com piscina, toda gradeada. Fica os modulados da cozinha e banheiros. Residencial com total infraestrutura, planejado para oferecer bem-estar e tranquilidade a seus moradores, um ambicioso projeto formado por loteamentos residenciais e condomínios horizontais fechados. O residencial fica perto de todas as comodidades da zona sul de Porto Alegre, total infra - estrutura de altíssima qualidade, com pavimentação em blocos de concreto, esgoto cloacal e pluvial, praças recreativas e quadras poliesportivas. No centro de complexo ainda há uma praça arborizada com um lago natural, ideal para uma caminhada relaxante ao final da tarde ou para um chimarrão entre amigos.
 
2017-12-05
--------------------------------------------------------------------------
CI16965 - Descricao antiga:Casa (347m2) térrea elevada em terreno de (12mx32,40m) em aclive acentuado, com vista aberta, próxima da Dona Leonor e Protásio. Muito boa localização, com 4 suites, hall, living(50m), gabinete, garagem fechada para 4 carros, terraço (12mx10m) e anexo. 
2017-12-05
--------------------------------------------------------------------------
NK13830 - Descricao antiga:Ótimo apartamento DUPLEX, parte de baixo: 1 suíte, cozinha, área de serviço, sala 2 ambientes, parte superior: sala com lareira, 1 dormitório, banheiro social, uma ampla sacada, fachada com churrasqueira, vista definida. Apartamento amplo, muito bem conservado. 2 vagas de garagem (1 escriturada). Aceita apartamento de 01 dormitório com vaga.  ACEITA PROPOSTAS. 
2017-12-05
--------------------------------------------------------------------------
BD318 - Descricao antiga:LINDO LANÇAMENTO NA MELHOR REGIÃO DE CANOAS! ADQUIRA SEU IMÓVEL EM BAIRRO TRANQUILO, DE ALTO PADRÃO E COM TOTAL INFRA-ESTRUTURA. CONVERSE COM UM DE NOSSOS CORRETORES E PEÇA UMA VISITA DELES PARA MAIORES INFORMAÇÕES DESTE EMPREENDIMENTO.
--------------------------------------------------------------------------
