VR9787 - Descricao antiga:APARTAMENTO COM 2 DORMITÓRIOS, LAVABO, BANHEIRO SOCIAL, ÁREA DE SERVIÇO, COPA/COZINHA, DEPENDÊNCIA DE EMPREGADA.
--------------------------------------------------------------------------
MF16148 - Descricao antiga:APTO NO 18 ANDAR, COM VISTA PARA O GUAÍBA E CENTRO, EMPREENDIMENTO DE STUDIOS RESIDENCIAIS COM EXCELENTE LOCALIZAÇÃO. PISCINA COM RAIA COBERTA, 2 SALÕES DE FESTAS COM PISTA DE DANÇA E VISTA PANORÂMICA, SALA DE JOGOS, FITNESS, TERRAÇO COM LOUNGE PANORÂMICO E CENTRAL DE SERVIÇOS PAY-PER-USE. PRÉDIO FUNCIONAL, ESTRUTURA DE APOIO COM UM MALL BOUTIQUE COM MAIS DE 30 OPÇÕES E LOJAS DE CONVENIÊNCIAS. ÚNICO EM PORTO ALEGRE A COMBINAR ESPAÇOS RESIDENCIAIS, COMERCIAIS E CORPORATIVOS.
   -
--------------------------------------------------------------------------
VR6021 - Descricao antiga:RESIDENCIA COMERCIAL OU RESIDENCIAL, COM 2 SALAS TÉRREAS E LAVABO, MAIS 1 SALA ESTAR/JANTAR COM COZINHA INTEGRADA, DESPENSA, 2 BANHEIROS SOCIAIS, 3 DORMITÓRIOS, SENDO 1 SUÍTE.
PISCINA COM ESPERA PARA AQUECIMENTO DE ÁGUA, SALÃO DE FESTAS COM CHURRASQUEIRA, GARAGEM COBERTA PARA 2 CARROS, MURADA E GRADEADA, PORTÕES COM CONTROLE ELETRÔNICO E CERCA ELETRICA.
--------------------------------------------------------------------------
MI7958 - Descricao antiga:ÓTIMO sobrado  na zona sul de Porto Alegre de  03 dormitórios, sendo 01 ampla suíte, banho social, living 02 ambientes com lareira, cozinha, lavabo, lavanderia fechada, churrasqueira, pátio com edícula nos fundos, vaga para 02 carros. Residencial consolidado do bairro, com supermercado, escola, creche, posto de saúde, academia, posto de combustíveis, bancos, farmácia, ônibus e lotação. Confira!




--------------------------------------------------------------------------
MI7887 - Descricao antiga:Excelente sobrado no Residencial Nova Ipanema, com 02 suítes, sacada, living 02 ambientes, ampla cozinha conjugada com ambiente de churrasqueira, lavanderia e pátio. Imóvel  totalmente mobiliado com móveis projetados e móveis rústicos de extremo bom gosto. Possui gradil e portão elétrico.


--------------------------------------------------------------------------
VR5965 - Descricao antiga:ÓTIMO KITNET, ÓTIMA LOCALIZAÇÃO, COM GARAGEM PRIVATIVA, COM ENTRADA EXCLUSIVA MORADOR.
--------------------------------------------------------------------------
VR7397 - Descricao antiga:APARTAMENTO 2 DORMITÓRIOS, COM GARAGEM, SALA ESPAÇOSA. PEÇAS BEM ILUMINADAS E VENTILADAS, COZINHA COM MÓVEIS SOB MEDIDA. VISTA PANORÂMICA.
--------------------------------------------------------------------------
PA1299 - Descricao antiga:CASA TIPO SOBRADO COM 3 PAVIMENTOS. PARTE SOCIAL E SÓTÃO EM PISO FRIO. PARTE INTIMA LAMINADO. ÓTIMO ESTADO DE CONSERVAÇÃO, BEM ILUMINADA, CHURRASQUEIRA NA AREA DE SERVIÇO. FICAM OS MÓVEIS DA SUITE, COZINHA E BANHEIROS.1 GARAGEM FECHADA QUE PODE SER INTEGRADA AO LIVING + ESTACIONAMENTO DESCOBERTO.
--------------------------------------------------------------------------
VR9257 - Descricao antiga:APARTAMENTO DE DOIS DORMITÓRIOS COM SACADA E CHURRASQUEIRA. REFORMADO. UMA VAGA DE ESTACIONAMENTO. CONDOMÍNIO FECHADO COM PORTARIA 24 HORAS, SALÃO DE FESTAS E PLAY.

--------------------------------------------------------------------------
VR5673 - Descricao antiga:CASA DE ALVENARIA COM 4 DORMITORIOS SENDO 1 SUITE, UM BANHEIRO,LAVABO, AREA DE SERVIÇO, CHURRASQUEIRA, COZINHA, SALA DE JANTAR E GABINETE.
--------------------------------------------------------------------------
VR10294 - Descricao antiga:APARTAMENTO 2 DORMITÓRIOS, DE FRENTE COM SACADA FECHAMENTO EM VIDRO, COZINHA COM MÓVEIS PLANEJADOS, ONDE FICAM FORNOS EMBUTIDOS, COIFA , COOKTOP E 1 AR CONDICIONADO DE JANELA.
--------------------------------------------------------------------------
VR9834 - Descricao antiga:CASA DE ALVENARIA COM 03 DORMITÓRIOS, 
BANHEIRO, SALA, COZINHA COM 174 M² E TERRENO 10 X 28 M².
--------------------------------------------------------------------------
VR10122 - Descricao antiga:CASA MISTA 3 DORMITÓRIOS, 2 BANHEIROS SOCIAIS, 3 GARAGENS, CHURRASQUEIRA, COZINHA, ÁREA DE SERVIÇO, TODO GRADEADO NA FRENTE E MURADO NA LATERAL, PORTÃO ELETRÔNICO, ALARME.
--------------------------------------------------------------------------
VR10345 - Descricao antiga:APARTAMENTO 2 DORMITÓRIOS, PISO LAMINADO,CHURRASQUEIRA,ESTACIONAMENTO ROTATIVO,PORTARIA 24 HORAS,SALÃO DE FESTASE PLAYGROUND
--------------------------------------------------------------------------
MI7955 - Descricao antiga:Residência em condominio fechado com 4 dormitórios sendo 1 suite com closet, living 3 ambientes com lareira e 2 sacadas, lavabo, sótão com 3 dormitórios, pátio com piscina. Salão de festas, quadra de esportes, playgraund, zelador, garagem com vaga para 3 carros, vista panorâmica para o rio. DÁ PARA DUAS FAMILIAS MORAR OU COLOCAR UM ESCRITORIO EM CASA
--------------------------------------------------------------------------
VR9231 - Descricao antiga:ÓTIMO APARTAMENTO EM ANDAR ALTO COM 03 DORMITÓRIOS, SENDO 01 SUÍTE, SALA DE ESTAR, SACADA INTEGRADA, BANHEIRO, ÁREA DE SERVIÇO COM CHURRASQUEIRA, FORRO EM GESSO, PISO LAMINADO E ÁGUA QUENTE. VAGA DE GARAGEM DUPLA COBERTA. INFRAESTRUTURA COM SALÃO DE FESTAS, ACADEMIA, PISCINA, PLAYGROUND E QUIOSQUE. ACEITA CASA DE ATÉ R$ 200.000,00 EM SAPUCAIA DO SUL.
--------------------------------------------------------------------------
CI19305 - Descricao antiga:Apartamento amplo no bairro Petrópolis de dois dormitórios todo REFORMADO, living em porcelanato, pátio com espera para churrasqueira, cozinha americana montada.
--------------------------------------------------------------------------
MI7855 - Descricao antiga:Residência á venda na zona sul de Porto Alegre, casa 100% MOBILIADA com 4 dormitórios sendo 2 suítes, hidro, living 3 ambientes, lavabo, lareira, piscina, hall, copa/cozinha montada, dependência de empregada, pátio, salão de festas com churrasqueira, sauna,garagem com vaga para até 6 carros.
--------------------------------------------------------------------------
VR8994 - Descricao antiga:APARTAMENTO TÉRREO BEM LOCALIZADO COM 02 DORMITÓRIOS, SALA DE ESTAR, SALA DE JANTAR, COZINHA, BANHEIRO, LAVABO, ÁREA DE SERVIÇO E LAVANDERIA, ESTACIONAMENTO ROTATIVO. PODE SER FINANCIADO.
--------------------------------------------------------------------------
MI7853 - Descricao antiga:LINDO sobrado localizado no residencial Hípica Boulevard de 2 dormitórios, living 2 ambientes, peças amplas, lareira, copa/cozinha, área social em piso frio,espera para sotão, garagem para 1 carro e pátio.Residencial com áreas de lazer, segurança, playground e lotação.
--------------------------------------------------------------------------
MF16154 - Descricao antiga:SALA COMERCIAL, BANHEIRO SOCIAL, PREDIO C/ 4 ESPAÇOS DE MULTIMIDIA AUDITORIO, RECEPÇÃO, SEGURANÇA, VISTA PARA O GUAÍBA, EXCELENTE LOCALIZAÇÃO 
      
- PARA FACILITAR SUA COMPRA, AVALIAMOS SEU IMÓVEL E ESTUDAMOS JUNTO AO PROPRIETÁRIO A POSSIBILIDADE DE ENTRAR COMO PARTE DO PAGAMENTO, BEM COMO, INDICAMOS ALTERNATIVAS DE FINANCIAMENTO QUE PODEM CHEGAR ATÉ 90% DO VALOR TOTAL DO IMÓVEL A SER ADQUIRIDO, CONSULTE-NOS.
--------------------------------------------------------------------------
MF16157 - Descricao antiga:SALA COMERCIAL, BANHEIRO SOCIAL, PREDIO C/ 4 ESPAÇOS DE MULTIMIDIA AUDITORIO, RECEPÇÃO, SEGURANÇA, VISTA PARA O GUAÍBA, EXCELENTE LOCALIZAÇÃO 
     
 - PARA FACILITAR SUA COMPRA, AVALIAMOS SEU IMÓVEL E ESTUDAMOS JUNTO AO PROPRIETÁRIO A POSSIBILIDADE DE ENTRAR COMO PARTE DO PAGAMENTO, BEM COMO, INDICAMOS ALTERNATIVAS DE FINANCIAMENTO QUE PODEM CHEGAR ATÉ 90% DO VALOR TOTAL DO IMÓVEL A SER ADQUIRIDO, CONSULTE-NOS.
--------------------------------------------------------------------------
MF16156 - Descricao antiga:SALA COMERCIAL, BANHEIRO SOCIAL, PREDIO C/ 4 ESPAÇOS DE MULTIMIDIA AUDITORIO, RECEPÇÃO, SEGURANÇA, VISTA PARA O GUAÍBA, EXCELENTE LOCALIZAÇÃO 
      
- PARA FACILITAR SUA COMPRA, AVALIAMOS SEU IMÓVEL E ESTUDAMOS JUNTO AO PROPRIETÁRIO A POSSIBILIDADE DE ENTRAR COMO PARTE DO PAGAMENTO, BEM COMO, INDICAMOS ALTERNATIVAS DE FINANCIAMENTO QUE PODEM CHEGAR ATÉ 90% DO VALOR TOTAL DO IMÓVEL A SER ADQUIRIDO, CONSULTE-NOS.
--------------------------------------------------------------------------
MF16150 - Descricao antiga:EMPREENDIMENTO DE STUDIOS RESIDENCIAIS COM EXCELENTE LOCALIZAÇÃO. PISCINA COM RAIA COBERTA, 2 SALÕES DE FESTAS COM PISTA DE DANÇA E VISTA PANORÂMICA, SALA DE JOGOS, FITNESS, TERRAÇO COM LOUNGE PANORÂMICO E CENTRAL DE SERVIÇOS PAY-PER-USE. PRÉDIO FUNCIONAL, ESTRUTURA DE APOIO COM UM HALL BOUTIQUE COM MAIS DE 30 OPÇÕES E LOJAS DE CONVENIÊNCIAS. ÚNICO EM PORTO ALEGRE A COMBINAR ESPAÇOS RESIDENCIAIS, COMERCIAIS E CORPORATIVOS.
  
   
- PARA FACILITAR SUA COMPRA, AVALIAMOS SEU IMÓVEL E ESTUDAMOS JUNTO AO PROPRIETÁRIO A POSSIBILIDADE DE ENTRAR COMO PARTE DO PAGAMENTO, BEM COMO, INDICAMOS ALTERNATIVAS DE FINANCIAMENTO QUE PODEM CHEGAR ATÉ 90% DO VALOR TOTAL DO IMÓVEL A SER ADQUIRIDO, CONSULTE-NOS.
--------------------------------------------------------------------------
MF16152 - Descricao antiga:SALA COMERCIAL, BANHEIRO SOCIAL, PREDIO C/ 4 ESPAÇOS DE MULTIMIDIA AUDITORIO, RECEPÇÃO, SEGURANÇA, VISTA PARA O GUAÍBA, EXCELENTE LOCALIZAÇÃO 

    
-PARA FACILITAR SUA COMPRA, AVALIAMOS E ESTUDAMOS JUNTO AO PROPRIETÁRIO A POSSIBILIDADE DE ENTRAR SEU IMÓVEL COMO PARTE DO PAGAMENTO, BEM COMO, INDICAMOS ALTERNATIVAS DE FINANCIAMENTO QUE PODEM CHEGAR ATÉ 90% DO VALOR TOTAL DO IMÓVEL A SER ADQUIRIDO, CONSULTE-NOS.
--------------------------------------------------------------------------
VR8970 - Descricao antiga:KITNET ÓTIMA LOCALIZAÇÃO, PRÓXIMO AO CENTRO, ÔNIBUS E TREM.
--------------------------------------------------------------------------
VR7462 - Descricao antiga:CASA DE ALVENARIA COM 3 DORMITORIOS SENDO 1 SUITE, GARAGEM, SALA DE ESTAR, CHURRASQUEIRA, SALA DE JANTAR, ALARME, AREA DE SERVIÇO, COZINHA, 2 BANHEIROS, CERCA ELETRICA
--------------------------------------------------------------------------
VR8938 - Descricao antiga:ÓTIMA ÁREA DE TERRAS COM TRÊS FRENTES EM BAIRRO NÓBRE, EXCELENTE LOCALIZAÇÃO PARA EMPREENDIMENTOS COMERCIAIS OU RESIDENCIAIS.AV LÚCIO BITENCOURT 40,33M² DE FRENTE, RUA OTAVIANO SILVEIRA 50,65M DE FRENTE E 8,00M² RUA ÁLVARES VEGAS, ÁREA TOTAL DE 10.938,00M².
--------------------------------------------------------------------------
MI7811 - Descricao antiga:LINDÍSSIMO sobrado de esquina, no Residencial Lagos de Nova Ipanema, 03 dormitórios com sacada e vista para um lago maravilhoso, sendo 01 suite com espera para banheira de hidromassagem, living 03 ambientes, ampla cozinha, churrasqueira e área de serviço com deck em madeira nobre, aberturas em sua totalidade sob medida em madeira nobre(Grápia), espera para ar condicionado split nos 3 dormitórios e living, água quente na cozinha, banheiros e lavabo, telhas americanas mescladas, extremo cuidado com impermeabilização, estruturas e acabamento, lindíssimas sancas em gesso decorado em todos os ambientes e dormitórios. Localização  privilegiada no Residencial Lagos de Nova Ipanema de esquina frente para o lago.  Residencial com total infra estrutura, planejado para oferecer bem-estar e tranquilidade a seus moradores, um ambicioso projeto formado por loteamentos residenciais e condomínios horizontais fechados. O residencial fica perto de todas as comodidades da zona sul de Porto Alegre, total infra - estrutura de altíssima qualidade, com pavimentação em blocos de concreto, esgoto cloacal e pluvial, praças recreativas e quadras poliesportivas. No centro de complexo ainda há uma praça arborizada com um lago natural, ideal para uma caminhada relaxante ao final da tarde ou para um chimarrão entre amigos.

--------------------------------------------------------------------------
NK14080 - Descricao antiga:Terreno de 11x95m. Possui casa construida em alvenaria. O terreno está situado na Av Quarai próximo a Av Nonoai.
--------------------------------------------------------------------------
VR5724 - Descricao antiga:Cobertura duplex no Rio Branco, com 3 dormitórios, suíte, piso porcelanato, semi mobiliada, com churrasqueira e lareira, um terraço com piscina e vista para a cidade, 2 vagas de garagem.
Ok para financiamento. 
Estuda proposta com imóvel.
--------------------------------------------------------------------------
VR9618 - Descricao antiga:APARTAMENTO DE DOIS DORMITÓRIOS, COZINHA AMERICANA E SACADA. PRÉDIO COM SALÃO DE FESTAS, PLAYGROUND, QUADRA POLIESPORTIVA E PORTARIA 24 HORAS. PRÓXIMO AO TRENSURB ESTAÇÃO UNISINOS E UNIVERSIDADE.

--------------------------------------------------------------------------
VR10722 - Descricao antiga:CASA DE ALVENARIA , COM 2 DORMITORIOS , SALA ESTAR E JANTAR, COZINHA, LAVANDERIA AMPLA COM CHURRASQUEIRA, GARAGEM, ANEXO COM 2 DORMITORIO, SALA E COZINHA INTEGRADOS, AREA DE SERVICO.
--------------------------------------------------------------------------
VR5032 - Descricao antiga:AMPLO APARTAMENTO 2 DORMITÓRIOS, SEMI MOBILIADO, SALA AMPLA ESTAR JANTAR, COZINHA AMERICANA, BANHEIRO AUXILIAR E BANHEIRO SOCIAL. PISO LAMINADO. ÓTIMA ILUMINAÇÃO E VENTILAÇÃO, VISTA PANORÂMICA.
--------------------------------------------------------------------------
VR10359 - Descricao antiga:SÃO DUAS CASAS EM UM TERRENO DE 188,40m² TOTAL, QUATRO DORMITÓRIOS, COM UM LOCAL COMERCIAL ALVENARIA. MURADOS E COM PORTÃO, GARAGEM, PODE ESTACIONAR DOIS CARROS EM CADA CASA.
--------------------------------------------------------------------------
VR10560 - Descricao antiga:CASA 2 DORMITÓRIOS, COZINHA, SALA DE JANTAR/ESTAR, CHURRASQUEIRA, LAVANDERIA, BANHEIRO AUXILIAR, GARAGEM PARA 2 CARROS, GRADEADA E MURADA.
--------------------------------------------------------------------------
VR7221 - Descricao antiga:CASA AMPLA COM 4 DORMITÓRIOS COM ENTRADA PARA 4 CARROS, PERTO DA ESTAÇÃO TRENSURB SÃO LEOPOLDO. RESIDENCIAL OU COMERCIAL.

--------------------------------------------------------------------------
MI7863 - Descricao antiga:EXCELENTE terreno comercial para vender na Otto Niemeyer próximo a Wenceslau Escobar com 11,00 x 119,00 de dimensões. Ótima localização.
--------------------------------------------------------------------------
VR6607 - Descricao antiga:ÓTIMO APARTAMENTO TERREO, COM DOIS DORMITORIOS, SALA DE ESTAR, JANTAR, COZINHA, AREA DE SERVIÇO, UMA VARANDA BEM GRANDE, GARAGEM PARA DOIS CARROS E DEPENDENDO DO CARRO PODE SER PARA TRÊS CARROS. BEM VENTILADO E COM UM PEQUENO PATIO.
--------------------------------------------------------------------------
MI7861 - Descricao antiga:EXCELENTE residência á venda no condomínio Altos do Lago em um terreno com dimensões de 20x30 com 3 dormitórios, sendo 1 suíte com closet, living amplo com 3 ambientes e lareira, cozinha americana, sacada, lavabo, banheiro social, sótão, dormitório de empregada, banheiro auxiliar, lavanderia, despensa, piscina aquecida, salão de festas completo com banheiro, pátio e garagem para 5 carros. Vale á pena conferir!
--------------------------------------------------------------------------
MI7890 - Descricao antiga:EXCELENTE residência à venda na Zona Sul de Porto Alegre, com 5 dormitórios, 3 suítes (sendo 1 master com closet e hidro), living 3 ambientes com lareira, lavabo, copa/cozinha, amplo pátio com quiosque santa fé (de aproximadamente 100m²) com churrasqueira, piscina, campo de futebol, vaga para 8 carros, imóvel diferenciado na melhor rua de Ipanema, próximo ao rio e a todos os recursos.
--------------------------------------------------------------------------
VR6874 - Descricao antiga:ÓTIMA CASA EM CONDOMÍNIO FECHADO, COM 2 DORMITÓRIOS SALA PARA AMBIENTES, COZINHA AMERICANA, LAVABO, CHURRASQUEIRA, PÁTIO, SEGURANÇA, MURADO, CERCA ELÉTRICA, COM VARANDA. BAIRRO SCHARLAU.
--------------------------------------------------------------------------
MI7820 - Descricao antiga:Excelente sobrado em condomínio semi mobiliado no bairro Ipanema, com 03 dormitórios sendo 01 suite com closet, living 02 ambientes, cozinha estilo americana, área de serviço, 01 vaga coberta e outra descoberta.
Bem localizado, próximo a todos os recursos do bairro.
--------------------------------------------------------------------------
VR6944 - Descricao antiga:EXCELENTE CASA DOIS DORMITÓRIOS, GARAGEM, TERRENO 300m², ÓTIMA LOCALIZAÇÃO PERTO DA AV. IMPERATRIZ E AV.FEITORIA, COM GESSO NA SALA, QUARTO E BANHEIRO.
--------------------------------------------------------------------------
CI17090 - Descricao antiga:No Coração do Moinhos de Vento,  apartamento de 3 dormitórios, sendo 1 suíte, todo reformado, uma vaga de garagem escriturada, vista definida, em frente a hidráulica.
--------------------------------------------------------------------------
MI7944 - Descricao antiga:EXCELENTE residência á venda na zona  sul de Porto Alegre com 2 dormitórios sendo 1 suite, opção para 3 dormitório, sala com pé direito duplo, acabamento em madeira, piso em porcelanato, copa/cozinha, churrasqueira, estacionamento com vaga para 2 carros.
--------------------------------------------------------------------------
VR8860 - Descricao antiga:APARTAMENTO AMPLO 83,43M2 PRIVATIVO,LIVING,SACADA GRANDE,2 DORMITÓRIOS,COZINHA COM MÓVEIS,BANHEIRO COM MÓVEIS,GARAGEM,PERTO DO SHOPPING.
--------------------------------------------------------------------------
VR6263 - Descricao antiga:CASA COM ÓTIMO TERRENO 19,50 X 22,50.
--------------------------------------------------------------------------
VR6647 - Descricao antiga:APARTAMENTO 3 DORMITÓRIOS, TÉRREO COM PÁTIO E GARAGEM. BOA LOCALIZAÇÃO.
--------------------------------------------------------------------------
VR5373 - Descricao antiga:APARTAMENTO PRÓXIMO AO TREM E AO SHOPPING.
--------------------------------------------------------------------------
